<start>
<functionCall><junit.tests.extensions.ActiveTestTest_-SuccessTest></junit.tests.extensions.ActiveTestTest_-SuccessTest><junit.framework.TestResult><fFailures></fFailures><fErrors></fErrors><fListeners></fListeners><fRunTests>0</fRunTests><fStop>false</fStop></junit.framework.TestResult></functionCall>
<functionCall><junit.tests.extensions.ActiveTestTest_-SuccessTest></junit.tests.extensions.ActiveTestTest_-SuccessTest><junit.framework.TestResult><fFailures></fFailures><fErrors></fErrors><fListeners></fListeners><fRunTests>1</fRunTests><fStop>false</fStop></junit.framework.TestResult></functionCall>
<functionCall><junit.tests.extensions.ActiveTestTest_-SuccessTest></junit.tests.extensions.ActiveTestTest_-SuccessTest><junit.framework.TestResult><fFailures></fFailures><fErrors></fErrors><fListeners></fListeners><fRunTests>2</fRunTests><fStop>false</fStop></junit.framework.TestResult></functionCall>
<functionCall><junit.tests.extensions.ActiveTestTest_-SuccessTest></junit.tests.extensions.ActiveTestTest_-SuccessTest><junit.framework.TestResult><fFailures></fFailures><fErrors></fErrors><fListeners></fListeners><fRunTests>3</fRunTests><fStop>false</fStop></junit.framework.TestResult></functionCall>
<functionCall><junit.tests.extensions.ActiveTestTest_-SuccessTest></junit.tests.extensions.ActiveTestTest_-SuccessTest><junit.framework.TestResult><fFailures></fFailures><fErrors></fErrors><fListeners></fListeners><fRunTests>4</fRunTests><fStop>false</fStop></junit.framework.TestResult></functionCall>
<functionCall><junit.tests.extensions.ActiveTestTest_-SuccessTest></junit.tests.extensions.ActiveTestTest_-SuccessTest><junit.framework.TestResult><fFailures></fFailures><fErrors></fErrors><fListeners></fListeners><fRunTests>5</fRunTests><fStop>false</fStop></junit.framework.TestResult></functionCall>
<functionCall><junit.tests.extensions.ActiveTestTest_-SuccessTest></junit.tests.extensions.ActiveTestTest_-SuccessTest><junit.framework.TestResult><fFailures></fFailures><fErrors></fErrors><fListeners></fListeners><fRunTests>6</fRunTests><fStop>false</fStop></junit.framework.TestResult></functionCall>
<functionCall><junit.tests.extensions.ActiveTestTest_-SuccessTest></junit.tests.extensions.ActiveTestTest_-SuccessTest><junit.framework.TestResult><fFailures></fFailures><fErrors></fErrors><fListeners></fListeners><fRunTests>7</fRunTests><fStop>false</fStop></junit.framework.TestResult></functionCall>
<functionCall><junit.tests.extensions.ActiveTestTest_-SuccessTest></junit.tests.extensions.ActiveTestTest_-SuccessTest><junit.framework.TestResult><fFailures></fFailures><fErrors></fErrors><fListeners></fListeners><fRunTests>8</fRunTests><fStop>false</fStop></junit.framework.TestResult></functionCall>
<functionCall><junit.tests.extensions.ActiveTestTest_-SuccessTest></junit.tests.extensions.ActiveTestTest_-SuccessTest><junit.framework.TestResult><fFailures></fFailures><fErrors></fErrors><fListeners></fListeners><fRunTests>9</fRunTests><fStop>false</fStop></junit.framework.TestResult></functionCall>
<functionCall><junit.tests.extensions.ActiveTestTest_-SuccessTest></junit.tests.extensions.ActiveTestTest_-SuccessTest><junit.framework.TestResult><fFailures></fFailures><fErrors></fErrors><fListeners></fListeners><fRunTests>10</fRunTests><fStop>false</fStop></junit.framework.TestResult></functionCall>
<functionCall><junit.tests.extensions.ActiveTestTest_-SuccessTest></junit.tests.extensions.ActiveTestTest_-SuccessTest><junit.framework.TestResult><fFailures></fFailures><fErrors></fErrors><fListeners></fListeners><fRunTests>11</fRunTests><fStop>false</fStop></junit.framework.TestResult></functionCall>
<functionCall><junit.tests.extensions.ActiveTestTest_-SuccessTest></junit.tests.extensions.ActiveTestTest_-SuccessTest><junit.framework.TestResult><fFailures></fFailures><fErrors></fErrors><fListeners></fListeners><fRunTests>12</fRunTests><fStop>false</fStop></junit.framework.TestResult></functionCall>
<functionCall><junit.tests.extensions.ActiveTestTest_-SuccessTest></junit.tests.extensions.ActiveTestTest_-SuccessTest><junit.framework.TestResult><fFailures></fFailures><fErrors></fErrors><fListeners></fListeners><fRunTests>13</fRunTests><fStop>false</fStop></junit.framework.TestResult></functionCall>
<functionCall><junit.tests.extensions.ActiveTestTest_-SuccessTest></junit.tests.extensions.ActiveTestTest_-SuccessTest><junit.framework.TestResult><fFailures></fFailures><fErrors></fErrors><fListeners></fListeners><fRunTests>14</fRunTests><fStop>false</fStop></junit.framework.TestResult></functionCall>
<functionCall><junit.tests.extensions.ActiveTestTest_-SuccessTest></junit.tests.extensions.ActiveTestTest_-SuccessTest><junit.framework.TestResult><fFailures></fFailures><fErrors></fErrors><fListeners></fListeners><fRunTests>15</fRunTests><fStop>false</fStop></junit.framework.TestResult></functionCall>
<functionCall><junit.tests.extensions.ActiveTestTest_-SuccessTest></junit.tests.extensions.ActiveTestTest_-SuccessTest><junit.framework.TestResult><fFailures></fFailures><fErrors></fErrors><fListeners></fListeners><fRunTests>16</fRunTests><fStop>false</fStop></junit.framework.TestResult></functionCall>
<functionCall><junit.tests.extensions.ActiveTestTest_-SuccessTest></junit.tests.extensions.ActiveTestTest_-SuccessTest><junit.framework.TestResult><fFailures></fFailures><fErrors></fErrors><fListeners></fListeners><fRunTests>17</fRunTests><fStop>false</fStop></junit.framework.TestResult></functionCall>
<functionCall><junit.tests.extensions.ActiveTestTest_-SuccessTest></junit.tests.extensions.ActiveTestTest_-SuccessTest><junit.framework.TestResult><fFailures></fFailures><fErrors></fErrors><fListeners></fListeners><fRunTests>18</fRunTests><fStop>false</fStop></junit.framework.TestResult></functionCall>
<functionCall><junit.tests.extensions.ActiveTestTest_-SuccessTest></junit.tests.extensions.ActiveTestTest_-SuccessTest><junit.framework.TestResult><fFailures></fFailures><fErrors></fErrors><fListeners></fListeners><fRunTests>19</fRunTests><fStop>false</fStop></junit.framework.TestResult></functionCall>
<functionCall><junit.tests.extensions.ActiveTestTest_-SuccessTest></junit.tests.extensions.ActiveTestTest_-SuccessTest><junit.framework.TestResult><fFailures></fFailures><fErrors></fErrors><fListeners></fListeners><fRunTests>20</fRunTests><fStop>false</fStop></junit.framework.TestResult></functionCall>
<functionCall><junit.tests.extensions.ActiveTestTest_-SuccessTest></junit.tests.extensions.ActiveTestTest_-SuccessTest><junit.framework.TestResult><fFailures></fFailures><fErrors></fErrors><fListeners></fListeners><fRunTests>21</fRunTests><fStop>false</fStop></junit.framework.TestResult></functionCall>
<functionCall><junit.tests.extensions.ActiveTestTest_-SuccessTest></junit.tests.extensions.ActiveTestTest_-SuccessTest><junit.framework.TestResult><fFailures></fFailures><fErrors></fErrors><fListeners></fListeners><fRunTests>22</fRunTests><fStop>false</fStop></junit.framework.TestResult></functionCall>
<functionCall><junit.tests.extensions.ActiveTestTest_-SuccessTest></junit.tests.extensions.ActiveTestTest_-SuccessTest><junit.framework.TestResult><fFailures></fFailures><fErrors></fErrors><fListeners></fListeners><fRunTests>23</fRunTests><fStop>false</fStop></junit.framework.TestResult></functionCall>
<functionCall><junit.tests.extensions.ActiveTestTest_-SuccessTest></junit.tests.extensions.ActiveTestTest_-SuccessTest><junit.framework.TestResult><fFailures></fFailures><fErrors></fErrors><fListeners></fListeners><fRunTests>24</fRunTests><fStop>false</fStop></junit.framework.TestResult></functionCall>
<functionCall><junit.tests.extensions.ActiveTestTest_-SuccessTest></junit.tests.extensions.ActiveTestTest_-SuccessTest><junit.framework.TestResult><fFailures></fFailures><fErrors></fErrors><fListeners></fListeners><fRunTests>25</fRunTests><fStop>false</fStop></junit.framework.TestResult></functionCall>
<functionCall><junit.tests.extensions.ActiveTestTest_-SuccessTest></junit.tests.extensions.ActiveTestTest_-SuccessTest><junit.framework.TestResult><fFailures></fFailures><fErrors></fErrors><fListeners></fListeners><fRunTests>26</fRunTests><fStop>false</fStop></junit.framework.TestResult></functionCall>
<functionCall><junit.tests.extensions.ActiveTestTest_-SuccessTest></junit.tests.extensions.ActiveTestTest_-SuccessTest><junit.framework.TestResult><fFailures></fFailures><fErrors></fErrors><fListeners></fListeners><fRunTests>27</fRunTests><fStop>false</fStop></junit.framework.TestResult></functionCall>
<functionCall><junit.tests.extensions.ActiveTestTest_-SuccessTest></junit.tests.extensions.ActiveTestTest_-SuccessTest><junit.framework.TestResult><fFailures></fFailures><fErrors></fErrors><fListeners></fListeners><fRunTests>28</fRunTests><fStop>false</fStop></junit.framework.TestResult></functionCall>
<functionCall><junit.tests.extensions.ActiveTestTest_-SuccessTest></junit.tests.extensions.ActiveTestTest_-SuccessTest><junit.framework.TestResult><fFailures></fFailures><fErrors></fErrors><fListeners></fListeners><fRunTests>29</fRunTests><fStop>false</fStop></junit.framework.TestResult></functionCall>
<functionCall><junit.tests.extensions.ActiveTestTest_-SuccessTest></junit.tests.extensions.ActiveTestTest_-SuccessTest><junit.framework.TestResult><fFailures></fFailures><fErrors></fErrors><fListeners></fListeners><fRunTests>30</fRunTests><fStop>false</fStop></junit.framework.TestResult></functionCall>
<functionCall><junit.tests.extensions.ActiveTestTest_-SuccessTest></junit.tests.extensions.ActiveTestTest_-SuccessTest><junit.framework.TestResult><fFailures></fFailures><fErrors></fErrors><fListeners></fListeners><fRunTests>31</fRunTests><fStop>false</fStop></junit.framework.TestResult></functionCall>
<functionCall><junit.tests.extensions.ActiveTestTest_-SuccessTest></junit.tests.extensions.ActiveTestTest_-SuccessTest><junit.framework.TestResult><fFailures></fFailures><fErrors></fErrors><fListeners></fListeners><fRunTests>32</fRunTests><fStop>false</fStop></junit.framework.TestResult></functionCall>
<functionCall><junit.tests.extensions.ActiveTestTest_-SuccessTest></junit.tests.extensions.ActiveTestTest_-SuccessTest><junit.framework.TestResult><fFailures></fFailures><fErrors></fErrors><fListeners></fListeners><fRunTests>33</fRunTests><fStop>false</fStop></junit.framework.TestResult></functionCall>
<functionCall><junit.tests.extensions.ActiveTestTest_-SuccessTest></junit.tests.extensions.ActiveTestTest_-SuccessTest><junit.framework.TestResult><fFailures></fFailures><fErrors></fErrors><fListeners></fListeners><fRunTests>34</fRunTests><fStop>false</fStop></junit.framework.TestResult></functionCall>
<functionCall><junit.tests.extensions.ActiveTestTest_-SuccessTest></junit.tests.extensions.ActiveTestTest_-SuccessTest><junit.framework.TestResult><fFailures></fFailures><fErrors></fErrors><fListeners></fListeners><fRunTests>35</fRunTests><fStop>false</fStop></junit.framework.TestResult></functionCall>
<functionCall><junit.tests.extensions.ActiveTestTest_-SuccessTest></junit.tests.extensions.ActiveTestTest_-SuccessTest><junit.framework.TestResult><fFailures></fFailures><fErrors></fErrors><fListeners></fListeners><fRunTests>36</fRunTests><fStop>false</fStop></junit.framework.TestResult></functionCall>
<functionCall><junit.tests.extensions.ActiveTestTest_-SuccessTest></junit.tests.extensions.ActiveTestTest_-SuccessTest><junit.framework.TestResult><fFailures></fFailures><fErrors></fErrors><fListeners></fListeners><fRunTests>37</fRunTests><fStop>false</fStop></junit.framework.TestResult></functionCall>
<functionCall><junit.tests.extensions.ActiveTestTest_-SuccessTest></junit.tests.extensions.ActiveTestTest_-SuccessTest><junit.framework.TestResult><fFailures></fFailures><fErrors></fErrors><fListeners></fListeners><fRunTests>38</fRunTests><fStop>false</fStop></junit.framework.TestResult></functionCall>
<functionCall><junit.tests.extensions.ActiveTestTest_-SuccessTest></junit.tests.extensions.ActiveTestTest_-SuccessTest><junit.framework.TestResult><fFailures></fFailures><fErrors></fErrors><fListeners></fListeners><fRunTests>39</fRunTests><fStop>false</fStop></junit.framework.TestResult></functionCall>
<functionCall><junit.tests.extensions.ActiveTestTest_-SuccessTest></junit.tests.extensions.ActiveTestTest_-SuccessTest><junit.framework.TestResult><fFailures></fFailures><fErrors></fErrors><fListeners></fListeners><fRunTests>40</fRunTests><fStop>false</fStop></junit.framework.TestResult></functionCall>
<functionCall><junit.tests.extensions.ActiveTestTest_-SuccessTest></junit.tests.extensions.ActiveTestTest_-SuccessTest><junit.framework.TestResult><fFailures></fFailures><fErrors></fErrors><fListeners></fListeners><fRunTests>41</fRunTests><fStop>false</fStop></junit.framework.TestResult></functionCall>
<functionCall><junit.tests.extensions.ActiveTestTest_-SuccessTest></junit.tests.extensions.ActiveTestTest_-SuccessTest><junit.framework.TestResult><fFailures></fFailures><fErrors></fErrors><fListeners></fListeners><fRunTests>42</fRunTests><fStop>false</fStop></junit.framework.TestResult></functionCall>
<functionCall><junit.tests.extensions.ActiveTestTest_-SuccessTest></junit.tests.extensions.ActiveTestTest_-SuccessTest><junit.framework.TestResult><fFailures></fFailures><fErrors></fErrors><fListeners></fListeners><fRunTests>43</fRunTests><fStop>false</fStop></junit.framework.TestResult></functionCall>
<functionCall><junit.tests.extensions.ActiveTestTest_-SuccessTest></junit.tests.extensions.ActiveTestTest_-SuccessTest><junit.framework.TestResult><fFailures></fFailures><fErrors></fErrors><fListeners></fListeners><fRunTests>44</fRunTests><fStop>false</fStop></junit.framework.TestResult></functionCall>
<functionCall><junit.tests.extensions.ActiveTestTest_-SuccessTest></junit.tests.extensions.ActiveTestTest_-SuccessTest><junit.framework.TestResult><fFailures></fFailures><fErrors></fErrors><fListeners></fListeners><fRunTests>45</fRunTests><fStop>false</fStop></junit.framework.TestResult></functionCall>
<functionCall><junit.tests.extensions.ActiveTestTest_-SuccessTest></junit.tests.extensions.ActiveTestTest_-SuccessTest><junit.framework.TestResult><fFailures></fFailures><fErrors></fErrors><fListeners></fListeners><fRunTests>46</fRunTests><fStop>false</fStop></junit.framework.TestResult></functionCall>
<functionCall><junit.tests.extensions.ActiveTestTest_-SuccessTest></junit.tests.extensions.ActiveTestTest_-SuccessTest><junit.framework.TestResult><fFailures></fFailures><fErrors></fErrors><fListeners></fListeners><fRunTests>47</fRunTests><fStop>false</fStop></junit.framework.TestResult></functionCall>
<functionCall><junit.tests.extensions.ActiveTestTest_-SuccessTest></junit.tests.extensions.ActiveTestTest_-SuccessTest><junit.framework.TestResult><fFailures></fFailures><fErrors></fErrors><fListeners></fListeners><fRunTests>48</fRunTests><fStop>false</fStop></junit.framework.TestResult></functionCall>
<functionCall><junit.tests.extensions.ActiveTestTest_-SuccessTest></junit.tests.extensions.ActiveTestTest_-SuccessTest><junit.framework.TestResult><fFailures></fFailures><fErrors></fErrors><fListeners></fListeners><fRunTests>49</fRunTests><fStop>false</fStop></junit.framework.TestResult></functionCall>
<functionCall><junit.tests.extensions.ActiveTestTest_-SuccessTest></junit.tests.extensions.ActiveTestTest_-SuccessTest><junit.framework.TestResult><fFailures></fFailures><fErrors></fErrors><fListeners></fListeners><fRunTests>50</fRunTests><fStop>false</fStop></junit.framework.TestResult></functionCall>
<functionCall><junit.tests.extensions.ActiveTestTest_-SuccessTest></junit.tests.extensions.ActiveTestTest_-SuccessTest><junit.framework.TestResult><fFailures></fFailures><fErrors></fErrors><fListeners></fListeners><fRunTests>51</fRunTests><fStop>false</fStop></junit.framework.TestResult></functionCall>
<functionCall><junit.tests.extensions.ActiveTestTest_-SuccessTest></junit.tests.extensions.ActiveTestTest_-SuccessTest><junit.framework.TestResult><fFailures></fFailures><fErrors></fErrors><fListeners></fListeners><fRunTests>52</fRunTests><fStop>false</fStop></junit.framework.TestResult></functionCall>
<functionCall><junit.tests.extensions.ActiveTestTest_-SuccessTest></junit.tests.extensions.ActiveTestTest_-SuccessTest><junit.framework.TestResult><fFailures></fFailures><fErrors></fErrors><fListeners></fListeners><fRunTests>53</fRunTests><fStop>false</fStop></junit.framework.TestResult></functionCall>
<functionCall><junit.tests.extensions.ActiveTestTest_-SuccessTest></junit.tests.extensions.ActiveTestTest_-SuccessTest><junit.framework.TestResult><fFailures></fFailures><fErrors></fErrors><fListeners></fListeners><fRunTests>54</fRunTests><fStop>false</fStop></junit.framework.TestResult></functionCall>
<functionCall><junit.tests.extensions.ActiveTestTest_-SuccessTest></junit.tests.extensions.ActiveTestTest_-SuccessTest><junit.framework.TestResult><fFailures></fFailures><fErrors></fErrors><fListeners></fListeners><fRunTests>55</fRunTests><fStop>false</fStop></junit.framework.TestResult></functionCall>
<functionCall><junit.tests.extensions.ActiveTestTest_-SuccessTest></junit.tests.extensions.ActiveTestTest_-SuccessTest><junit.framework.TestResult><fFailures></fFailures><fErrors></fErrors><fListeners></fListeners><fRunTests>56</fRunTests><fStop>false</fStop></junit.framework.TestResult></functionCall>
<functionCall><junit.tests.extensions.ActiveTestTest_-SuccessTest></junit.tests.extensions.ActiveTestTest_-SuccessTest><junit.framework.TestResult><fFailures></fFailures><fErrors></fErrors><fListeners></fListeners><fRunTests>57</fRunTests><fStop>false</fStop></junit.framework.TestResult></functionCall>
<functionCall><junit.tests.extensions.ActiveTestTest_-SuccessTest></junit.tests.extensions.ActiveTestTest_-SuccessTest><junit.framework.TestResult><fFailures></fFailures><fErrors></fErrors><fListeners></fListeners><fRunTests>58</fRunTests><fStop>false</fStop></junit.framework.TestResult></functionCall>
<functionCall><junit.tests.extensions.ActiveTestTest_-SuccessTest></junit.tests.extensions.ActiveTestTest_-SuccessTest><junit.framework.TestResult><fFailures></fFailures><fErrors></fErrors><fListeners></fListeners><fRunTests>59</fRunTests><fStop>false</fStop></junit.framework.TestResult></functionCall>
<functionCall><junit.tests.extensions.ActiveTestTest_-SuccessTest></junit.tests.extensions.ActiveTestTest_-SuccessTest><junit.framework.TestResult><fFailures></fFailures><fErrors></fErrors><fListeners></fListeners><fRunTests>60</fRunTests><fStop>false</fStop></junit.framework.TestResult></functionCall>
<functionCall><junit.tests.extensions.ActiveTestTest_-SuccessTest></junit.tests.extensions.ActiveTestTest_-SuccessTest><junit.framework.TestResult><fFailures></fFailures><fErrors></fErrors><fListeners></fListeners><fRunTests>61</fRunTests><fStop>false</fStop></junit.framework.TestResult></functionCall>
<functionCall><junit.tests.extensions.ActiveTestTest_-SuccessTest></junit.tests.extensions.ActiveTestTest_-SuccessTest><junit.framework.TestResult><fFailures></fFailures><fErrors></fErrors><fListeners></fListeners><fRunTests>62</fRunTests><fStop>false</fStop></junit.framework.TestResult></functionCall>
<functionCall><junit.tests.extensions.ActiveTestTest_-SuccessTest></junit.tests.extensions.ActiveTestTest_-SuccessTest><junit.framework.TestResult><fFailures></fFailures><fErrors></fErrors><fListeners></fListeners><fRunTests>63</fRunTests><fStop>false</fStop></junit.framework.TestResult></functionCall>
<functionCall><junit.tests.extensions.ActiveTestTest_-SuccessTest></junit.tests.extensions.ActiveTestTest_-SuccessTest><junit.framework.TestResult><fFailures></fFailures><fErrors></fErrors><fListeners></fListeners><fRunTests>64</fRunTests><fStop>false</fStop></junit.framework.TestResult></functionCall>
<functionCall><junit.tests.extensions.ActiveTestTest_-SuccessTest></junit.tests.extensions.ActiveTestTest_-SuccessTest><junit.framework.TestResult><fFailures></fFailures><fErrors></fErrors><fListeners></fListeners><fRunTests>65</fRunTests><fStop>false</fStop></junit.framework.TestResult></functionCall>
<functionCall><junit.tests.extensions.ActiveTestTest_-SuccessTest></junit.tests.extensions.ActiveTestTest_-SuccessTest><junit.framework.TestResult><fFailures></fFailures><fErrors></fErrors><fListeners></fListeners><fRunTests>66</fRunTests><fStop>false</fStop></junit.framework.TestResult></functionCall>
<functionCall><junit.tests.extensions.ActiveTestTest_-SuccessTest></junit.tests.extensions.ActiveTestTest_-SuccessTest><junit.framework.TestResult><fFailures></fFailures><fErrors></fErrors><fListeners></fListeners><fRunTests>67</fRunTests><fStop>false</fStop></junit.framework.TestResult></functionCall>
<functionCall><junit.tests.extensions.ActiveTestTest_-SuccessTest></junit.tests.extensions.ActiveTestTest_-SuccessTest><junit.framework.TestResult><fFailures></fFailures><fErrors></fErrors><fListeners></fListeners><fRunTests>68</fRunTests><fStop>false</fStop></junit.framework.TestResult></functionCall>
<functionCall><junit.tests.extensions.ActiveTestTest_-SuccessTest></junit.tests.extensions.ActiveTestTest_-SuccessTest><junit.framework.TestResult><fFailures></fFailures><fErrors></fErrors><fListeners></fListeners><fRunTests>69</fRunTests><fStop>false</fStop></junit.framework.TestResult></functionCall>
<functionCall><junit.tests.extensions.ActiveTestTest_-SuccessTest></junit.tests.extensions.ActiveTestTest_-SuccessTest><junit.framework.TestResult><fFailures></fFailures><fErrors></fErrors><fListeners></fListeners><fRunTests>70</fRunTests><fStop>false</fStop></junit.framework.TestResult></functionCall>
<functionCall><junit.tests.extensions.ActiveTestTest_-SuccessTest></junit.tests.extensions.ActiveTestTest_-SuccessTest><junit.framework.TestResult><fFailures></fFailures><fErrors></fErrors><fListeners></fListeners><fRunTests>71</fRunTests><fStop>false</fStop></junit.framework.TestResult></functionCall>
<functionCall><junit.tests.extensions.ActiveTestTest_-SuccessTest></junit.tests.extensions.ActiveTestTest_-SuccessTest><junit.framework.TestResult><fFailures></fFailures><fErrors></fErrors><fListeners></fListeners><fRunTests>72</fRunTests><fStop>false</fStop></junit.framework.TestResult></functionCall>
<functionCall><junit.tests.extensions.ActiveTestTest_-SuccessTest></junit.tests.extensions.ActiveTestTest_-SuccessTest><junit.framework.TestResult><fFailures></fFailures><fErrors></fErrors><fListeners></fListeners><fRunTests>73</fRunTests><fStop>false</fStop></junit.framework.TestResult></functionCall>
<functionCall><junit.tests.extensions.ActiveTestTest_-SuccessTest></junit.tests.extensions.ActiveTestTest_-SuccessTest><junit.framework.TestResult><fFailures></fFailures><fErrors></fErrors><fListeners></fListeners><fRunTests>74</fRunTests><fStop>false</fStop></junit.framework.TestResult></functionCall>
<functionCall><junit.tests.extensions.ActiveTestTest_-SuccessTest></junit.tests.extensions.ActiveTestTest_-SuccessTest><junit.framework.TestResult><fFailures></fFailures><fErrors></fErrors><fListeners></fListeners><fRunTests>75</fRunTests><fStop>false</fStop></junit.framework.TestResult></functionCall>
<functionCall><junit.tests.extensions.ActiveTestTest_-SuccessTest></junit.tests.extensions.ActiveTestTest_-SuccessTest><junit.framework.TestResult><fFailures></fFailures><fErrors></fErrors><fListeners></fListeners><fRunTests>76</fRunTests><fStop>false</fStop></junit.framework.TestResult></functionCall>
<functionCall><junit.tests.extensions.ActiveTestTest_-SuccessTest></junit.tests.extensions.ActiveTestTest_-SuccessTest><junit.framework.TestResult><fFailures></fFailures><fErrors></fErrors><fListeners></fListeners><fRunTests>77</fRunTests><fStop>false</fStop></junit.framework.TestResult></functionCall>
<functionCall><junit.tests.extensions.ActiveTestTest_-SuccessTest></junit.tests.extensions.ActiveTestTest_-SuccessTest><junit.framework.TestResult><fFailures></fFailures><fErrors></fErrors><fListeners></fListeners><fRunTests>78</fRunTests><fStop>false</fStop></junit.framework.TestResult></functionCall>
<functionCall><junit.tests.extensions.ActiveTestTest_-SuccessTest></junit.tests.extensions.ActiveTestTest_-SuccessTest><junit.framework.TestResult><fFailures></fFailures><fErrors></fErrors><fListeners></fListeners><fRunTests>79</fRunTests><fStop>false</fStop></junit.framework.TestResult></functionCall>
<functionCall><junit.tests.extensions.ActiveTestTest_-SuccessTest></junit.tests.extensions.ActiveTestTest_-SuccessTest><junit.framework.TestResult><fFailures></fFailures><fErrors></fErrors><fListeners></fListeners><fRunTests>80</fRunTests><fStop>false</fStop></junit.framework.TestResult></functionCall>
<functionCall><junit.tests.extensions.ActiveTestTest_-SuccessTest></junit.tests.extensions.ActiveTestTest_-SuccessTest><junit.framework.TestResult><fFailures></fFailures><fErrors></fErrors><fListeners></fListeners><fRunTests>81</fRunTests><fStop>false</fStop></junit.framework.TestResult></functionCall>
<functionCall><junit.tests.extensions.ActiveTestTest_-SuccessTest></junit.tests.extensions.ActiveTestTest_-SuccessTest><junit.framework.TestResult><fFailures></fFailures><fErrors></fErrors><fListeners></fListeners><fRunTests>82</fRunTests><fStop>false</fStop></junit.framework.TestResult></functionCall>
<functionCall><junit.tests.extensions.ActiveTestTest_-SuccessTest></junit.tests.extensions.ActiveTestTest_-SuccessTest><junit.framework.TestResult><fFailures></fFailures><fErrors></fErrors><fListeners></fListeners><fRunTests>83</fRunTests><fStop>false</fStop></junit.framework.TestResult></functionCall>
<functionCall><junit.tests.extensions.ActiveTestTest_-SuccessTest></junit.tests.extensions.ActiveTestTest_-SuccessTest><junit.framework.TestResult><fFailures></fFailures><fErrors></fErrors><fListeners></fListeners><fRunTests>84</fRunTests><fStop>false</fStop></junit.framework.TestResult></functionCall>
<functionCall><junit.tests.extensions.ActiveTestTest_-SuccessTest></junit.tests.extensions.ActiveTestTest_-SuccessTest><junit.framework.TestResult><fFailures></fFailures><fErrors></fErrors><fListeners></fListeners><fRunTests>85</fRunTests><fStop>false</fStop></junit.framework.TestResult></functionCall>
<functionCall><junit.tests.extensions.ActiveTestTest_-SuccessTest></junit.tests.extensions.ActiveTestTest_-SuccessTest><junit.framework.TestResult><fFailures></fFailures><fErrors></fErrors><fListeners></fListeners><fRunTests>86</fRunTests><fStop>false</fStop></junit.framework.TestResult></functionCall>
<functionCall><junit.tests.extensions.ActiveTestTest_-SuccessTest></junit.tests.extensions.ActiveTestTest_-SuccessTest><junit.framework.TestResult><fFailures></fFailures><fErrors></fErrors><fListeners></fListeners><fRunTests>87</fRunTests><fStop>false</fStop></junit.framework.TestResult></functionCall>
<functionCall><junit.tests.extensions.ActiveTestTest_-SuccessTest></junit.tests.extensions.ActiveTestTest_-SuccessTest><junit.framework.TestResult><fFailures></fFailures><fErrors></fErrors><fListeners></fListeners><fRunTests>88</fRunTests><fStop>false</fStop></junit.framework.TestResult></functionCall>
<functionCall><junit.tests.extensions.ActiveTestTest_-SuccessTest></junit.tests.extensions.ActiveTestTest_-SuccessTest><junit.framework.TestResult><fFailures></fFailures><fErrors></fErrors><fListeners></fListeners><fRunTests>89</fRunTests><fStop>false</fStop></junit.framework.TestResult></functionCall>
<functionCall><junit.tests.extensions.ActiveTestTest_-SuccessTest></junit.tests.extensions.ActiveTestTest_-SuccessTest><junit.framework.TestResult><fFailures></fFailures><fErrors></fErrors><fListeners></fListeners><fRunTests>90</fRunTests><fStop>false</fStop></junit.framework.TestResult></functionCall>
<functionCall><junit.tests.extensions.ActiveTestTest_-SuccessTest></junit.tests.extensions.ActiveTestTest_-SuccessTest><junit.framework.TestResult><fFailures></fFailures><fErrors></fErrors><fListeners></fListeners><fRunTests>91</fRunTests><fStop>false</fStop></junit.framework.TestResult></functionCall>
<functionCall><junit.tests.extensions.ActiveTestTest_-SuccessTest></junit.tests.extensions.ActiveTestTest_-SuccessTest><junit.framework.TestResult><fFailures></fFailures><fErrors></fErrors><fListeners></fListeners><fRunTests>92</fRunTests><fStop>false</fStop></junit.framework.TestResult></functionCall>
<functionCall><junit.tests.extensions.ActiveTestTest_-SuccessTest></junit.tests.extensions.ActiveTestTest_-SuccessTest><junit.framework.TestResult><fFailures></fFailures><fErrors></fErrors><fListeners></fListeners><fRunTests>93</fRunTests><fStop>false</fStop></junit.framework.TestResult></functionCall>
<functionCall><junit.tests.extensions.ActiveTestTest_-SuccessTest></junit.tests.extensions.ActiveTestTest_-SuccessTest><junit.framework.TestResult><fFailures></fFailures><fErrors></fErrors><fListeners></fListeners><fRunTests>94</fRunTests><fStop>false</fStop></junit.framework.TestResult></functionCall>
<functionCall><junit.tests.extensions.ActiveTestTest_-SuccessTest></junit.tests.extensions.ActiveTestTest_-SuccessTest><junit.framework.TestResult><fFailures></fFailures><fErrors></fErrors><fListeners></fListeners><fRunTests>95</fRunTests><fStop>false</fStop></junit.framework.TestResult></functionCall>
<functionCall><junit.tests.extensions.ActiveTestTest_-SuccessTest></junit.tests.extensions.ActiveTestTest_-SuccessTest><junit.framework.TestResult><fFailures></fFailures><fErrors></fErrors><fListeners></fListeners><fRunTests>96</fRunTests><fStop>false</fStop></junit.framework.TestResult></functionCall>
<functionCall><junit.tests.extensions.ActiveTestTest_-SuccessTest></junit.tests.extensions.ActiveTestTest_-SuccessTest><junit.framework.TestResult><fFailures></fFailures><fErrors></fErrors><fListeners></fListeners><fRunTests>97</fRunTests><fStop>false</fStop></junit.framework.TestResult></functionCall>
<functionCall><junit.tests.extensions.ActiveTestTest_-SuccessTest></junit.tests.extensions.ActiveTestTest_-SuccessTest><junit.framework.TestResult><fFailures></fFailures><fErrors></fErrors><fListeners></fListeners><fRunTests>98</fRunTests><fStop>false</fStop></junit.framework.TestResult></functionCall>
<functionCall><junit.tests.extensions.ActiveTestTest_-SuccessTest></junit.tests.extensions.ActiveTestTest_-SuccessTest><junit.framework.TestResult><fFailures></fFailures><fErrors></fErrors><fListeners></fListeners><fRunTests>99</fRunTests><fStop>false</fStop></junit.framework.TestResult></functionCall>
<functionCall><junit.tests.extensions.ActiveTestTest_-SuccessTest></junit.tests.extensions.ActiveTestTest_-SuccessTest><junit.framework.TestResult><fFailures></fFailures><fErrors></fErrors><fListeners></fListeners><fRunTests>0</fRunTests><fStop>false</fStop></junit.framework.TestResult></functionCall>
<functionCall><junit.tests.extensions.ActiveTestTest_-SuccessTest></junit.tests.extensions.ActiveTestTest_-SuccessTest><junit.framework.TestResult><fFailures></fFailures><fErrors></fErrors><fListeners></fListeners><fRunTests>1</fRunTests><fStop>false</fStop></junit.framework.TestResult></functionCall>
<functionCall><junit.tests.extensions.ActiveTestTest_-SuccessTest></junit.tests.extensions.ActiveTestTest_-SuccessTest><junit.framework.TestResult><fFailures></fFailures><fErrors></fErrors><fListeners></fListeners><fRunTests>2</fRunTests><fStop>false</fStop></junit.framework.TestResult></functionCall>
<functionCall><junit.tests.extensions.ActiveTestTest_-SuccessTest></junit.tests.extensions.ActiveTestTest_-SuccessTest><junit.framework.TestResult><fFailures></fFailures><fErrors></fErrors><fListeners></fListeners><fRunTests>3</fRunTests><fStop>false</fStop></junit.framework.TestResult></functionCall>
<functionCall><junit.tests.extensions.ActiveTestTest_-SuccessTest></junit.tests.extensions.ActiveTestTest_-SuccessTest><junit.framework.TestResult><fFailures></fFailures><fErrors></fErrors><fListeners></fListeners><fRunTests>4</fRunTests><fStop>false</fStop></junit.framework.TestResult></functionCall>
<functionCall><junit.tests.extensions.ActiveTestTest_-SuccessTest></junit.tests.extensions.ActiveTestTest_-SuccessTest><junit.framework.TestResult><fFailures></fFailures><fErrors></fErrors><fListeners></fListeners><fRunTests>5</fRunTests><fStop>false</fStop></junit.framework.TestResult></functionCall>
<functionCall><junit.tests.extensions.ActiveTestTest_-SuccessTest></junit.tests.extensions.ActiveTestTest_-SuccessTest><junit.framework.TestResult><fFailures></fFailures><fErrors></fErrors><fListeners></fListeners><fRunTests>6</fRunTests><fStop>false</fStop></junit.framework.TestResult></functionCall>
<functionCall><junit.tests.extensions.ActiveTestTest_-SuccessTest></junit.tests.extensions.ActiveTestTest_-SuccessTest><junit.framework.TestResult><fFailures></fFailures><fErrors></fErrors><fListeners></fListeners><fRunTests>7</fRunTests><fStop>false</fStop></junit.framework.TestResult></functionCall>
<functionCall><junit.tests.extensions.ActiveTestTest_-SuccessTest></junit.tests.extensions.ActiveTestTest_-SuccessTest><junit.framework.TestResult><fFailures></fFailures><fErrors></fErrors><fListeners></fListeners><fRunTests>8</fRunTests><fStop>false</fStop></junit.framework.TestResult></functionCall>
<functionCall><junit.tests.extensions.ActiveTestTest_-SuccessTest></junit.tests.extensions.ActiveTestTest_-SuccessTest><junit.framework.TestResult><fFailures></fFailures><fErrors></fErrors><fListeners></fListeners><fRunTests>9</fRunTests><fStop>false</fStop></junit.framework.TestResult></functionCall>
<functionCall><junit.tests.extensions.ActiveTestTest_-SuccessTest></junit.tests.extensions.ActiveTestTest_-SuccessTest><junit.framework.TestResult><fFailures></fFailures><fErrors></fErrors><fListeners></fListeners><fRunTests>10</fRunTests><fStop>false</fStop></junit.framework.TestResult></functionCall>
<functionCall><junit.tests.extensions.ActiveTestTest_-SuccessTest></junit.tests.extensions.ActiveTestTest_-SuccessTest><junit.framework.TestResult><fFailures></fFailures><fErrors></fErrors><fListeners></fListeners><fRunTests>11</fRunTests><fStop>false</fStop></junit.framework.TestResult></functionCall>
<functionCall><junit.tests.extensions.ActiveTestTest_-SuccessTest></junit.tests.extensions.ActiveTestTest_-SuccessTest><junit.framework.TestResult><fFailures></fFailures><fErrors></fErrors><fListeners></fListeners><fRunTests>12</fRunTests><fStop>false</fStop></junit.framework.TestResult></functionCall>
<functionCall><junit.tests.extensions.ActiveTestTest_-SuccessTest></junit.tests.extensions.ActiveTestTest_-SuccessTest><junit.framework.TestResult><fFailures></fFailures><fErrors></fErrors><fListeners></fListeners><fRunTests>13</fRunTests><fStop>false</fStop></junit.framework.TestResult></functionCall>
<functionCall><junit.tests.extensions.ActiveTestTest_-SuccessTest></junit.tests.extensions.ActiveTestTest_-SuccessTest><junit.framework.TestResult><fFailures></fFailures><fErrors></fErrors><fListeners></fListeners><fRunTests>14</fRunTests><fStop>false</fStop></junit.framework.TestResult></functionCall>
<functionCall><junit.tests.extensions.ActiveTestTest_-SuccessTest></junit.tests.extensions.ActiveTestTest_-SuccessTest><junit.framework.TestResult><fFailures></fFailures><fErrors></fErrors><fListeners></fListeners><fRunTests>15</fRunTests><fStop>false</fStop></junit.framework.TestResult></functionCall>
<functionCall><junit.tests.extensions.ActiveTestTest_-SuccessTest></junit.tests.extensions.ActiveTestTest_-SuccessTest><junit.framework.TestResult><fFailures></fFailures><fErrors></fErrors><fListeners></fListeners><fRunTests>16</fRunTests><fStop>false</fStop></junit.framework.TestResult></functionCall>
<functionCall><junit.tests.extensions.ActiveTestTest_-SuccessTest></junit.tests.extensions.ActiveTestTest_-SuccessTest><junit.framework.TestResult><fFailures></fFailures><fErrors></fErrors><fListeners></fListeners><fRunTests>17</fRunTests><fStop>false</fStop></junit.framework.TestResult></functionCall>
<functionCall><junit.tests.extensions.ActiveTestTest_-SuccessTest></junit.tests.extensions.ActiveTestTest_-SuccessTest><junit.framework.TestResult><fFailures></fFailures><fErrors></fErrors><fListeners></fListeners><fRunTests>18</fRunTests><fStop>false</fStop></junit.framework.TestResult></functionCall>
<functionCall><junit.tests.extensions.ActiveTestTest_-SuccessTest></junit.tests.extensions.ActiveTestTest_-SuccessTest><junit.framework.TestResult><fFailures></fFailures><fErrors></fErrors><fListeners></fListeners><fRunTests>19</fRunTests><fStop>false</fStop></junit.framework.TestResult></functionCall>
<functionCall><junit.tests.extensions.ActiveTestTest_-SuccessTest></junit.tests.extensions.ActiveTestTest_-SuccessTest><junit.framework.TestResult><fFailures></fFailures><fErrors></fErrors><fListeners></fListeners><fRunTests>20</fRunTests><fStop>false</fStop></junit.framework.TestResult></functionCall>
<functionCall><junit.tests.extensions.ActiveTestTest_-SuccessTest></junit.tests.extensions.ActiveTestTest_-SuccessTest><junit.framework.TestResult><fFailures></fFailures><fErrors></fErrors><fListeners></fListeners><fRunTests>21</fRunTests><fStop>false</fStop></junit.framework.TestResult></functionCall>
<functionCall><junit.tests.extensions.ActiveTestTest_-SuccessTest></junit.tests.extensions.ActiveTestTest_-SuccessTest><junit.framework.TestResult><fFailures></fFailures><fErrors></fErrors><fListeners></fListeners><fRunTests>22</fRunTests><fStop>false</fStop></junit.framework.TestResult></functionCall>
<functionCall><junit.tests.extensions.ActiveTestTest_-SuccessTest></junit.tests.extensions.ActiveTestTest_-SuccessTest><junit.framework.TestResult><fFailures></fFailures><fErrors></fErrors><fListeners></fListeners><fRunTests>23</fRunTests><fStop>false</fStop></junit.framework.TestResult></functionCall>
<functionCall><junit.tests.extensions.ActiveTestTest_-SuccessTest></junit.tests.extensions.ActiveTestTest_-SuccessTest><junit.framework.TestResult><fFailures></fFailures><fErrors></fErrors><fListeners></fListeners><fRunTests>24</fRunTests><fStop>false</fStop></junit.framework.TestResult></functionCall>
<functionCall><junit.tests.extensions.ActiveTestTest_-SuccessTest></junit.tests.extensions.ActiveTestTest_-SuccessTest><junit.framework.TestResult><fFailures></fFailures><fErrors></fErrors><fListeners></fListeners><fRunTests>25</fRunTests><fStop>false</fStop></junit.framework.TestResult></functionCall>
<functionCall><junit.tests.extensions.ActiveTestTest_-SuccessTest></junit.tests.extensions.ActiveTestTest_-SuccessTest><junit.framework.TestResult><fFailures></fFailures><fErrors></fErrors><fListeners></fListeners><fRunTests>26</fRunTests><fStop>false</fStop></junit.framework.TestResult></functionCall>
<functionCall><junit.tests.extensions.ActiveTestTest_-SuccessTest></junit.tests.extensions.ActiveTestTest_-SuccessTest><junit.framework.TestResult><fFailures></fFailures><fErrors></fErrors><fListeners></fListeners><fRunTests>27</fRunTests><fStop>false</fStop></junit.framework.TestResult></functionCall>
<functionCall><junit.tests.extensions.ActiveTestTest_-SuccessTest></junit.tests.extensions.ActiveTestTest_-SuccessTest><junit.framework.TestResult><fFailures></fFailures><fErrors></fErrors><fListeners></fListeners><fRunTests>28</fRunTests><fStop>false</fStop></junit.framework.TestResult></functionCall>
<functionCall><junit.tests.extensions.ActiveTestTest_-SuccessTest></junit.tests.extensions.ActiveTestTest_-SuccessTest><junit.framework.TestResult><fFailures></fFailures><fErrors></fErrors><fListeners></fListeners><fRunTests>29</fRunTests><fStop>false</fStop></junit.framework.TestResult></functionCall>
<functionCall><junit.tests.extensions.ActiveTestTest_-SuccessTest></junit.tests.extensions.ActiveTestTest_-SuccessTest><junit.framework.TestResult><fFailures></fFailures><fErrors></fErrors><fListeners></fListeners><fRunTests>30</fRunTests><fStop>false</fStop></junit.framework.TestResult></functionCall>
<functionCall><junit.tests.extensions.ActiveTestTest_-SuccessTest></junit.tests.extensions.ActiveTestTest_-SuccessTest><junit.framework.TestResult><fFailures></fFailures><fErrors></fErrors><fListeners></fListeners><fRunTests>31</fRunTests><fStop>false</fStop></junit.framework.TestResult></functionCall>
<functionCall><junit.tests.extensions.ActiveTestTest_-SuccessTest></junit.tests.extensions.ActiveTestTest_-SuccessTest><junit.framework.TestResult><fFailures></fFailures><fErrors></fErrors><fListeners></fListeners><fRunTests>32</fRunTests><fStop>false</fStop></junit.framework.TestResult></functionCall>
<functionCall><junit.tests.extensions.ActiveTestTest_-SuccessTest></junit.tests.extensions.ActiveTestTest_-SuccessTest><junit.framework.TestResult><fFailures></fFailures><fErrors></fErrors><fListeners></fListeners><fRunTests>33</fRunTests><fStop>false</fStop></junit.framework.TestResult></functionCall>
<functionCall><junit.tests.extensions.ActiveTestTest_-SuccessTest></junit.tests.extensions.ActiveTestTest_-SuccessTest><junit.framework.TestResult><fFailures></fFailures><fErrors></fErrors><fListeners></fListeners><fRunTests>34</fRunTests><fStop>false</fStop></junit.framework.TestResult></functionCall>
<functionCall><junit.tests.extensions.ActiveTestTest_-SuccessTest></junit.tests.extensions.ActiveTestTest_-SuccessTest><junit.framework.TestResult><fFailures></fFailures><fErrors></fErrors><fListeners></fListeners><fRunTests>35</fRunTests><fStop>false</fStop></junit.framework.TestResult></functionCall>
<functionCall><junit.tests.extensions.ActiveTestTest_-SuccessTest></junit.tests.extensions.ActiveTestTest_-SuccessTest><junit.framework.TestResult><fFailures></fFailures><fErrors></fErrors><fListeners></fListeners><fRunTests>36</fRunTests><fStop>false</fStop></junit.framework.TestResult></functionCall>
<functionCall><junit.tests.extensions.ActiveTestTest_-SuccessTest></junit.tests.extensions.ActiveTestTest_-SuccessTest><junit.framework.TestResult><fFailures></fFailures><fErrors></fErrors><fListeners></fListeners><fRunTests>37</fRunTests><fStop>false</fStop></junit.framework.TestResult></functionCall>
<functionCall><junit.tests.extensions.ActiveTestTest_-SuccessTest></junit.tests.extensions.ActiveTestTest_-SuccessTest><junit.framework.TestResult><fFailures></fFailures><fErrors></fErrors><fListeners></fListeners><fRunTests>38</fRunTests><fStop>false</fStop></junit.framework.TestResult></functionCall>
<functionCall><junit.tests.extensions.ActiveTestTest_-SuccessTest></junit.tests.extensions.ActiveTestTest_-SuccessTest><junit.framework.TestResult><fFailures></fFailures><fErrors></fErrors><fListeners></fListeners><fRunTests>39</fRunTests><fStop>false</fStop></junit.framework.TestResult></functionCall>
<functionCall><junit.tests.extensions.ActiveTestTest_-SuccessTest></junit.tests.extensions.ActiveTestTest_-SuccessTest><junit.framework.TestResult><fFailures></fFailures><fErrors></fErrors><fListeners></fListeners><fRunTests>40</fRunTests><fStop>false</fStop></junit.framework.TestResult></functionCall>
<functionCall><junit.tests.extensions.ActiveTestTest_-SuccessTest></junit.tests.extensions.ActiveTestTest_-SuccessTest><junit.framework.TestResult><fFailures></fFailures><fErrors></fErrors><fListeners></fListeners><fRunTests>41</fRunTests><fStop>false</fStop></junit.framework.TestResult></functionCall>
<functionCall><junit.tests.extensions.ActiveTestTest_-SuccessTest></junit.tests.extensions.ActiveTestTest_-SuccessTest><junit.framework.TestResult><fFailures></fFailures><fErrors></fErrors><fListeners></fListeners><fRunTests>42</fRunTests><fStop>false</fStop></junit.framework.TestResult></functionCall>
<functionCall><junit.tests.extensions.ActiveTestTest_-SuccessTest></junit.tests.extensions.ActiveTestTest_-SuccessTest><junit.framework.TestResult><fFailures></fFailures><fErrors></fErrors><fListeners></fListeners><fRunTests>43</fRunTests><fStop>false</fStop></junit.framework.TestResult></functionCall>
<functionCall><junit.tests.extensions.ActiveTestTest_-SuccessTest></junit.tests.extensions.ActiveTestTest_-SuccessTest><junit.framework.TestResult><fFailures></fFailures><fErrors></fErrors><fListeners></fListeners><fRunTests>44</fRunTests><fStop>false</fStop></junit.framework.TestResult></functionCall>
<functionCall><junit.tests.extensions.ActiveTestTest_-SuccessTest></junit.tests.extensions.ActiveTestTest_-SuccessTest><junit.framework.TestResult><fFailures></fFailures><fErrors></fErrors><fListeners></fListeners><fRunTests>45</fRunTests><fStop>false</fStop></junit.framework.TestResult></functionCall>
<functionCall><junit.tests.extensions.ActiveTestTest_-SuccessTest></junit.tests.extensions.ActiveTestTest_-SuccessTest><junit.framework.TestResult><fFailures></fFailures><fErrors></fErrors><fListeners></fListeners><fRunTests>46</fRunTests><fStop>false</fStop></junit.framework.TestResult></functionCall>
<functionCall><junit.tests.extensions.ActiveTestTest_-SuccessTest></junit.tests.extensions.ActiveTestTest_-SuccessTest><junit.framework.TestResult><fFailures></fFailures><fErrors></fErrors><fListeners></fListeners><fRunTests>47</fRunTests><fStop>false</fStop></junit.framework.TestResult></functionCall>
<functionCall><junit.tests.extensions.ActiveTestTest_-SuccessTest></junit.tests.extensions.ActiveTestTest_-SuccessTest><junit.framework.TestResult><fFailures></fFailures><fErrors></fErrors><fListeners></fListeners><fRunTests>48</fRunTests><fStop>false</fStop></junit.framework.TestResult></functionCall>
<functionCall><junit.tests.extensions.ActiveTestTest_-SuccessTest></junit.tests.extensions.ActiveTestTest_-SuccessTest><junit.framework.TestResult><fFailures></fFailures><fErrors></fErrors><fListeners></fListeners><fRunTests>49</fRunTests><fStop>false</fStop></junit.framework.TestResult></functionCall>
<functionCall><junit.tests.extensions.ActiveTestTest_-SuccessTest></junit.tests.extensions.ActiveTestTest_-SuccessTest><junit.framework.TestResult><fFailures></fFailures><fErrors></fErrors><fListeners></fListeners><fRunTests>50</fRunTests><fStop>false</fStop></junit.framework.TestResult></functionCall>
<functionCall><junit.tests.extensions.ActiveTestTest_-SuccessTest></junit.tests.extensions.ActiveTestTest_-SuccessTest><junit.framework.TestResult><fFailures></fFailures><fErrors></fErrors><fListeners></fListeners><fRunTests>51</fRunTests><fStop>false</fStop></junit.framework.TestResult></functionCall>
<functionCall><junit.tests.extensions.ActiveTestTest_-SuccessTest></junit.tests.extensions.ActiveTestTest_-SuccessTest><junit.framework.TestResult><fFailures></fFailures><fErrors></fErrors><fListeners></fListeners><fRunTests>52</fRunTests><fStop>false</fStop></junit.framework.TestResult></functionCall>
<functionCall><junit.tests.extensions.ActiveTestTest_-SuccessTest></junit.tests.extensions.ActiveTestTest_-SuccessTest><junit.framework.TestResult><fFailures></fFailures><fErrors></fErrors><fListeners></fListeners><fRunTests>53</fRunTests><fStop>false</fStop></junit.framework.TestResult></functionCall>
<functionCall><junit.tests.extensions.ActiveTestTest_-SuccessTest></junit.tests.extensions.ActiveTestTest_-SuccessTest><junit.framework.TestResult><fFailures></fFailures><fErrors></fErrors><fListeners></fListeners><fRunTests>54</fRunTests><fStop>false</fStop></junit.framework.TestResult></functionCall>
<functionCall><junit.tests.extensions.ActiveTestTest_-SuccessTest></junit.tests.extensions.ActiveTestTest_-SuccessTest><junit.framework.TestResult><fFailures></fFailures><fErrors></fErrors><fListeners></fListeners><fRunTests>55</fRunTests><fStop>false</fStop></junit.framework.TestResult></functionCall>
<functionCall><junit.tests.extensions.ActiveTestTest_-SuccessTest></junit.tests.extensions.ActiveTestTest_-SuccessTest><junit.framework.TestResult><fFailures></fFailures><fErrors></fErrors><fListeners></fListeners><fRunTests>56</fRunTests><fStop>false</fStop></junit.framework.TestResult></functionCall>
<functionCall><junit.tests.extensions.ActiveTestTest_-SuccessTest></junit.tests.extensions.ActiveTestTest_-SuccessTest><junit.framework.TestResult><fFailures></fFailures><fErrors></fErrors><fListeners></fListeners><fRunTests>57</fRunTests><fStop>false</fStop></junit.framework.TestResult></functionCall>
<functionCall><junit.tests.extensions.ActiveTestTest_-SuccessTest></junit.tests.extensions.ActiveTestTest_-SuccessTest><junit.framework.TestResult><fFailures></fFailures><fErrors></fErrors><fListeners></fListeners><fRunTests>58</fRunTests><fStop>false</fStop></junit.framework.TestResult></functionCall>
<functionCall><junit.tests.extensions.ActiveTestTest_-SuccessTest></junit.tests.extensions.ActiveTestTest_-SuccessTest><junit.framework.TestResult><fFailures></fFailures><fErrors></fErrors><fListeners></fListeners><fRunTests>59</fRunTests><fStop>false</fStop></junit.framework.TestResult></functionCall>
<functionCall><junit.tests.extensions.ActiveTestTest_-SuccessTest></junit.tests.extensions.ActiveTestTest_-SuccessTest><junit.framework.TestResult><fFailures></fFailures><fErrors></fErrors><fListeners></fListeners><fRunTests>60</fRunTests><fStop>false</fStop></junit.framework.TestResult></functionCall>
<functionCall><junit.tests.extensions.ActiveTestTest_-SuccessTest></junit.tests.extensions.ActiveTestTest_-SuccessTest><junit.framework.TestResult><fFailures></fFailures><fErrors></fErrors><fListeners></fListeners><fRunTests>61</fRunTests><fStop>false</fStop></junit.framework.TestResult></functionCall>
<functionCall><junit.tests.extensions.ActiveTestTest_-SuccessTest></junit.tests.extensions.ActiveTestTest_-SuccessTest><junit.framework.TestResult><fFailures></fFailures><fErrors></fErrors><fListeners></fListeners><fRunTests>62</fRunTests><fStop>false</fStop></junit.framework.TestResult></functionCall>
<functionCall><junit.tests.extensions.ActiveTestTest_-SuccessTest></junit.tests.extensions.ActiveTestTest_-SuccessTest><junit.framework.TestResult><fFailures></fFailures><fErrors></fErrors><fListeners></fListeners><fRunTests>63</fRunTests><fStop>false</fStop></junit.framework.TestResult></functionCall>
<functionCall><junit.tests.extensions.ActiveTestTest_-SuccessTest></junit.tests.extensions.ActiveTestTest_-SuccessTest><junit.framework.TestResult><fFailures></fFailures><fErrors></fErrors><fListeners></fListeners><fRunTests>64</fRunTests><fStop>false</fStop></junit.framework.TestResult></functionCall>
<functionCall><junit.tests.extensions.ActiveTestTest_-SuccessTest></junit.tests.extensions.ActiveTestTest_-SuccessTest><junit.framework.TestResult><fFailures></fFailures><fErrors></fErrors><fListeners></fListeners><fRunTests>65</fRunTests><fStop>false</fStop></junit.framework.TestResult></functionCall>
<functionCall><junit.tests.extensions.ActiveTestTest_-SuccessTest></junit.tests.extensions.ActiveTestTest_-SuccessTest><junit.framework.TestResult><fFailures></fFailures><fErrors></fErrors><fListeners></fListeners><fRunTests>66</fRunTests><fStop>false</fStop></junit.framework.TestResult></functionCall>
<functionCall><junit.tests.extensions.ActiveTestTest_-SuccessTest></junit.tests.extensions.ActiveTestTest_-SuccessTest><junit.framework.TestResult><fFailures></fFailures><fErrors></fErrors><fListeners></fListeners><fRunTests>67</fRunTests><fStop>false</fStop></junit.framework.TestResult></functionCall>
<functionCall><junit.tests.extensions.ActiveTestTest_-SuccessTest></junit.tests.extensions.ActiveTestTest_-SuccessTest><junit.framework.TestResult><fFailures></fFailures><fErrors></fErrors><fListeners></fListeners><fRunTests>68</fRunTests><fStop>false</fStop></junit.framework.TestResult></functionCall>
<functionCall><junit.tests.extensions.ActiveTestTest_-SuccessTest></junit.tests.extensions.ActiveTestTest_-SuccessTest><junit.framework.TestResult><fFailures></fFailures><fErrors></fErrors><fListeners></fListeners><fRunTests>69</fRunTests><fStop>false</fStop></junit.framework.TestResult></functionCall>
<functionCall><junit.tests.extensions.ActiveTestTest_-SuccessTest></junit.tests.extensions.ActiveTestTest_-SuccessTest><junit.framework.TestResult><fFailures></fFailures><fErrors></fErrors><fListeners></fListeners><fRunTests>70</fRunTests><fStop>false</fStop></junit.framework.TestResult></functionCall>
<functionCall><junit.tests.extensions.ActiveTestTest_-SuccessTest></junit.tests.extensions.ActiveTestTest_-SuccessTest><junit.framework.TestResult><fFailures></fFailures><fErrors></fErrors><fListeners></fListeners><fRunTests>71</fRunTests><fStop>false</fStop></junit.framework.TestResult></functionCall>
<functionCall><junit.tests.extensions.ActiveTestTest_-SuccessTest></junit.tests.extensions.ActiveTestTest_-SuccessTest><junit.framework.TestResult><fFailures></fFailures><fErrors></fErrors><fListeners></fListeners><fRunTests>72</fRunTests><fStop>false</fStop></junit.framework.TestResult></functionCall>
<functionCall><junit.tests.extensions.ActiveTestTest_-SuccessTest></junit.tests.extensions.ActiveTestTest_-SuccessTest><junit.framework.TestResult><fFailures></fFailures><fErrors></fErrors><fListeners></fListeners><fRunTests>73</fRunTests><fStop>false</fStop></junit.framework.TestResult></functionCall>
<functionCall><junit.tests.extensions.ActiveTestTest_-SuccessTest></junit.tests.extensions.ActiveTestTest_-SuccessTest><junit.framework.TestResult><fFailures></fFailures><fErrors></fErrors><fListeners></fListeners><fRunTests>74</fRunTests><fStop>false</fStop></junit.framework.TestResult></functionCall>
<functionCall><junit.tests.extensions.ActiveTestTest_-SuccessTest></junit.tests.extensions.ActiveTestTest_-SuccessTest><junit.framework.TestResult><fFailures></fFailures><fErrors></fErrors><fListeners></fListeners><fRunTests>75</fRunTests><fStop>false</fStop></junit.framework.TestResult></functionCall>
<functionCall><junit.tests.extensions.ActiveTestTest_-SuccessTest></junit.tests.extensions.ActiveTestTest_-SuccessTest><junit.framework.TestResult><fFailures></fFailures><fErrors></fErrors><fListeners></fListeners><fRunTests>76</fRunTests><fStop>false</fStop></junit.framework.TestResult></functionCall>
<functionCall><junit.tests.extensions.ActiveTestTest_-SuccessTest></junit.tests.extensions.ActiveTestTest_-SuccessTest><junit.framework.TestResult><fFailures></fFailures><fErrors></fErrors><fListeners></fListeners><fRunTests>77</fRunTests><fStop>false</fStop></junit.framework.TestResult></functionCall>
<functionCall><junit.tests.extensions.ActiveTestTest_-SuccessTest></junit.tests.extensions.ActiveTestTest_-SuccessTest><junit.framework.TestResult><fFailures></fFailures><fErrors></fErrors><fListeners></fListeners><fRunTests>78</fRunTests><fStop>false</fStop></junit.framework.TestResult></functionCall>
<functionCall><junit.tests.extensions.ActiveTestTest_-SuccessTest></junit.tests.extensions.ActiveTestTest_-SuccessTest><junit.framework.TestResult><fFailures></fFailures><fErrors></fErrors><fListeners></fListeners><fRunTests>79</fRunTests><fStop>false</fStop></junit.framework.TestResult></functionCall>
<functionCall><junit.tests.extensions.ActiveTestTest_-SuccessTest></junit.tests.extensions.ActiveTestTest_-SuccessTest><junit.framework.TestResult><fFailures></fFailures><fErrors></fErrors><fListeners></fListeners><fRunTests>80</fRunTests><fStop>false</fStop></junit.framework.TestResult></functionCall>
<functionCall><junit.tests.extensions.ActiveTestTest_-SuccessTest></junit.tests.extensions.ActiveTestTest_-SuccessTest><junit.framework.TestResult><fFailures></fFailures><fErrors></fErrors><fListeners></fListeners><fRunTests>81</fRunTests><fStop>false</fStop></junit.framework.TestResult></functionCall>
<functionCall><junit.tests.extensions.ActiveTestTest_-SuccessTest></junit.tests.extensions.ActiveTestTest_-SuccessTest><junit.framework.TestResult><fFailures></fFailures><fErrors></fErrors><fListeners></fListeners><fRunTests>82</fRunTests><fStop>false</fStop></junit.framework.TestResult></functionCall>
<functionCall><junit.tests.extensions.ActiveTestTest_-SuccessTest></junit.tests.extensions.ActiveTestTest_-SuccessTest><junit.framework.TestResult><fFailures></fFailures><fErrors></fErrors><fListeners></fListeners><fRunTests>83</fRunTests><fStop>false</fStop></junit.framework.TestResult></functionCall>
<functionCall><junit.tests.extensions.ActiveTestTest_-SuccessTest></junit.tests.extensions.ActiveTestTest_-SuccessTest><junit.framework.TestResult><fFailures></fFailures><fErrors></fErrors><fListeners></fListeners><fRunTests>84</fRunTests><fStop>false</fStop></junit.framework.TestResult></functionCall>
<functionCall><junit.tests.extensions.ActiveTestTest_-SuccessTest></junit.tests.extensions.ActiveTestTest_-SuccessTest><junit.framework.TestResult><fFailures></fFailures><fErrors></fErrors><fListeners></fListeners><fRunTests>85</fRunTests><fStop>false</fStop></junit.framework.TestResult></functionCall>
<functionCall><junit.tests.extensions.ActiveTestTest_-SuccessTest></junit.tests.extensions.ActiveTestTest_-SuccessTest><junit.framework.TestResult><fFailures></fFailures><fErrors></fErrors><fListeners></fListeners><fRunTests>86</fRunTests><fStop>false</fStop></junit.framework.TestResult></functionCall>
<functionCall><junit.tests.extensions.ActiveTestTest_-SuccessTest></junit.tests.extensions.ActiveTestTest_-SuccessTest><junit.framework.TestResult><fFailures></fFailures><fErrors></fErrors><fListeners></fListeners><fRunTests>87</fRunTests><fStop>false</fStop></junit.framework.TestResult></functionCall>
<functionCall><junit.tests.extensions.ActiveTestTest_-SuccessTest></junit.tests.extensions.ActiveTestTest_-SuccessTest><junit.framework.TestResult><fFailures></fFailures><fErrors></fErrors><fListeners></fListeners><fRunTests>88</fRunTests><fStop>false</fStop></junit.framework.TestResult></functionCall>
<functionCall><junit.tests.extensions.ActiveTestTest_-SuccessTest></junit.tests.extensions.ActiveTestTest_-SuccessTest><junit.framework.TestResult><fFailures></fFailures><fErrors></fErrors><fListeners></fListeners><fRunTests>89</fRunTests><fStop>false</fStop></junit.framework.TestResult></functionCall>
<functionCall><junit.tests.extensions.ActiveTestTest_-SuccessTest></junit.tests.extensions.ActiveTestTest_-SuccessTest><junit.framework.TestResult><fFailures></fFailures><fErrors></fErrors><fListeners></fListeners><fRunTests>90</fRunTests><fStop>false</fStop></junit.framework.TestResult></functionCall>
<functionCall><junit.tests.extensions.ActiveTestTest_-SuccessTest></junit.tests.extensions.ActiveTestTest_-SuccessTest><junit.framework.TestResult><fFailures></fFailures><fErrors></fErrors><fListeners></fListeners><fRunTests>91</fRunTests><fStop>false</fStop></junit.framework.TestResult></functionCall>
<functionCall><junit.tests.extensions.ActiveTestTest_-SuccessTest></junit.tests.extensions.ActiveTestTest_-SuccessTest><junit.framework.TestResult><fFailures></fFailures><fErrors></fErrors><fListeners></fListeners><fRunTests>92</fRunTests><fStop>false</fStop></junit.framework.TestResult></functionCall>
<functionCall><junit.tests.extensions.ActiveTestTest_-SuccessTest></junit.tests.extensions.ActiveTestTest_-SuccessTest><junit.framework.TestResult><fFailures></fFailures><fErrors></fErrors><fListeners></fListeners><fRunTests>93</fRunTests><fStop>false</fStop></junit.framework.TestResult></functionCall>
<functionCall><junit.tests.extensions.ActiveTestTest_-SuccessTest></junit.tests.extensions.ActiveTestTest_-SuccessTest><junit.framework.TestResult><fFailures></fFailures><fErrors></fErrors><fListeners></fListeners><fRunTests>94</fRunTests><fStop>false</fStop></junit.framework.TestResult></functionCall>
<functionCall><junit.tests.extensions.ActiveTestTest_-SuccessTest></junit.tests.extensions.ActiveTestTest_-SuccessTest><junit.framework.TestResult><fFailures></fFailures><fErrors></fErrors><fListeners></fListeners><fRunTests>95</fRunTests><fStop>false</fStop></junit.framework.TestResult></functionCall>
<functionCall><junit.tests.extensions.ActiveTestTest_-SuccessTest></junit.tests.extensions.ActiveTestTest_-SuccessTest><junit.framework.TestResult><fFailures></fFailures><fErrors></fErrors><fListeners></fListeners><fRunTests>96</fRunTests><fStop>false</fStop></junit.framework.TestResult></functionCall>
<functionCall><junit.tests.extensions.ActiveTestTest_-SuccessTest></junit.tests.extensions.ActiveTestTest_-SuccessTest><junit.framework.TestResult><fFailures></fFailures><fErrors></fErrors><fListeners></fListeners><fRunTests>97</fRunTests><fStop>false</fStop></junit.framework.TestResult></functionCall>
<functionCall><junit.tests.extensions.ActiveTestTest_-SuccessTest></junit.tests.extensions.ActiveTestTest_-SuccessTest><junit.framework.TestResult><fFailures></fFailures><fErrors></fErrors><fListeners></fListeners><fRunTests>98</fRunTests><fStop>false</fStop></junit.framework.TestResult></functionCall>
<functionCall><junit.tests.extensions.ActiveTestTest_-SuccessTest></junit.tests.extensions.ActiveTestTest_-SuccessTest><junit.framework.TestResult><fFailures></fFailures><fErrors></fErrors><fListeners></fListeners><fRunTests>99</fRunTests><fStop>false</fStop></junit.framework.TestResult></functionCall>
<functionCall><junit.tests.extensions.ActiveTestTest_-SuccessTest></junit.tests.extensions.ActiveTestTest_-SuccessTest><junit.framework.TestResult><fFailures></fFailures><fErrors></fErrors><fListeners></fListeners><fRunTests>100</fRunTests><fStop>false</fStop></junit.framework.TestResult></functionCall>
<functionCall><junit.tests.extensions.ActiveTestTest_-SuccessTest></junit.tests.extensions.ActiveTestTest_-SuccessTest><junit.framework.TestResult><fFailures></fFailures><fErrors></fErrors><fListeners></fListeners><fRunTests>101</fRunTests><fStop>false</fStop></junit.framework.TestResult></functionCall>
<functionCall><junit.tests.extensions.ActiveTestTest_-SuccessTest></junit.tests.extensions.ActiveTestTest_-SuccessTest><junit.framework.TestResult><fFailures></fFailures><fErrors></fErrors><fListeners></fListeners><fRunTests>102</fRunTests><fStop>false</fStop></junit.framework.TestResult></functionCall>
<functionCall><junit.tests.extensions.ActiveTestTest_-SuccessTest></junit.tests.extensions.ActiveTestTest_-SuccessTest><junit.framework.TestResult><fFailures></fFailures><fErrors></fErrors><fListeners></fListeners><fRunTests>103</fRunTests><fStop>false</fStop></junit.framework.TestResult></functionCall>
<functionCall><junit.tests.extensions.ActiveTestTest_-SuccessTest></junit.tests.extensions.ActiveTestTest_-SuccessTest><junit.framework.TestResult><fFailures></fFailures><fErrors></fErrors><fListeners></fListeners><fRunTests>104</fRunTests><fStop>false</fStop></junit.framework.TestResult></functionCall>
<functionCall><junit.tests.extensions.ActiveTestTest_-SuccessTest></junit.tests.extensions.ActiveTestTest_-SuccessTest><junit.framework.TestResult><fFailures></fFailures><fErrors></fErrors><fListeners></fListeners><fRunTests>105</fRunTests><fStop>false</fStop></junit.framework.TestResult></functionCall>
<functionCall><junit.tests.extensions.ActiveTestTest_-SuccessTest></junit.tests.extensions.ActiveTestTest_-SuccessTest><junit.framework.TestResult><fFailures></fFailures><fErrors></fErrors><fListeners></fListeners><fRunTests>106</fRunTests><fStop>false</fStop></junit.framework.TestResult></functionCall>
<functionCall><junit.tests.extensions.ActiveTestTest_-SuccessTest></junit.tests.extensions.ActiveTestTest_-SuccessTest><junit.framework.TestResult><fFailures></fFailures><fErrors></fErrors><fListeners></fListeners><fRunTests>107</fRunTests><fStop>false</fStop></junit.framework.TestResult></functionCall>
<functionCall><junit.tests.extensions.ActiveTestTest_-SuccessTest></junit.tests.extensions.ActiveTestTest_-SuccessTest><junit.framework.TestResult><fFailures></fFailures><fErrors></fErrors><fListeners></fListeners><fRunTests>108</fRunTests><fStop>false</fStop></junit.framework.TestResult></functionCall>
<functionCall><junit.tests.extensions.ActiveTestTest_-SuccessTest></junit.tests.extensions.ActiveTestTest_-SuccessTest><junit.framework.TestResult><fFailures></fFailures><fErrors></fErrors><fListeners></fListeners><fRunTests>109</fRunTests><fStop>false</fStop></junit.framework.TestResult></functionCall>
<functionCall><junit.tests.extensions.ActiveTestTest_-SuccessTest></junit.tests.extensions.ActiveTestTest_-SuccessTest><junit.framework.TestResult><fFailures></fFailures><fErrors></fErrors><fListeners></fListeners><fRunTests>110</fRunTests><fStop>false</fStop></junit.framework.TestResult></functionCall>
<functionCall><junit.tests.extensions.ActiveTestTest_-SuccessTest></junit.tests.extensions.ActiveTestTest_-SuccessTest><junit.framework.TestResult><fFailures></fFailures><fErrors></fErrors><fListeners></fListeners><fRunTests>111</fRunTests><fStop>false</fStop></junit.framework.TestResult></functionCall>
<functionCall><junit.tests.extensions.ActiveTestTest_-SuccessTest></junit.tests.extensions.ActiveTestTest_-SuccessTest><junit.framework.TestResult><fFailures></fFailures><fErrors></fErrors><fListeners></fListeners><fRunTests>112</fRunTests><fStop>false</fStop></junit.framework.TestResult></functionCall>
<functionCall><junit.tests.extensions.ActiveTestTest_-SuccessTest></junit.tests.extensions.ActiveTestTest_-SuccessTest><junit.framework.TestResult><fFailures></fFailures><fErrors></fErrors><fListeners></fListeners><fRunTests>113</fRunTests><fStop>false</fStop></junit.framework.TestResult></functionCall>
<functionCall><junit.tests.extensions.ActiveTestTest_-SuccessTest></junit.tests.extensions.ActiveTestTest_-SuccessTest><junit.framework.TestResult><fFailures></fFailures><fErrors></fErrors><fListeners></fListeners><fRunTests>114</fRunTests><fStop>false</fStop></junit.framework.TestResult></functionCall>
<functionCall><junit.tests.extensions.ActiveTestTest_-SuccessTest></junit.tests.extensions.ActiveTestTest_-SuccessTest><junit.framework.TestResult><fFailures></fFailures><fErrors></fErrors><fListeners></fListeners><fRunTests>115</fRunTests><fStop>false</fStop></junit.framework.TestResult></functionCall>
<functionCall><junit.tests.extensions.ActiveTestTest_-SuccessTest></junit.tests.extensions.ActiveTestTest_-SuccessTest><junit.framework.TestResult><fFailures></fFailures><fErrors></fErrors><fListeners></fListeners><fRunTests>116</fRunTests><fStop>false</fStop></junit.framework.TestResult></functionCall>
<functionCall><junit.tests.extensions.ActiveTestTest_-SuccessTest></junit.tests.extensions.ActiveTestTest_-SuccessTest><junit.framework.TestResult><fFailures></fFailures><fErrors></fErrors><fListeners></fListeners><fRunTests>117</fRunTests><fStop>false</fStop></junit.framework.TestResult></functionCall>
<functionCall><junit.tests.extensions.ActiveTestTest_-SuccessTest></junit.tests.extensions.ActiveTestTest_-SuccessTest><junit.framework.TestResult><fFailures></fFailures><fErrors></fErrors><fListeners></fListeners><fRunTests>118</fRunTests><fStop>false</fStop></junit.framework.TestResult></functionCall>
<functionCall><junit.tests.extensions.ActiveTestTest_-SuccessTest></junit.tests.extensions.ActiveTestTest_-SuccessTest><junit.framework.TestResult><fFailures></fFailures><fErrors></fErrors><fListeners></fListeners><fRunTests>119</fRunTests><fStop>false</fStop></junit.framework.TestResult></functionCall>
<functionCall><junit.tests.extensions.ActiveTestTest_-SuccessTest></junit.tests.extensions.ActiveTestTest_-SuccessTest><junit.framework.TestResult><fFailures></fFailures><fErrors></fErrors><fListeners></fListeners><fRunTests>120</fRunTests><fStop>false</fStop></junit.framework.TestResult></functionCall>
<functionCall><junit.tests.extensions.ActiveTestTest_-SuccessTest></junit.tests.extensions.ActiveTestTest_-SuccessTest><junit.framework.TestResult><fFailures></fFailures><fErrors></fErrors><fListeners></fListeners><fRunTests>121</fRunTests><fStop>false</fStop></junit.framework.TestResult></functionCall>
<functionCall><junit.tests.extensions.ActiveTestTest_-SuccessTest></junit.tests.extensions.ActiveTestTest_-SuccessTest><junit.framework.TestResult><fFailures></fFailures><fErrors></fErrors><fListeners></fListeners><fRunTests>122</fRunTests><fStop>false</fStop></junit.framework.TestResult></functionCall>
<functionCall><junit.tests.extensions.ActiveTestTest_-SuccessTest></junit.tests.extensions.ActiveTestTest_-SuccessTest><junit.framework.TestResult><fFailures></fFailures><fErrors></fErrors><fListeners></fListeners><fRunTests>123</fRunTests><fStop>false</fStop></junit.framework.TestResult></functionCall>
<functionCall><junit.tests.extensions.ActiveTestTest_-SuccessTest></junit.tests.extensions.ActiveTestTest_-SuccessTest><junit.framework.TestResult><fFailures></fFailures><fErrors></fErrors><fListeners></fListeners><fRunTests>124</fRunTests><fStop>false</fStop></junit.framework.TestResult></functionCall>
<functionCall><junit.tests.extensions.ActiveTestTest_-SuccessTest></junit.tests.extensions.ActiveTestTest_-SuccessTest><junit.framework.TestResult><fFailures></fFailures><fErrors></fErrors><fListeners></fListeners><fRunTests>125</fRunTests><fStop>false</fStop></junit.framework.TestResult></functionCall>
<functionCall><junit.tests.extensions.ActiveTestTest_-SuccessTest></junit.tests.extensions.ActiveTestTest_-SuccessTest><junit.framework.TestResult><fFailures></fFailures><fErrors></fErrors><fListeners></fListeners><fRunTests>126</fRunTests><fStop>false</fStop></junit.framework.TestResult></functionCall>
<functionCall><junit.tests.extensions.ActiveTestTest_-SuccessTest></junit.tests.extensions.ActiveTestTest_-SuccessTest><junit.framework.TestResult><fFailures></fFailures><fErrors></fErrors><fListeners></fListeners><fRunTests>127</fRunTests><fStop>false</fStop></junit.framework.TestResult></functionCall>
<functionCall><junit.tests.extensions.ActiveTestTest_-SuccessTest></junit.tests.extensions.ActiveTestTest_-SuccessTest><junit.framework.TestResult><fFailures></fFailures><fErrors></fErrors><fListeners></fListeners><fRunTests>128</fRunTests><fStop>false</fStop></junit.framework.TestResult></functionCall>
<functionCall><junit.tests.extensions.ActiveTestTest_-SuccessTest></junit.tests.extensions.ActiveTestTest_-SuccessTest><junit.framework.TestResult><fFailures></fFailures><fErrors></fErrors><fListeners></fListeners><fRunTests>129</fRunTests><fStop>false</fStop></junit.framework.TestResult></functionCall>
<functionCall><junit.tests.extensions.ActiveTestTest_-SuccessTest></junit.tests.extensions.ActiveTestTest_-SuccessTest><junit.framework.TestResult><fFailures></fFailures><fErrors></fErrors><fListeners></fListeners><fRunTests>130</fRunTests><fStop>false</fStop></junit.framework.TestResult></functionCall>
<functionCall><junit.tests.extensions.ActiveTestTest_-SuccessTest></junit.tests.extensions.ActiveTestTest_-SuccessTest><junit.framework.TestResult><fFailures></fFailures><fErrors></fErrors><fListeners></fListeners><fRunTests>131</fRunTests><fStop>false</fStop></junit.framework.TestResult></functionCall>
<functionCall><junit.tests.extensions.ActiveTestTest_-SuccessTest></junit.tests.extensions.ActiveTestTest_-SuccessTest><junit.framework.TestResult><fFailures></fFailures><fErrors></fErrors><fListeners></fListeners><fRunTests>132</fRunTests><fStop>false</fStop></junit.framework.TestResult></functionCall>
<functionCall><junit.tests.extensions.ActiveTestTest_-SuccessTest></junit.tests.extensions.ActiveTestTest_-SuccessTest><junit.framework.TestResult><fFailures></fFailures><fErrors></fErrors><fListeners></fListeners><fRunTests>133</fRunTests><fStop>false</fStop></junit.framework.TestResult></functionCall>
<functionCall><junit.tests.extensions.ActiveTestTest_-SuccessTest></junit.tests.extensions.ActiveTestTest_-SuccessTest><junit.framework.TestResult><fFailures></fFailures><fErrors></fErrors><fListeners></fListeners><fRunTests>134</fRunTests><fStop>false</fStop></junit.framework.TestResult></functionCall>
<functionCall><junit.tests.extensions.ActiveTestTest_-SuccessTest></junit.tests.extensions.ActiveTestTest_-SuccessTest><junit.framework.TestResult><fFailures></fFailures><fErrors></fErrors><fListeners></fListeners><fRunTests>135</fRunTests><fStop>false</fStop></junit.framework.TestResult></functionCall>
<functionCall><junit.tests.extensions.ActiveTestTest_-SuccessTest></junit.tests.extensions.ActiveTestTest_-SuccessTest><junit.framework.TestResult><fFailures></fFailures><fErrors></fErrors><fListeners></fListeners><fRunTests>136</fRunTests><fStop>false</fStop></junit.framework.TestResult></functionCall>
<functionCall><junit.tests.extensions.ActiveTestTest_-SuccessTest></junit.tests.extensions.ActiveTestTest_-SuccessTest><junit.framework.TestResult><fFailures></fFailures><fErrors></fErrors><fListeners></fListeners><fRunTests>137</fRunTests><fStop>false</fStop></junit.framework.TestResult></functionCall>
<functionCall><junit.tests.extensions.ActiveTestTest_-SuccessTest></junit.tests.extensions.ActiveTestTest_-SuccessTest><junit.framework.TestResult><fFailures></fFailures><fErrors></fErrors><fListeners></fListeners><fRunTests>138</fRunTests><fStop>false</fStop></junit.framework.TestResult></functionCall>
<functionCall><junit.tests.extensions.ActiveTestTest_-SuccessTest></junit.tests.extensions.ActiveTestTest_-SuccessTest><junit.framework.TestResult><fFailures></fFailures><fErrors></fErrors><fListeners></fListeners><fRunTests>139</fRunTests><fStop>false</fStop></junit.framework.TestResult></functionCall>
<functionCall><junit.tests.extensions.ActiveTestTest_-SuccessTest></junit.tests.extensions.ActiveTestTest_-SuccessTest><junit.framework.TestResult><fFailures></fFailures><fErrors></fErrors><fListeners></fListeners><fRunTests>140</fRunTests><fStop>false</fStop></junit.framework.TestResult></functionCall>
<functionCall><junit.tests.extensions.ActiveTestTest_-SuccessTest></junit.tests.extensions.ActiveTestTest_-SuccessTest><junit.framework.TestResult><fFailures></fFailures><fErrors></fErrors><fListeners></fListeners><fRunTests>141</fRunTests><fStop>false</fStop></junit.framework.TestResult></functionCall>
<functionCall><junit.tests.extensions.ActiveTestTest_-SuccessTest></junit.tests.extensions.ActiveTestTest_-SuccessTest><junit.framework.TestResult><fFailures></fFailures><fErrors></fErrors><fListeners></fListeners><fRunTests>142</fRunTests><fStop>false</fStop></junit.framework.TestResult></functionCall>
<functionCall><junit.tests.extensions.ActiveTestTest_-SuccessTest></junit.tests.extensions.ActiveTestTest_-SuccessTest><junit.framework.TestResult><fFailures></fFailures><fErrors></fErrors><fListeners></fListeners><fRunTests>143</fRunTests><fStop>false</fStop></junit.framework.TestResult></functionCall>
<functionCall><junit.tests.extensions.ActiveTestTest_-SuccessTest></junit.tests.extensions.ActiveTestTest_-SuccessTest><junit.framework.TestResult><fFailures></fFailures><fErrors></fErrors><fListeners></fListeners><fRunTests>144</fRunTests><fStop>false</fStop></junit.framework.TestResult></functionCall>
<functionCall><junit.tests.extensions.ActiveTestTest_-SuccessTest></junit.tests.extensions.ActiveTestTest_-SuccessTest><junit.framework.TestResult><fFailures></fFailures><fErrors></fErrors><fListeners></fListeners><fRunTests>145</fRunTests><fStop>false</fStop></junit.framework.TestResult></functionCall>
<functionCall><junit.tests.extensions.ActiveTestTest_-SuccessTest></junit.tests.extensions.ActiveTestTest_-SuccessTest><junit.framework.TestResult><fFailures></fFailures><fErrors></fErrors><fListeners></fListeners><fRunTests>146</fRunTests><fStop>false</fStop></junit.framework.TestResult></functionCall>
<functionCall><junit.tests.extensions.ActiveTestTest_-SuccessTest></junit.tests.extensions.ActiveTestTest_-SuccessTest><junit.framework.TestResult><fFailures></fFailures><fErrors></fErrors><fListeners></fListeners><fRunTests>147</fRunTests><fStop>false</fStop></junit.framework.TestResult></functionCall>
<functionCall><junit.tests.extensions.ActiveTestTest_-SuccessTest></junit.tests.extensions.ActiveTestTest_-SuccessTest><junit.framework.TestResult><fFailures></fFailures><fErrors></fErrors><fListeners></fListeners><fRunTests>148</fRunTests><fStop>false</fStop></junit.framework.TestResult></functionCall>
<functionCall><junit.tests.extensions.ActiveTestTest_-SuccessTest></junit.tests.extensions.ActiveTestTest_-SuccessTest><junit.framework.TestResult><fFailures></fFailures><fErrors></fErrors><fListeners></fListeners><fRunTests>149</fRunTests><fStop>false</fStop></junit.framework.TestResult></functionCall>
<functionCall><junit.tests.extensions.ActiveTestTest_-SuccessTest></junit.tests.extensions.ActiveTestTest_-SuccessTest><junit.framework.TestResult><fFailures></fFailures><fErrors></fErrors><fListeners></fListeners><fRunTests>150</fRunTests><fStop>false</fStop></junit.framework.TestResult></functionCall>
<functionCall><junit.tests.extensions.ActiveTestTest_-SuccessTest></junit.tests.extensions.ActiveTestTest_-SuccessTest><junit.framework.TestResult><fFailures></fFailures><fErrors></fErrors><fListeners></fListeners><fRunTests>151</fRunTests><fStop>false</fStop></junit.framework.TestResult></functionCall>
<functionCall><junit.tests.extensions.ActiveTestTest_-SuccessTest></junit.tests.extensions.ActiveTestTest_-SuccessTest><junit.framework.TestResult><fFailures></fFailures><fErrors></fErrors><fListeners></fListeners><fRunTests>152</fRunTests><fStop>false</fStop></junit.framework.TestResult></functionCall>
<functionCall><junit.tests.extensions.ActiveTestTest_-SuccessTest></junit.tests.extensions.ActiveTestTest_-SuccessTest><junit.framework.TestResult><fFailures></fFailures><fErrors></fErrors><fListeners></fListeners><fRunTests>153</fRunTests><fStop>false</fStop></junit.framework.TestResult></functionCall>
<functionCall><junit.tests.extensions.ActiveTestTest_-SuccessTest></junit.tests.extensions.ActiveTestTest_-SuccessTest><junit.framework.TestResult><fFailures></fFailures><fErrors></fErrors><fListeners></fListeners><fRunTests>154</fRunTests><fStop>false</fStop></junit.framework.TestResult></functionCall>
<functionCall><junit.tests.extensions.ActiveTestTest_-SuccessTest></junit.tests.extensions.ActiveTestTest_-SuccessTest><junit.framework.TestResult><fFailures></fFailures><fErrors></fErrors><fListeners></fListeners><fRunTests>155</fRunTests><fStop>false</fStop></junit.framework.TestResult></functionCall>
<functionCall><junit.tests.extensions.ActiveTestTest_-SuccessTest></junit.tests.extensions.ActiveTestTest_-SuccessTest><junit.framework.TestResult><fFailures></fFailures><fErrors></fErrors><fListeners></fListeners><fRunTests>156</fRunTests><fStop>false</fStop></junit.framework.TestResult></functionCall>
<functionCall><junit.tests.extensions.ActiveTestTest_-SuccessTest></junit.tests.extensions.ActiveTestTest_-SuccessTest><junit.framework.TestResult><fFailures></fFailures><fErrors></fErrors><fListeners></fListeners><fRunTests>157</fRunTests><fStop>false</fStop></junit.framework.TestResult></functionCall>
<functionCall><junit.tests.extensions.ActiveTestTest_-SuccessTest></junit.tests.extensions.ActiveTestTest_-SuccessTest><junit.framework.TestResult><fFailures></fFailures><fErrors></fErrors><fListeners></fListeners><fRunTests>158</fRunTests><fStop>false</fStop></junit.framework.TestResult></functionCall>
<functionCall><junit.tests.extensions.ActiveTestTest_-SuccessTest></junit.tests.extensions.ActiveTestTest_-SuccessTest><junit.framework.TestResult><fFailures></fFailures><fErrors></fErrors><fListeners></fListeners><fRunTests>159</fRunTests><fStop>false</fStop></junit.framework.TestResult></functionCall>
<functionCall><junit.tests.extensions.ActiveTestTest_-SuccessTest></junit.tests.extensions.ActiveTestTest_-SuccessTest><junit.framework.TestResult><fFailures></fFailures><fErrors></fErrors><fListeners></fListeners><fRunTests>160</fRunTests><fStop>false</fStop></junit.framework.TestResult></functionCall>
<functionCall><junit.tests.extensions.ActiveTestTest_-SuccessTest></junit.tests.extensions.ActiveTestTest_-SuccessTest><junit.framework.TestResult><fFailures></fFailures><fErrors></fErrors><fListeners></fListeners><fRunTests>161</fRunTests><fStop>false</fStop></junit.framework.TestResult></functionCall>
<functionCall><junit.tests.extensions.ActiveTestTest_-SuccessTest></junit.tests.extensions.ActiveTestTest_-SuccessTest><junit.framework.TestResult><fFailures></fFailures><fErrors></fErrors><fListeners></fListeners><fRunTests>162</fRunTests><fStop>false</fStop></junit.framework.TestResult></functionCall>
<functionCall><junit.tests.extensions.ActiveTestTest_-SuccessTest></junit.tests.extensions.ActiveTestTest_-SuccessTest><junit.framework.TestResult><fFailures></fFailures><fErrors></fErrors><fListeners></fListeners><fRunTests>163</fRunTests><fStop>false</fStop></junit.framework.TestResult></functionCall>
<functionCall><junit.tests.extensions.ActiveTestTest_-SuccessTest></junit.tests.extensions.ActiveTestTest_-SuccessTest><junit.framework.TestResult><fFailures></fFailures><fErrors></fErrors><fListeners></fListeners><fRunTests>164</fRunTests><fStop>false</fStop></junit.framework.TestResult></functionCall>
<functionCall><junit.tests.extensions.ActiveTestTest_-SuccessTest></junit.tests.extensions.ActiveTestTest_-SuccessTest><junit.framework.TestResult><fFailures></fFailures><fErrors></fErrors><fListeners></fListeners><fRunTests>165</fRunTests><fStop>false</fStop></junit.framework.TestResult></functionCall>
<functionCall><junit.tests.extensions.ActiveTestTest_-SuccessTest></junit.tests.extensions.ActiveTestTest_-SuccessTest><junit.framework.TestResult><fFailures></fFailures><fErrors></fErrors><fListeners></fListeners><fRunTests>166</fRunTests><fStop>false</fStop></junit.framework.TestResult></functionCall>
<functionCall><junit.tests.extensions.ActiveTestTest_-SuccessTest></junit.tests.extensions.ActiveTestTest_-SuccessTest><junit.framework.TestResult><fFailures></fFailures><fErrors></fErrors><fListeners></fListeners><fRunTests>167</fRunTests><fStop>false</fStop></junit.framework.TestResult></functionCall>
<functionCall><junit.tests.extensions.ActiveTestTest_-SuccessTest></junit.tests.extensions.ActiveTestTest_-SuccessTest><junit.framework.TestResult><fFailures></fFailures><fErrors></fErrors><fListeners></fListeners><fRunTests>168</fRunTests><fStop>false</fStop></junit.framework.TestResult></functionCall>
<functionCall><junit.tests.extensions.ActiveTestTest_-SuccessTest></junit.tests.extensions.ActiveTestTest_-SuccessTest><junit.framework.TestResult><fFailures></fFailures><fErrors></fErrors><fListeners></fListeners><fRunTests>169</fRunTests><fStop>false</fStop></junit.framework.TestResult></functionCall>
<functionCall><junit.tests.extensions.ActiveTestTest_-SuccessTest></junit.tests.extensions.ActiveTestTest_-SuccessTest><junit.framework.TestResult><fFailures></fFailures><fErrors></fErrors><fListeners></fListeners><fRunTests>170</fRunTests><fStop>false</fStop></junit.framework.TestResult></functionCall>
<functionCall><junit.tests.extensions.ActiveTestTest_-SuccessTest></junit.tests.extensions.ActiveTestTest_-SuccessTest><junit.framework.TestResult><fFailures></fFailures><fErrors></fErrors><fListeners></fListeners><fRunTests>171</fRunTests><fStop>false</fStop></junit.framework.TestResult></functionCall>
<functionCall><junit.tests.extensions.ActiveTestTest_-SuccessTest></junit.tests.extensions.ActiveTestTest_-SuccessTest><junit.framework.TestResult><fFailures></fFailures><fErrors></fErrors><fListeners></fListeners><fRunTests>172</fRunTests><fStop>false</fStop></junit.framework.TestResult></functionCall>
<functionCall><junit.tests.extensions.ActiveTestTest_-SuccessTest></junit.tests.extensions.ActiveTestTest_-SuccessTest><junit.framework.TestResult><fFailures></fFailures><fErrors></fErrors><fListeners></fListeners><fRunTests>173</fRunTests><fStop>false</fStop></junit.framework.TestResult></functionCall>
<functionCall><junit.tests.extensions.ActiveTestTest_-SuccessTest></junit.tests.extensions.ActiveTestTest_-SuccessTest><junit.framework.TestResult><fFailures></fFailures><fErrors></fErrors><fListeners></fListeners><fRunTests>174</fRunTests><fStop>false</fStop></junit.framework.TestResult></functionCall>
<functionCall><junit.tests.extensions.ActiveTestTest_-SuccessTest></junit.tests.extensions.ActiveTestTest_-SuccessTest><junit.framework.TestResult><fFailures></fFailures><fErrors></fErrors><fListeners></fListeners><fRunTests>175</fRunTests><fStop>false</fStop></junit.framework.TestResult></functionCall>
<functionCall><junit.tests.extensions.ActiveTestTest_-SuccessTest></junit.tests.extensions.ActiveTestTest_-SuccessTest><junit.framework.TestResult><fFailures></fFailures><fErrors></fErrors><fListeners></fListeners><fRunTests>176</fRunTests><fStop>false</fStop></junit.framework.TestResult></functionCall>
<functionCall><junit.tests.extensions.ActiveTestTest_-SuccessTest></junit.tests.extensions.ActiveTestTest_-SuccessTest><junit.framework.TestResult><fFailures></fFailures><fErrors></fErrors><fListeners></fListeners><fRunTests>177</fRunTests><fStop>false</fStop></junit.framework.TestResult></functionCall>
<functionCall><junit.tests.extensions.ActiveTestTest_-SuccessTest></junit.tests.extensions.ActiveTestTest_-SuccessTest><junit.framework.TestResult><fFailures></fFailures><fErrors></fErrors><fListeners></fListeners><fRunTests>178</fRunTests><fStop>false</fStop></junit.framework.TestResult></functionCall>
<functionCall><junit.tests.extensions.ActiveTestTest_-SuccessTest></junit.tests.extensions.ActiveTestTest_-SuccessTest><junit.framework.TestResult><fFailures></fFailures><fErrors></fErrors><fListeners></fListeners><fRunTests>179</fRunTests><fStop>false</fStop></junit.framework.TestResult></functionCall>
<functionCall><junit.tests.extensions.ActiveTestTest_-SuccessTest></junit.tests.extensions.ActiveTestTest_-SuccessTest><junit.framework.TestResult><fFailures></fFailures><fErrors></fErrors><fListeners></fListeners><fRunTests>180</fRunTests><fStop>false</fStop></junit.framework.TestResult></functionCall>
<functionCall><junit.tests.extensions.ActiveTestTest_-SuccessTest></junit.tests.extensions.ActiveTestTest_-SuccessTest><junit.framework.TestResult><fFailures></fFailures><fErrors></fErrors><fListeners></fListeners><fRunTests>181</fRunTests><fStop>false</fStop></junit.framework.TestResult></functionCall>
<functionCall><junit.tests.extensions.ActiveTestTest_-SuccessTest></junit.tests.extensions.ActiveTestTest_-SuccessTest><junit.framework.TestResult><fFailures></fFailures><fErrors></fErrors><fListeners></fListeners><fRunTests>182</fRunTests><fStop>false</fStop></junit.framework.TestResult></functionCall>
<functionCall><junit.tests.extensions.ActiveTestTest_-SuccessTest></junit.tests.extensions.ActiveTestTest_-SuccessTest><junit.framework.TestResult><fFailures></fFailures><fErrors></fErrors><fListeners></fListeners><fRunTests>183</fRunTests><fStop>false</fStop></junit.framework.TestResult></functionCall>
<functionCall><junit.tests.extensions.ActiveTestTest_-SuccessTest></junit.tests.extensions.ActiveTestTest_-SuccessTest><junit.framework.TestResult><fFailures></fFailures><fErrors></fErrors><fListeners></fListeners><fRunTests>184</fRunTests><fStop>false</fStop></junit.framework.TestResult></functionCall>
<functionCall><junit.tests.extensions.ActiveTestTest_-SuccessTest></junit.tests.extensions.ActiveTestTest_-SuccessTest><junit.framework.TestResult><fFailures></fFailures><fErrors></fErrors><fListeners></fListeners><fRunTests>185</fRunTests><fStop>false</fStop></junit.framework.TestResult></functionCall>
<functionCall><junit.tests.extensions.ActiveTestTest_-SuccessTest></junit.tests.extensions.ActiveTestTest_-SuccessTest><junit.framework.TestResult><fFailures></fFailures><fErrors></fErrors><fListeners></fListeners><fRunTests>186</fRunTests><fStop>false</fStop></junit.framework.TestResult></functionCall>
<functionCall><junit.tests.extensions.ActiveTestTest_-SuccessTest></junit.tests.extensions.ActiveTestTest_-SuccessTest><junit.framework.TestResult><fFailures></fFailures><fErrors></fErrors><fListeners></fListeners><fRunTests>187</fRunTests><fStop>false</fStop></junit.framework.TestResult></functionCall>
<functionCall><junit.tests.extensions.ActiveTestTest_-SuccessTest></junit.tests.extensions.ActiveTestTest_-SuccessTest><junit.framework.TestResult><fFailures></fFailures><fErrors></fErrors><fListeners></fListeners><fRunTests>188</fRunTests><fStop>false</fStop></junit.framework.TestResult></functionCall>
<functionCall><junit.tests.extensions.ActiveTestTest_-SuccessTest></junit.tests.extensions.ActiveTestTest_-SuccessTest><junit.framework.TestResult><fFailures></fFailures><fErrors></fErrors><fListeners></fListeners><fRunTests>189</fRunTests><fStop>false</fStop></junit.framework.TestResult></functionCall>
<functionCall><junit.tests.extensions.ActiveTestTest_-SuccessTest></junit.tests.extensions.ActiveTestTest_-SuccessTest><junit.framework.TestResult><fFailures></fFailures><fErrors></fErrors><fListeners></fListeners><fRunTests>190</fRunTests><fStop>false</fStop></junit.framework.TestResult></functionCall>
<functionCall><junit.tests.extensions.ActiveTestTest_-SuccessTest></junit.tests.extensions.ActiveTestTest_-SuccessTest><junit.framework.TestResult><fFailures></fFailures><fErrors></fErrors><fListeners></fListeners><fRunTests>191</fRunTests><fStop>false</fStop></junit.framework.TestResult></functionCall>
<functionCall><junit.tests.extensions.ActiveTestTest_-SuccessTest></junit.tests.extensions.ActiveTestTest_-SuccessTest><junit.framework.TestResult><fFailures></fFailures><fErrors></fErrors><fListeners></fListeners><fRunTests>192</fRunTests><fStop>false</fStop></junit.framework.TestResult></functionCall>
<functionCall><junit.tests.extensions.ActiveTestTest_-SuccessTest></junit.tests.extensions.ActiveTestTest_-SuccessTest><junit.framework.TestResult><fFailures></fFailures><fErrors></fErrors><fListeners></fListeners><fRunTests>193</fRunTests><fStop>false</fStop></junit.framework.TestResult></functionCall>
<functionCall><junit.tests.extensions.ActiveTestTest_-SuccessTest></junit.tests.extensions.ActiveTestTest_-SuccessTest><junit.framework.TestResult><fFailures></fFailures><fErrors></fErrors><fListeners></fListeners><fRunTests>194</fRunTests><fStop>false</fStop></junit.framework.TestResult></functionCall>
<functionCall><junit.tests.extensions.ActiveTestTest_-SuccessTest></junit.tests.extensions.ActiveTestTest_-SuccessTest><junit.framework.TestResult><fFailures></fFailures><fErrors></fErrors><fListeners></fListeners><fRunTests>195</fRunTests><fStop>false</fStop></junit.framework.TestResult></functionCall>
<functionCall><junit.tests.extensions.ActiveTestTest_-SuccessTest></junit.tests.extensions.ActiveTestTest_-SuccessTest><junit.framework.TestResult><fFailures></fFailures><fErrors></fErrors><fListeners></fListeners><fRunTests>196</fRunTests><fStop>false</fStop></junit.framework.TestResult></functionCall>
<functionCall><junit.tests.extensions.ActiveTestTest_-SuccessTest></junit.tests.extensions.ActiveTestTest_-SuccessTest><junit.framework.TestResult><fFailures></fFailures><fErrors></fErrors><fListeners></fListeners><fRunTests>197</fRunTests><fStop>false</fStop></junit.framework.TestResult></functionCall>
<functionCall><junit.tests.extensions.ActiveTestTest_-SuccessTest></junit.tests.extensions.ActiveTestTest_-SuccessTest><junit.framework.TestResult><fFailures></fFailures><fErrors></fErrors><fListeners></fListeners><fRunTests>198</fRunTests><fStop>false</fStop></junit.framework.TestResult></functionCall>
<functionCall><junit.tests.extensions.ActiveTestTest_-SuccessTest></junit.tests.extensions.ActiveTestTest_-SuccessTest><junit.framework.TestResult><fFailures></fFailures><fErrors></fErrors><fListeners></fListeners><fRunTests>199</fRunTests><fStop>false</fStop></junit.framework.TestResult></functionCall>
<functionCall><junit.tests.extensions.ActiveTestTest_-SuccessTest></junit.tests.extensions.ActiveTestTest_-SuccessTest><junit.framework.TestResult><fFailures></fFailures><fErrors></fErrors><fListeners></fListeners><fRunTests>200</fRunTests><fStop>false</fStop></junit.framework.TestResult></functionCall>
<functionCall><junit.tests.extensions.ActiveTestTest_-SuccessTest></junit.tests.extensions.ActiveTestTest_-SuccessTest><junit.framework.TestResult><fFailures></fFailures><fErrors></fErrors><fListeners></fListeners><fRunTests>201</fRunTests><fStop>false</fStop></junit.framework.TestResult></functionCall>
<functionCall><junit.tests.extensions.ActiveTestTest_-SuccessTest></junit.tests.extensions.ActiveTestTest_-SuccessTest><junit.framework.TestResult><fFailures></fFailures><fErrors></fErrors><fListeners></fListeners><fRunTests>202</fRunTests><fStop>false</fStop></junit.framework.TestResult></functionCall>
<functionCall><junit.tests.extensions.ActiveTestTest_-SuccessTest></junit.tests.extensions.ActiveTestTest_-SuccessTest><junit.framework.TestResult><fFailures></fFailures><fErrors></fErrors><fListeners></fListeners><fRunTests>203</fRunTests><fStop>false</fStop></junit.framework.TestResult></functionCall>
<functionCall><junit.tests.extensions.ActiveTestTest_-SuccessTest></junit.tests.extensions.ActiveTestTest_-SuccessTest><junit.framework.TestResult><fFailures></fFailures><fErrors></fErrors><fListeners></fListeners><fRunTests>204</fRunTests><fStop>false</fStop></junit.framework.TestResult></functionCall>
<functionCall><junit.tests.extensions.ActiveTestTest_-SuccessTest></junit.tests.extensions.ActiveTestTest_-SuccessTest><junit.framework.TestResult><fFailures></fFailures><fErrors></fErrors><fListeners></fListeners><fRunTests>205</fRunTests><fStop>false</fStop></junit.framework.TestResult></functionCall>
<functionCall><junit.tests.extensions.ActiveTestTest_-SuccessTest></junit.tests.extensions.ActiveTestTest_-SuccessTest><junit.framework.TestResult><fFailures></fFailures><fErrors></fErrors><fListeners></fListeners><fRunTests>206</fRunTests><fStop>false</fStop></junit.framework.TestResult></functionCall>
<functionCall><junit.tests.extensions.ActiveTestTest_-SuccessTest></junit.tests.extensions.ActiveTestTest_-SuccessTest><junit.framework.TestResult><fFailures></fFailures><fErrors></fErrors><fListeners></fListeners><fRunTests>207</fRunTests><fStop>false</fStop></junit.framework.TestResult></functionCall>
<functionCall><junit.tests.extensions.ActiveTestTest_-SuccessTest></junit.tests.extensions.ActiveTestTest_-SuccessTest><junit.framework.TestResult><fFailures></fFailures><fErrors></fErrors><fListeners></fListeners><fRunTests>208</fRunTests><fStop>false</fStop></junit.framework.TestResult></functionCall>
<functionCall><junit.tests.extensions.ActiveTestTest_-SuccessTest></junit.tests.extensions.ActiveTestTest_-SuccessTest><junit.framework.TestResult><fFailures></fFailures><fErrors></fErrors><fListeners></fListeners><fRunTests>209</fRunTests><fStop>false</fStop></junit.framework.TestResult></functionCall>
<functionCall><junit.tests.extensions.ActiveTestTest_-SuccessTest></junit.tests.extensions.ActiveTestTest_-SuccessTest><junit.framework.TestResult><fFailures></fFailures><fErrors></fErrors><fListeners></fListeners><fRunTests>210</fRunTests><fStop>false</fStop></junit.framework.TestResult></functionCall>
<functionCall><junit.tests.extensions.ActiveTestTest_-SuccessTest></junit.tests.extensions.ActiveTestTest_-SuccessTest><junit.framework.TestResult><fFailures></fFailures><fErrors></fErrors><fListeners></fListeners><fRunTests>211</fRunTests><fStop>false</fStop></junit.framework.TestResult></functionCall>
<functionCall><junit.tests.extensions.ActiveTestTest_-SuccessTest></junit.tests.extensions.ActiveTestTest_-SuccessTest><junit.framework.TestResult><fFailures></fFailures><fErrors></fErrors><fListeners></fListeners><fRunTests>212</fRunTests><fStop>false</fStop></junit.framework.TestResult></functionCall>
<functionCall><junit.tests.extensions.ActiveTestTest_-SuccessTest></junit.tests.extensions.ActiveTestTest_-SuccessTest><junit.framework.TestResult><fFailures></fFailures><fErrors></fErrors><fListeners></fListeners><fRunTests>213</fRunTests><fStop>false</fStop></junit.framework.TestResult></functionCall>
<functionCall><junit.tests.extensions.ActiveTestTest_-SuccessTest></junit.tests.extensions.ActiveTestTest_-SuccessTest><junit.framework.TestResult><fFailures></fFailures><fErrors></fErrors><fListeners></fListeners><fRunTests>214</fRunTests><fStop>false</fStop></junit.framework.TestResult></functionCall>
<functionCall><junit.tests.extensions.ActiveTestTest_-SuccessTest></junit.tests.extensions.ActiveTestTest_-SuccessTest><junit.framework.TestResult><fFailures></fFailures><fErrors></fErrors><fListeners></fListeners><fRunTests>215</fRunTests><fStop>false</fStop></junit.framework.TestResult></functionCall>
<functionCall><junit.tests.extensions.ActiveTestTest_-SuccessTest></junit.tests.extensions.ActiveTestTest_-SuccessTest><junit.framework.TestResult><fFailures></fFailures><fErrors></fErrors><fListeners></fListeners><fRunTests>216</fRunTests><fStop>false</fStop></junit.framework.TestResult></functionCall>
<functionCall><junit.tests.extensions.ActiveTestTest_-SuccessTest></junit.tests.extensions.ActiveTestTest_-SuccessTest><junit.framework.TestResult><fFailures></fFailures><fErrors></fErrors><fListeners></fListeners><fRunTests>217</fRunTests><fStop>false</fStop></junit.framework.TestResult></functionCall>
<functionCall><junit.tests.extensions.ActiveTestTest_-SuccessTest></junit.tests.extensions.ActiveTestTest_-SuccessTest><junit.framework.TestResult><fFailures></fFailures><fErrors></fErrors><fListeners></fListeners><fRunTests>218</fRunTests><fStop>false</fStop></junit.framework.TestResult></functionCall>
<functionCall><junit.tests.extensions.ActiveTestTest_-SuccessTest></junit.tests.extensions.ActiveTestTest_-SuccessTest><junit.framework.TestResult><fFailures></fFailures><fErrors></fErrors><fListeners></fListeners><fRunTests>219</fRunTests><fStop>false</fStop></junit.framework.TestResult></functionCall>
<functionCall><junit.tests.extensions.ActiveTestTest_-SuccessTest></junit.tests.extensions.ActiveTestTest_-SuccessTest><junit.framework.TestResult><fFailures></fFailures><fErrors></fErrors><fListeners></fListeners><fRunTests>220</fRunTests><fStop>false</fStop></junit.framework.TestResult></functionCall>
<functionCall><junit.tests.extensions.ActiveTestTest_-SuccessTest></junit.tests.extensions.ActiveTestTest_-SuccessTest><junit.framework.TestResult><fFailures></fFailures><fErrors></fErrors><fListeners></fListeners><fRunTests>221</fRunTests><fStop>false</fStop></junit.framework.TestResult></functionCall>
<functionCall><junit.tests.extensions.ActiveTestTest_-SuccessTest></junit.tests.extensions.ActiveTestTest_-SuccessTest><junit.framework.TestResult><fFailures></fFailures><fErrors></fErrors><fListeners></fListeners><fRunTests>222</fRunTests><fStop>false</fStop></junit.framework.TestResult></functionCall>
<functionCall><junit.tests.extensions.ActiveTestTest_-SuccessTest></junit.tests.extensions.ActiveTestTest_-SuccessTest><junit.framework.TestResult><fFailures></fFailures><fErrors></fErrors><fListeners></fListeners><fRunTests>223</fRunTests><fStop>false</fStop></junit.framework.TestResult></functionCall>
<functionCall><junit.tests.extensions.ActiveTestTest_-SuccessTest></junit.tests.extensions.ActiveTestTest_-SuccessTest><junit.framework.TestResult><fFailures></fFailures><fErrors></fErrors><fListeners></fListeners><fRunTests>224</fRunTests><fStop>false</fStop></junit.framework.TestResult></functionCall>
<functionCall><junit.tests.extensions.ActiveTestTest_-SuccessTest></junit.tests.extensions.ActiveTestTest_-SuccessTest><junit.framework.TestResult><fFailures></fFailures><fErrors></fErrors><fListeners></fListeners><fRunTests>225</fRunTests><fStop>false</fStop></junit.framework.TestResult></functionCall>
<functionCall><junit.tests.extensions.ActiveTestTest_-SuccessTest></junit.tests.extensions.ActiveTestTest_-SuccessTest><junit.framework.TestResult><fFailures></fFailures><fErrors></fErrors><fListeners></fListeners><fRunTests>226</fRunTests><fStop>false</fStop></junit.framework.TestResult></functionCall>
<functionCall><junit.tests.extensions.ActiveTestTest_-SuccessTest></junit.tests.extensions.ActiveTestTest_-SuccessTest><junit.framework.TestResult><fFailures></fFailures><fErrors></fErrors><fListeners></fListeners><fRunTests>227</fRunTests><fStop>false</fStop></junit.framework.TestResult></functionCall>
<functionCall><junit.tests.extensions.ActiveTestTest_-SuccessTest></junit.tests.extensions.ActiveTestTest_-SuccessTest><junit.framework.TestResult><fFailures></fFailures><fErrors></fErrors><fListeners></fListeners><fRunTests>228</fRunTests><fStop>false</fStop></junit.framework.TestResult></functionCall>
<functionCall><junit.tests.extensions.ActiveTestTest_-SuccessTest></junit.tests.extensions.ActiveTestTest_-SuccessTest><junit.framework.TestResult><fFailures></fFailures><fErrors></fErrors><fListeners></fListeners><fRunTests>229</fRunTests><fStop>false</fStop></junit.framework.TestResult></functionCall>
<functionCall><junit.tests.extensions.ActiveTestTest_-SuccessTest></junit.tests.extensions.ActiveTestTest_-SuccessTest><junit.framework.TestResult><fFailures></fFailures><fErrors></fErrors><fListeners></fListeners><fRunTests>230</fRunTests><fStop>false</fStop></junit.framework.TestResult></functionCall>
<functionCall><junit.tests.extensions.ActiveTestTest_-SuccessTest></junit.tests.extensions.ActiveTestTest_-SuccessTest><junit.framework.TestResult><fFailures></fFailures><fErrors></fErrors><fListeners></fListeners><fRunTests>231</fRunTests><fStop>false</fStop></junit.framework.TestResult></functionCall>
<functionCall><junit.tests.extensions.ActiveTestTest_-SuccessTest></junit.tests.extensions.ActiveTestTest_-SuccessTest><junit.framework.TestResult><fFailures></fFailures><fErrors></fErrors><fListeners></fListeners><fRunTests>232</fRunTests><fStop>false</fStop></junit.framework.TestResult></functionCall>
<functionCall><junit.tests.extensions.ActiveTestTest_-SuccessTest></junit.tests.extensions.ActiveTestTest_-SuccessTest><junit.framework.TestResult><fFailures></fFailures><fErrors></fErrors><fListeners></fListeners><fRunTests>233</fRunTests><fStop>false</fStop></junit.framework.TestResult></functionCall>
<functionCall><junit.tests.extensions.ActiveTestTest_-SuccessTest></junit.tests.extensions.ActiveTestTest_-SuccessTest><junit.framework.TestResult><fFailures></fFailures><fErrors></fErrors><fListeners></fListeners><fRunTests>234</fRunTests><fStop>false</fStop></junit.framework.TestResult></functionCall>
<functionCall><junit.tests.extensions.ActiveTestTest_-SuccessTest></junit.tests.extensions.ActiveTestTest_-SuccessTest><junit.framework.TestResult><fFailures></fFailures><fErrors></fErrors><fListeners></fListeners><fRunTests>235</fRunTests><fStop>false</fStop></junit.framework.TestResult></functionCall>
<functionCall><junit.tests.extensions.ActiveTestTest_-SuccessTest></junit.tests.extensions.ActiveTestTest_-SuccessTest><junit.framework.TestResult><fFailures></fFailures><fErrors></fErrors><fListeners></fListeners><fRunTests>236</fRunTests><fStop>false</fStop></junit.framework.TestResult></functionCall>
<functionCall><junit.tests.extensions.ActiveTestTest_-SuccessTest></junit.tests.extensions.ActiveTestTest_-SuccessTest><junit.framework.TestResult><fFailures></fFailures><fErrors></fErrors><fListeners></fListeners><fRunTests>237</fRunTests><fStop>false</fStop></junit.framework.TestResult></functionCall>
<functionCall><junit.tests.extensions.ActiveTestTest_-SuccessTest></junit.tests.extensions.ActiveTestTest_-SuccessTest><junit.framework.TestResult><fFailures></fFailures><fErrors></fErrors><fListeners></fListeners><fRunTests>238</fRunTests><fStop>false</fStop></junit.framework.TestResult></functionCall>
<functionCall><junit.tests.extensions.ActiveTestTest_-SuccessTest></junit.tests.extensions.ActiveTestTest_-SuccessTest><junit.framework.TestResult><fFailures></fFailures><fErrors></fErrors><fListeners></fListeners><fRunTests>239</fRunTests><fStop>false</fStop></junit.framework.TestResult></functionCall>
<functionCall><junit.tests.extensions.ActiveTestTest_-SuccessTest></junit.tests.extensions.ActiveTestTest_-SuccessTest><junit.framework.TestResult><fFailures></fFailures><fErrors></fErrors><fListeners></fListeners><fRunTests>240</fRunTests><fStop>false</fStop></junit.framework.TestResult></functionCall>
<functionCall><junit.tests.extensions.ActiveTestTest_-SuccessTest></junit.tests.extensions.ActiveTestTest_-SuccessTest><junit.framework.TestResult><fFailures></fFailures><fErrors></fErrors><fListeners></fListeners><fRunTests>241</fRunTests><fStop>false</fStop></junit.framework.TestResult></functionCall>
<functionCall><junit.tests.extensions.ActiveTestTest_-SuccessTest></junit.tests.extensions.ActiveTestTest_-SuccessTest><junit.framework.TestResult><fFailures></fFailures><fErrors></fErrors><fListeners></fListeners><fRunTests>242</fRunTests><fStop>false</fStop></junit.framework.TestResult></functionCall>
<functionCall><junit.tests.extensions.ActiveTestTest_-SuccessTest></junit.tests.extensions.ActiveTestTest_-SuccessTest><junit.framework.TestResult><fFailures></fFailures><fErrors></fErrors><fListeners></fListeners><fRunTests>243</fRunTests><fStop>false</fStop></junit.framework.TestResult></functionCall>
<functionCall><junit.tests.extensions.ActiveTestTest_-SuccessTest></junit.tests.extensions.ActiveTestTest_-SuccessTest><junit.framework.TestResult><fFailures></fFailures><fErrors></fErrors><fListeners></fListeners><fRunTests>244</fRunTests><fStop>false</fStop></junit.framework.TestResult></functionCall>
<functionCall><junit.tests.extensions.ActiveTestTest_-SuccessTest></junit.tests.extensions.ActiveTestTest_-SuccessTest><junit.framework.TestResult><fFailures></fFailures><fErrors></fErrors><fListeners></fListeners><fRunTests>245</fRunTests><fStop>false</fStop></junit.framework.TestResult></functionCall>
<functionCall><junit.tests.extensions.ActiveTestTest_-SuccessTest></junit.tests.extensions.ActiveTestTest_-SuccessTest><junit.framework.TestResult><fFailures></fFailures><fErrors></fErrors><fListeners></fListeners><fRunTests>246</fRunTests><fStop>false</fStop></junit.framework.TestResult></functionCall>
<functionCall><junit.tests.extensions.ActiveTestTest_-SuccessTest></junit.tests.extensions.ActiveTestTest_-SuccessTest><junit.framework.TestResult><fFailures></fFailures><fErrors></fErrors><fListeners></fListeners><fRunTests>247</fRunTests><fStop>false</fStop></junit.framework.TestResult></functionCall>
<functionCall><junit.tests.extensions.ActiveTestTest_-SuccessTest></junit.tests.extensions.ActiveTestTest_-SuccessTest><junit.framework.TestResult><fFailures></fFailures><fErrors></fErrors><fListeners></fListeners><fRunTests>248</fRunTests><fStop>false</fStop></junit.framework.TestResult></functionCall>
<functionCall><junit.tests.extensions.ActiveTestTest_-SuccessTest></junit.tests.extensions.ActiveTestTest_-SuccessTest><junit.framework.TestResult><fFailures></fFailures><fErrors></fErrors><fListeners></fListeners><fRunTests>249</fRunTests><fStop>false</fStop></junit.framework.TestResult></functionCall>
<functionCall><junit.tests.extensions.ActiveTestTest_-SuccessTest></junit.tests.extensions.ActiveTestTest_-SuccessTest><junit.framework.TestResult><fFailures></fFailures><fErrors></fErrors><fListeners></fListeners><fRunTests>250</fRunTests><fStop>false</fStop></junit.framework.TestResult></functionCall>
<functionCall><junit.tests.extensions.ActiveTestTest_-SuccessTest></junit.tests.extensions.ActiveTestTest_-SuccessTest><junit.framework.TestResult><fFailures></fFailures><fErrors></fErrors><fListeners></fListeners><fRunTests>251</fRunTests><fStop>false</fStop></junit.framework.TestResult></functionCall>
<functionCall><junit.tests.extensions.ActiveTestTest_-SuccessTest></junit.tests.extensions.ActiveTestTest_-SuccessTest><junit.framework.TestResult><fFailures></fFailures><fErrors></fErrors><fListeners></fListeners><fRunTests>252</fRunTests><fStop>false</fStop></junit.framework.TestResult></functionCall>
<functionCall><junit.tests.extensions.ActiveTestTest_-SuccessTest></junit.tests.extensions.ActiveTestTest_-SuccessTest><junit.framework.TestResult><fFailures></fFailures><fErrors></fErrors><fListeners></fListeners><fRunTests>253</fRunTests><fStop>false</fStop></junit.framework.TestResult></functionCall>
<functionCall><junit.tests.extensions.ActiveTestTest_-SuccessTest></junit.tests.extensions.ActiveTestTest_-SuccessTest><junit.framework.TestResult><fFailures></fFailures><fErrors></fErrors><fListeners></fListeners><fRunTests>254</fRunTests><fStop>false</fStop></junit.framework.TestResult></functionCall>
<functionCall><junit.tests.extensions.ActiveTestTest_-SuccessTest></junit.tests.extensions.ActiveTestTest_-SuccessTest><junit.framework.TestResult><fFailures></fFailures><fErrors></fErrors><fListeners></fListeners><fRunTests>255</fRunTests><fStop>false</fStop></junit.framework.TestResult></functionCall>
<functionCall><junit.tests.extensions.ActiveTestTest_-SuccessTest></junit.tests.extensions.ActiveTestTest_-SuccessTest><junit.framework.TestResult><fFailures></fFailures><fErrors></fErrors><fListeners></fListeners><fRunTests>256</fRunTests><fStop>false</fStop></junit.framework.TestResult></functionCall>
<functionCall><junit.tests.extensions.ActiveTestTest_-SuccessTest></junit.tests.extensions.ActiveTestTest_-SuccessTest><junit.framework.TestResult><fFailures></fFailures><fErrors></fErrors><fListeners></fListeners><fRunTests>257</fRunTests><fStop>false</fStop></junit.framework.TestResult></functionCall>
<functionCall><junit.tests.extensions.ActiveTestTest_-SuccessTest></junit.tests.extensions.ActiveTestTest_-SuccessTest><junit.framework.TestResult><fFailures></fFailures><fErrors></fErrors><fListeners></fListeners><fRunTests>258</fRunTests><fStop>false</fStop></junit.framework.TestResult></functionCall>
<functionCall><junit.tests.extensions.ActiveTestTest_-SuccessTest></junit.tests.extensions.ActiveTestTest_-SuccessTest><junit.framework.TestResult><fFailures></fFailures><fErrors></fErrors><fListeners></fListeners><fRunTests>259</fRunTests><fStop>false</fStop></junit.framework.TestResult></functionCall>
<functionCall><junit.tests.extensions.ActiveTestTest_-SuccessTest></junit.tests.extensions.ActiveTestTest_-SuccessTest><junit.framework.TestResult><fFailures></fFailures><fErrors></fErrors><fListeners></fListeners><fRunTests>260</fRunTests><fStop>false</fStop></junit.framework.TestResult></functionCall>
<functionCall><junit.tests.extensions.ActiveTestTest_-SuccessTest></junit.tests.extensions.ActiveTestTest_-SuccessTest><junit.framework.TestResult><fFailures></fFailures><fErrors></fErrors><fListeners></fListeners><fRunTests>261</fRunTests><fStop>false</fStop></junit.framework.TestResult></functionCall>
<functionCall><junit.tests.extensions.ActiveTestTest_-SuccessTest></junit.tests.extensions.ActiveTestTest_-SuccessTest><junit.framework.TestResult><fFailures></fFailures><fErrors></fErrors><fListeners></fListeners><fRunTests>262</fRunTests><fStop>false</fStop></junit.framework.TestResult></functionCall>
<functionCall><junit.tests.extensions.ActiveTestTest_-SuccessTest></junit.tests.extensions.ActiveTestTest_-SuccessTest><junit.framework.TestResult><fFailures></fFailures><fErrors></fErrors><fListeners></fListeners><fRunTests>263</fRunTests><fStop>false</fStop></junit.framework.TestResult></functionCall>
<functionCall><junit.tests.extensions.ActiveTestTest_-SuccessTest></junit.tests.extensions.ActiveTestTest_-SuccessTest><junit.framework.TestResult><fFailures></fFailures><fErrors></fErrors><fListeners></fListeners><fRunTests>264</fRunTests><fStop>false</fStop></junit.framework.TestResult></functionCall>
<functionCall><junit.tests.extensions.ActiveTestTest_-SuccessTest></junit.tests.extensions.ActiveTestTest_-SuccessTest><junit.framework.TestResult><fFailures></fFailures><fErrors></fErrors><fListeners></fListeners><fRunTests>265</fRunTests><fStop>false</fStop></junit.framework.TestResult></functionCall>
<functionCall><junit.tests.extensions.ActiveTestTest_-SuccessTest></junit.tests.extensions.ActiveTestTest_-SuccessTest><junit.framework.TestResult><fFailures></fFailures><fErrors></fErrors><fListeners></fListeners><fRunTests>266</fRunTests><fStop>false</fStop></junit.framework.TestResult></functionCall>
<functionCall><junit.tests.extensions.ActiveTestTest_-SuccessTest></junit.tests.extensions.ActiveTestTest_-SuccessTest><junit.framework.TestResult><fFailures></fFailures><fErrors></fErrors><fListeners></fListeners><fRunTests>267</fRunTests><fStop>false</fStop></junit.framework.TestResult></functionCall>
<functionCall><junit.tests.extensions.ActiveTestTest_-SuccessTest></junit.tests.extensions.ActiveTestTest_-SuccessTest><junit.framework.TestResult><fFailures></fFailures><fErrors></fErrors><fListeners></fListeners><fRunTests>268</fRunTests><fStop>false</fStop></junit.framework.TestResult></functionCall>
<functionCall><junit.tests.extensions.ActiveTestTest_-SuccessTest></junit.tests.extensions.ActiveTestTest_-SuccessTest><junit.framework.TestResult><fFailures></fFailures><fErrors></fErrors><fListeners></fListeners><fRunTests>269</fRunTests><fStop>false</fStop></junit.framework.TestResult></functionCall>
<functionCall><junit.tests.extensions.ActiveTestTest_-SuccessTest></junit.tests.extensions.ActiveTestTest_-SuccessTest><junit.framework.TestResult><fFailures></fFailures><fErrors></fErrors><fListeners></fListeners><fRunTests>270</fRunTests><fStop>false</fStop></junit.framework.TestResult></functionCall>
<functionCall><junit.tests.extensions.ActiveTestTest_-SuccessTest></junit.tests.extensions.ActiveTestTest_-SuccessTest><junit.framework.TestResult><fFailures></fFailures><fErrors></fErrors><fListeners></fListeners><fRunTests>271</fRunTests><fStop>false</fStop></junit.framework.TestResult></functionCall>
<functionCall><junit.tests.extensions.ActiveTestTest_-SuccessTest></junit.tests.extensions.ActiveTestTest_-SuccessTest><junit.framework.TestResult><fFailures></fFailures><fErrors></fErrors><fListeners></fListeners><fRunTests>272</fRunTests><fStop>false</fStop></junit.framework.TestResult></functionCall>
<functionCall><junit.tests.extensions.ActiveTestTest_-SuccessTest></junit.tests.extensions.ActiveTestTest_-SuccessTest><junit.framework.TestResult><fFailures></fFailures><fErrors></fErrors><fListeners></fListeners><fRunTests>273</fRunTests><fStop>false</fStop></junit.framework.TestResult></functionCall>
<functionCall><junit.tests.extensions.ActiveTestTest_-SuccessTest></junit.tests.extensions.ActiveTestTest_-SuccessTest><junit.framework.TestResult><fFailures></fFailures><fErrors></fErrors><fListeners></fListeners><fRunTests>274</fRunTests><fStop>false</fStop></junit.framework.TestResult></functionCall>
<functionCall><junit.tests.extensions.ActiveTestTest_-SuccessTest></junit.tests.extensions.ActiveTestTest_-SuccessTest><junit.framework.TestResult><fFailures></fFailures><fErrors></fErrors><fListeners></fListeners><fRunTests>275</fRunTests><fStop>false</fStop></junit.framework.TestResult></functionCall>
<functionCall><junit.tests.extensions.ActiveTestTest_-SuccessTest></junit.tests.extensions.ActiveTestTest_-SuccessTest><junit.framework.TestResult><fFailures></fFailures><fErrors></fErrors><fListeners></fListeners><fRunTests>276</fRunTests><fStop>false</fStop></junit.framework.TestResult></functionCall>
<functionCall><junit.tests.extensions.ActiveTestTest_-SuccessTest></junit.tests.extensions.ActiveTestTest_-SuccessTest><junit.framework.TestResult><fFailures></fFailures><fErrors></fErrors><fListeners></fListeners><fRunTests>277</fRunTests><fStop>false</fStop></junit.framework.TestResult></functionCall>
<functionCall><junit.tests.extensions.ActiveTestTest_-SuccessTest></junit.tests.extensions.ActiveTestTest_-SuccessTest><junit.framework.TestResult><fFailures></fFailures><fErrors></fErrors><fListeners></fListeners><fRunTests>278</fRunTests><fStop>false</fStop></junit.framework.TestResult></functionCall>
<functionCall><junit.tests.extensions.ActiveTestTest_-SuccessTest></junit.tests.extensions.ActiveTestTest_-SuccessTest><junit.framework.TestResult><fFailures></fFailures><fErrors></fErrors><fListeners></fListeners><fRunTests>279</fRunTests><fStop>false</fStop></junit.framework.TestResult></functionCall>
<functionCall><junit.tests.extensions.ActiveTestTest_-SuccessTest></junit.tests.extensions.ActiveTestTest_-SuccessTest><junit.framework.TestResult><fFailures></fFailures><fErrors></fErrors><fListeners></fListeners><fRunTests>280</fRunTests><fStop>false</fStop></junit.framework.TestResult></functionCall>
<functionCall><junit.tests.extensions.ActiveTestTest_-SuccessTest></junit.tests.extensions.ActiveTestTest_-SuccessTest><junit.framework.TestResult><fFailures></fFailures><fErrors></fErrors><fListeners></fListeners><fRunTests>281</fRunTests><fStop>false</fStop></junit.framework.TestResult></functionCall>
<functionCall><junit.tests.extensions.ActiveTestTest_-SuccessTest></junit.tests.extensions.ActiveTestTest_-SuccessTest><junit.framework.TestResult><fFailures></fFailures><fErrors></fErrors><fListeners></fListeners><fRunTests>282</fRunTests><fStop>false</fStop></junit.framework.TestResult></functionCall>
<functionCall><junit.tests.extensions.ActiveTestTest_-SuccessTest></junit.tests.extensions.ActiveTestTest_-SuccessTest><junit.framework.TestResult><fFailures></fFailures><fErrors></fErrors><fListeners></fListeners><fRunTests>283</fRunTests><fStop>false</fStop></junit.framework.TestResult></functionCall>
<functionCall><junit.tests.extensions.ActiveTestTest_-SuccessTest></junit.tests.extensions.ActiveTestTest_-SuccessTest><junit.framework.TestResult><fFailures></fFailures><fErrors></fErrors><fListeners></fListeners><fRunTests>284</fRunTests><fStop>false</fStop></junit.framework.TestResult></functionCall>
<functionCall><junit.tests.extensions.ActiveTestTest_-SuccessTest></junit.tests.extensions.ActiveTestTest_-SuccessTest><junit.framework.TestResult><fFailures></fFailures><fErrors></fErrors><fListeners></fListeners><fRunTests>285</fRunTests><fStop>false</fStop></junit.framework.TestResult></functionCall>
<functionCall><junit.tests.extensions.ActiveTestTest_-SuccessTest></junit.tests.extensions.ActiveTestTest_-SuccessTest><junit.framework.TestResult><fFailures></fFailures><fErrors></fErrors><fListeners></fListeners><fRunTests>286</fRunTests><fStop>false</fStop></junit.framework.TestResult></functionCall>
<functionCall><junit.tests.extensions.ActiveTestTest_-SuccessTest></junit.tests.extensions.ActiveTestTest_-SuccessTest><junit.framework.TestResult><fFailures></fFailures><fErrors></fErrors><fListeners></fListeners><fRunTests>287</fRunTests><fStop>false</fStop></junit.framework.TestResult></functionCall>
<functionCall><junit.tests.extensions.ActiveTestTest_-SuccessTest></junit.tests.extensions.ActiveTestTest_-SuccessTest><junit.framework.TestResult><fFailures></fFailures><fErrors></fErrors><fListeners></fListeners><fRunTests>288</fRunTests><fStop>false</fStop></junit.framework.TestResult></functionCall>
<functionCall><junit.tests.extensions.ActiveTestTest_-SuccessTest></junit.tests.extensions.ActiveTestTest_-SuccessTest><junit.framework.TestResult><fFailures></fFailures><fErrors></fErrors><fListeners></fListeners><fRunTests>289</fRunTests><fStop>false</fStop></junit.framework.TestResult></functionCall>
<functionCall><junit.tests.extensions.ActiveTestTest_-SuccessTest></junit.tests.extensions.ActiveTestTest_-SuccessTest><junit.framework.TestResult><fFailures></fFailures><fErrors></fErrors><fListeners></fListeners><fRunTests>290</fRunTests><fStop>false</fStop></junit.framework.TestResult></functionCall>
<functionCall><junit.tests.extensions.ActiveTestTest_-SuccessTest></junit.tests.extensions.ActiveTestTest_-SuccessTest><junit.framework.TestResult><fFailures></fFailures><fErrors></fErrors><fListeners></fListeners><fRunTests>291</fRunTests><fStop>false</fStop></junit.framework.TestResult></functionCall>
<functionCall><junit.tests.extensions.ActiveTestTest_-SuccessTest></junit.tests.extensions.ActiveTestTest_-SuccessTest><junit.framework.TestResult><fFailures></fFailures><fErrors></fErrors><fListeners></fListeners><fRunTests>292</fRunTests><fStop>false</fStop></junit.framework.TestResult></functionCall>
<functionCall><junit.tests.extensions.ActiveTestTest_-SuccessTest></junit.tests.extensions.ActiveTestTest_-SuccessTest><junit.framework.TestResult><fFailures></fFailures><fErrors></fErrors><fListeners></fListeners><fRunTests>293</fRunTests><fStop>false</fStop></junit.framework.TestResult></functionCall>
<functionCall><junit.tests.extensions.ActiveTestTest_-SuccessTest></junit.tests.extensions.ActiveTestTest_-SuccessTest><junit.framework.TestResult><fFailures></fFailures><fErrors></fErrors><fListeners></fListeners><fRunTests>294</fRunTests><fStop>false</fStop></junit.framework.TestResult></functionCall>
<functionCall><junit.tests.extensions.ActiveTestTest_-SuccessTest></junit.tests.extensions.ActiveTestTest_-SuccessTest><junit.framework.TestResult><fFailures></fFailures><fErrors></fErrors><fListeners></fListeners><fRunTests>295</fRunTests><fStop>false</fStop></junit.framework.TestResult></functionCall>
<functionCall><junit.tests.extensions.ActiveTestTest_-SuccessTest></junit.tests.extensions.ActiveTestTest_-SuccessTest><junit.framework.TestResult><fFailures></fFailures><fErrors></fErrors><fListeners></fListeners><fRunTests>296</fRunTests><fStop>false</fStop></junit.framework.TestResult></functionCall>
<functionCall><junit.tests.extensions.ActiveTestTest_-SuccessTest></junit.tests.extensions.ActiveTestTest_-SuccessTest><junit.framework.TestResult><fFailures></fFailures><fErrors></fErrors><fListeners></fListeners><fRunTests>297</fRunTests><fStop>false</fStop></junit.framework.TestResult></functionCall>
<functionCall><junit.tests.extensions.ActiveTestTest_-SuccessTest></junit.tests.extensions.ActiveTestTest_-SuccessTest><junit.framework.TestResult><fFailures></fFailures><fErrors></fErrors><fListeners></fListeners><fRunTests>298</fRunTests><fStop>false</fStop></junit.framework.TestResult></functionCall>
<functionCall><junit.tests.extensions.ActiveTestTest_-SuccessTest></junit.tests.extensions.ActiveTestTest_-SuccessTest><junit.framework.TestResult><fFailures></fFailures><fErrors></fErrors><fListeners></fListeners><fRunTests>299</fRunTests><fStop>false</fStop></junit.framework.TestResult></functionCall>
<functionCall><junit.tests.extensions.ActiveTestTest_-SuccessTest></junit.tests.extensions.ActiveTestTest_-SuccessTest><junit.framework.TestResult><fFailures></fFailures><fErrors></fErrors><fListeners></fListeners><fRunTests>300</fRunTests><fStop>false</fStop></junit.framework.TestResult></functionCall>
<functionCall><junit.tests.extensions.ActiveTestTest_-SuccessTest></junit.tests.extensions.ActiveTestTest_-SuccessTest><junit.framework.TestResult><fFailures></fFailures><fErrors></fErrors><fListeners></fListeners><fRunTests>301</fRunTests><fStop>false</fStop></junit.framework.TestResult></functionCall>
<functionCall><junit.tests.extensions.ActiveTestTest_-SuccessTest></junit.tests.extensions.ActiveTestTest_-SuccessTest><junit.framework.TestResult><fFailures></fFailures><fErrors></fErrors><fListeners></fListeners><fRunTests>302</fRunTests><fStop>false</fStop></junit.framework.TestResult></functionCall>
<functionCall><junit.tests.extensions.ActiveTestTest_-SuccessTest></junit.tests.extensions.ActiveTestTest_-SuccessTest><junit.framework.TestResult><fFailures></fFailures><fErrors></fErrors><fListeners></fListeners><fRunTests>303</fRunTests><fStop>false</fStop></junit.framework.TestResult></functionCall>
<functionCall><junit.tests.extensions.ActiveTestTest_-SuccessTest></junit.tests.extensions.ActiveTestTest_-SuccessTest><junit.framework.TestResult><fFailures></fFailures><fErrors></fErrors><fListeners></fListeners><fRunTests>304</fRunTests><fStop>false</fStop></junit.framework.TestResult></functionCall>
<functionCall><junit.tests.extensions.ActiveTestTest_-SuccessTest></junit.tests.extensions.ActiveTestTest_-SuccessTest><junit.framework.TestResult><fFailures></fFailures><fErrors></fErrors><fListeners></fListeners><fRunTests>305</fRunTests><fStop>false</fStop></junit.framework.TestResult></functionCall>
<functionCall><junit.tests.extensions.ActiveTestTest_-SuccessTest></junit.tests.extensions.ActiveTestTest_-SuccessTest><junit.framework.TestResult><fFailures></fFailures><fErrors></fErrors><fListeners></fListeners><fRunTests>306</fRunTests><fStop>false</fStop></junit.framework.TestResult></functionCall>
<functionCall><junit.tests.extensions.ActiveTestTest_-SuccessTest></junit.tests.extensions.ActiveTestTest_-SuccessTest><junit.framework.TestResult><fFailures></fFailures><fErrors></fErrors><fListeners></fListeners><fRunTests>307</fRunTests><fStop>false</fStop></junit.framework.TestResult></functionCall>
<functionCall><junit.tests.extensions.ActiveTestTest_-SuccessTest></junit.tests.extensions.ActiveTestTest_-SuccessTest><junit.framework.TestResult><fFailures></fFailures><fErrors></fErrors><fListeners></fListeners><fRunTests>308</fRunTests><fStop>false</fStop></junit.framework.TestResult></functionCall>
<functionCall><junit.tests.extensions.ActiveTestTest_-SuccessTest></junit.tests.extensions.ActiveTestTest_-SuccessTest><junit.framework.TestResult><fFailures></fFailures><fErrors></fErrors><fListeners></fListeners><fRunTests>309</fRunTests><fStop>false</fStop></junit.framework.TestResult></functionCall>
<functionCall><junit.tests.extensions.ActiveTestTest_-SuccessTest></junit.tests.extensions.ActiveTestTest_-SuccessTest><junit.framework.TestResult><fFailures></fFailures><fErrors></fErrors><fListeners></fListeners><fRunTests>310</fRunTests><fStop>false</fStop></junit.framework.TestResult></functionCall>
<functionCall><junit.tests.extensions.ActiveTestTest_-SuccessTest></junit.tests.extensions.ActiveTestTest_-SuccessTest><junit.framework.TestResult><fFailures></fFailures><fErrors></fErrors><fListeners></fListeners><fRunTests>311</fRunTests><fStop>false</fStop></junit.framework.TestResult></functionCall>
<functionCall><junit.tests.extensions.ActiveTestTest_-SuccessTest></junit.tests.extensions.ActiveTestTest_-SuccessTest><junit.framework.TestResult><fFailures></fFailures><fErrors></fErrors><fListeners></fListeners><fRunTests>312</fRunTests><fStop>false</fStop></junit.framework.TestResult></functionCall>
<functionCall><junit.tests.extensions.ActiveTestTest_-SuccessTest></junit.tests.extensions.ActiveTestTest_-SuccessTest><junit.framework.TestResult><fFailures></fFailures><fErrors></fErrors><fListeners></fListeners><fRunTests>313</fRunTests><fStop>false</fStop></junit.framework.TestResult></functionCall>
<functionCall><junit.tests.extensions.ActiveTestTest_-SuccessTest></junit.tests.extensions.ActiveTestTest_-SuccessTest><junit.framework.TestResult><fFailures></fFailures><fErrors></fErrors><fListeners></fListeners><fRunTests>314</fRunTests><fStop>false</fStop></junit.framework.TestResult></functionCall>
<functionCall><junit.tests.extensions.ActiveTestTest_-SuccessTest></junit.tests.extensions.ActiveTestTest_-SuccessTest><junit.framework.TestResult><fFailures></fFailures><fErrors></fErrors><fListeners></fListeners><fRunTests>315</fRunTests><fStop>false</fStop></junit.framework.TestResult></functionCall>
<functionCall><junit.tests.extensions.ActiveTestTest_-SuccessTest></junit.tests.extensions.ActiveTestTest_-SuccessTest><junit.framework.TestResult><fFailures></fFailures><fErrors></fErrors><fListeners></fListeners><fRunTests>316</fRunTests><fStop>false</fStop></junit.framework.TestResult></functionCall>
<functionCall><junit.tests.extensions.ActiveTestTest_-SuccessTest></junit.tests.extensions.ActiveTestTest_-SuccessTest><junit.framework.TestResult><fFailures></fFailures><fErrors></fErrors><fListeners></fListeners><fRunTests>317</fRunTests><fStop>false</fStop></junit.framework.TestResult></functionCall>
<functionCall><junit.tests.extensions.ActiveTestTest_-SuccessTest></junit.tests.extensions.ActiveTestTest_-SuccessTest><junit.framework.TestResult><fFailures></fFailures><fErrors></fErrors><fListeners></fListeners><fRunTests>318</fRunTests><fStop>false</fStop></junit.framework.TestResult></functionCall>
<functionCall><junit.tests.extensions.ActiveTestTest_-SuccessTest></junit.tests.extensions.ActiveTestTest_-SuccessTest><junit.framework.TestResult><fFailures></fFailures><fErrors></fErrors><fListeners></fListeners><fRunTests>319</fRunTests><fStop>false</fStop></junit.framework.TestResult></functionCall>
<functionCall><junit.tests.extensions.ActiveTestTest_-SuccessTest></junit.tests.extensions.ActiveTestTest_-SuccessTest><junit.framework.TestResult><fFailures></fFailures><fErrors></fErrors><fListeners></fListeners><fRunTests>320</fRunTests><fStop>false</fStop></junit.framework.TestResult></functionCall>
<functionCall><junit.tests.extensions.ActiveTestTest_-SuccessTest></junit.tests.extensions.ActiveTestTest_-SuccessTest><junit.framework.TestResult><fFailures></fFailures><fErrors></fErrors><fListeners></fListeners><fRunTests>321</fRunTests><fStop>false</fStop></junit.framework.TestResult></functionCall>
<functionCall><junit.tests.extensions.ActiveTestTest_-SuccessTest></junit.tests.extensions.ActiveTestTest_-SuccessTest><junit.framework.TestResult><fFailures></fFailures><fErrors></fErrors><fListeners></fListeners><fRunTests>322</fRunTests><fStop>false</fStop></junit.framework.TestResult></functionCall>
<functionCall><junit.tests.extensions.ActiveTestTest_-SuccessTest></junit.tests.extensions.ActiveTestTest_-SuccessTest><junit.framework.TestResult><fFailures></fFailures><fErrors></fErrors><fListeners></fListeners><fRunTests>323</fRunTests><fStop>false</fStop></junit.framework.TestResult></functionCall>
<functionCall><junit.tests.extensions.ActiveTestTest_-SuccessTest></junit.tests.extensions.ActiveTestTest_-SuccessTest><junit.framework.TestResult><fFailures></fFailures><fErrors></fErrors><fListeners></fListeners><fRunTests>324</fRunTests><fStop>false</fStop></junit.framework.TestResult></functionCall>
<functionCall><junit.tests.extensions.ActiveTestTest_-SuccessTest></junit.tests.extensions.ActiveTestTest_-SuccessTest><junit.framework.TestResult><fFailures></fFailures><fErrors></fErrors><fListeners></fListeners><fRunTests>325</fRunTests><fStop>false</fStop></junit.framework.TestResult></functionCall>
<functionCall><junit.tests.extensions.ActiveTestTest_-SuccessTest></junit.tests.extensions.ActiveTestTest_-SuccessTest><junit.framework.TestResult><fFailures></fFailures><fErrors></fErrors><fListeners></fListeners><fRunTests>326</fRunTests><fStop>false</fStop></junit.framework.TestResult></functionCall>
<functionCall><junit.tests.extensions.ActiveTestTest_-SuccessTest></junit.tests.extensions.ActiveTestTest_-SuccessTest><junit.framework.TestResult><fFailures></fFailures><fErrors></fErrors><fListeners></fListeners><fRunTests>327</fRunTests><fStop>false</fStop></junit.framework.TestResult></functionCall>
<functionCall><junit.tests.extensions.ActiveTestTest_-SuccessTest></junit.tests.extensions.ActiveTestTest_-SuccessTest><junit.framework.TestResult><fFailures></fFailures><fErrors></fErrors><fListeners></fListeners><fRunTests>328</fRunTests><fStop>false</fStop></junit.framework.TestResult></functionCall>
<functionCall><junit.tests.extensions.ActiveTestTest_-SuccessTest></junit.tests.extensions.ActiveTestTest_-SuccessTest><junit.framework.TestResult><fFailures></fFailures><fErrors></fErrors><fListeners></fListeners><fRunTests>329</fRunTests><fStop>false</fStop></junit.framework.TestResult></functionCall>
<functionCall><junit.tests.extensions.ActiveTestTest_-SuccessTest></junit.tests.extensions.ActiveTestTest_-SuccessTest><junit.framework.TestResult><fFailures></fFailures><fErrors></fErrors><fListeners></fListeners><fRunTests>330</fRunTests><fStop>false</fStop></junit.framework.TestResult></functionCall>
<functionCall><junit.tests.extensions.ActiveTestTest_-SuccessTest></junit.tests.extensions.ActiveTestTest_-SuccessTest><junit.framework.TestResult><fFailures></fFailures><fErrors></fErrors><fListeners></fListeners><fRunTests>331</fRunTests><fStop>false</fStop></junit.framework.TestResult></functionCall>
<functionCall><junit.tests.extensions.ActiveTestTest_-SuccessTest></junit.tests.extensions.ActiveTestTest_-SuccessTest><junit.framework.TestResult><fFailures></fFailures><fErrors></fErrors><fListeners></fListeners><fRunTests>332</fRunTests><fStop>false</fStop></junit.framework.TestResult></functionCall>
<functionCall><junit.tests.extensions.ActiveTestTest_-SuccessTest></junit.tests.extensions.ActiveTestTest_-SuccessTest><junit.framework.TestResult><fFailures></fFailures><fErrors></fErrors><fListeners></fListeners><fRunTests>333</fRunTests><fStop>false</fStop></junit.framework.TestResult></functionCall>
<functionCall><junit.tests.extensions.ActiveTestTest_-SuccessTest></junit.tests.extensions.ActiveTestTest_-SuccessTest><junit.framework.TestResult><fFailures></fFailures><fErrors></fErrors><fListeners></fListeners><fRunTests>334</fRunTests><fStop>false</fStop></junit.framework.TestResult></functionCall>
<functionCall><junit.tests.extensions.ActiveTestTest_-SuccessTest></junit.tests.extensions.ActiveTestTest_-SuccessTest><junit.framework.TestResult><fFailures></fFailures><fErrors></fErrors><fListeners></fListeners><fRunTests>335</fRunTests><fStop>false</fStop></junit.framework.TestResult></functionCall>
<functionCall><junit.tests.extensions.ActiveTestTest_-SuccessTest></junit.tests.extensions.ActiveTestTest_-SuccessTest><junit.framework.TestResult><fFailures></fFailures><fErrors></fErrors><fListeners></fListeners><fRunTests>336</fRunTests><fStop>false</fStop></junit.framework.TestResult></functionCall>
<functionCall><junit.tests.extensions.ActiveTestTest_-SuccessTest></junit.tests.extensions.ActiveTestTest_-SuccessTest><junit.framework.TestResult><fFailures></fFailures><fErrors></fErrors><fListeners></fListeners><fRunTests>337</fRunTests><fStop>false</fStop></junit.framework.TestResult></functionCall>
<functionCall><junit.tests.extensions.ActiveTestTest_-SuccessTest></junit.tests.extensions.ActiveTestTest_-SuccessTest><junit.framework.TestResult><fFailures></fFailures><fErrors></fErrors><fListeners></fListeners><fRunTests>338</fRunTests><fStop>false</fStop></junit.framework.TestResult></functionCall>
<functionCall><junit.tests.extensions.ActiveTestTest_-SuccessTest></junit.tests.extensions.ActiveTestTest_-SuccessTest><junit.framework.TestResult><fFailures></fFailures><fErrors></fErrors><fListeners></fListeners><fRunTests>339</fRunTests><fStop>false</fStop></junit.framework.TestResult></functionCall>
<functionCall><junit.tests.extensions.ActiveTestTest_-SuccessTest></junit.tests.extensions.ActiveTestTest_-SuccessTest><junit.framework.TestResult><fFailures></fFailures><fErrors></fErrors><fListeners></fListeners><fRunTests>340</fRunTests><fStop>false</fStop></junit.framework.TestResult></functionCall>
<functionCall><junit.tests.extensions.ActiveTestTest_-SuccessTest></junit.tests.extensions.ActiveTestTest_-SuccessTest><junit.framework.TestResult><fFailures></fFailures><fErrors></fErrors><fListeners></fListeners><fRunTests>341</fRunTests><fStop>false</fStop></junit.framework.TestResult></functionCall>
<functionCall><junit.tests.extensions.ActiveTestTest_-SuccessTest></junit.tests.extensions.ActiveTestTest_-SuccessTest><junit.framework.TestResult><fFailures></fFailures><fErrors></fErrors><fListeners></fListeners><fRunTests>342</fRunTests><fStop>false</fStop></junit.framework.TestResult></functionCall>
<functionCall><junit.tests.extensions.ActiveTestTest_-SuccessTest></junit.tests.extensions.ActiveTestTest_-SuccessTest><junit.framework.TestResult><fFailures></fFailures><fErrors></fErrors><fListeners></fListeners><fRunTests>343</fRunTests><fStop>false</fStop></junit.framework.TestResult></functionCall>
<functionCall><junit.tests.extensions.ActiveTestTest_-SuccessTest></junit.tests.extensions.ActiveTestTest_-SuccessTest><junit.framework.TestResult><fFailures></fFailures><fErrors></fErrors><fListeners></fListeners><fRunTests>344</fRunTests><fStop>false</fStop></junit.framework.TestResult></functionCall>
<functionCall><junit.tests.extensions.ActiveTestTest_-SuccessTest></junit.tests.extensions.ActiveTestTest_-SuccessTest><junit.framework.TestResult><fFailures></fFailures><fErrors></fErrors><fListeners></fListeners><fRunTests>345</fRunTests><fStop>false</fStop></junit.framework.TestResult></functionCall>
<functionCall><junit.tests.extensions.ActiveTestTest_-SuccessTest></junit.tests.extensions.ActiveTestTest_-SuccessTest><junit.framework.TestResult><fFailures></fFailures><fErrors></fErrors><fListeners></fListeners><fRunTests>346</fRunTests><fStop>false</fStop></junit.framework.TestResult></functionCall>
<functionCall><junit.tests.extensions.ActiveTestTest_-SuccessTest></junit.tests.extensions.ActiveTestTest_-SuccessTest><junit.framework.TestResult><fFailures></fFailures><fErrors></fErrors><fListeners></fListeners><fRunTests>347</fRunTests><fStop>false</fStop></junit.framework.TestResult></functionCall>
<functionCall><junit.tests.extensions.ActiveTestTest_-SuccessTest></junit.tests.extensions.ActiveTestTest_-SuccessTest><junit.framework.TestResult><fFailures></fFailures><fErrors></fErrors><fListeners></fListeners><fRunTests>348</fRunTests><fStop>false</fStop></junit.framework.TestResult></functionCall>
<functionCall><junit.tests.extensions.ActiveTestTest_-SuccessTest></junit.tests.extensions.ActiveTestTest_-SuccessTest><junit.framework.TestResult><fFailures></fFailures><fErrors></fErrors><fListeners></fListeners><fRunTests>349</fRunTests><fStop>false</fStop></junit.framework.TestResult></functionCall>
<functionCall><junit.tests.extensions.ActiveTestTest_-SuccessTest></junit.tests.extensions.ActiveTestTest_-SuccessTest><junit.framework.TestResult><fFailures></fFailures><fErrors></fErrors><fListeners></fListeners><fRunTests>350</fRunTests><fStop>false</fStop></junit.framework.TestResult></functionCall>
<functionCall><junit.tests.extensions.ActiveTestTest_-SuccessTest></junit.tests.extensions.ActiveTestTest_-SuccessTest><junit.framework.TestResult><fFailures></fFailures><fErrors></fErrors><fListeners></fListeners><fRunTests>351</fRunTests><fStop>false</fStop></junit.framework.TestResult></functionCall>
<functionCall><junit.tests.extensions.ActiveTestTest_-SuccessTest></junit.tests.extensions.ActiveTestTest_-SuccessTest><junit.framework.TestResult><fFailures></fFailures><fErrors></fErrors><fListeners></fListeners><fRunTests>352</fRunTests><fStop>false</fStop></junit.framework.TestResult></functionCall>
<functionCall><junit.tests.extensions.ActiveTestTest_-SuccessTest></junit.tests.extensions.ActiveTestTest_-SuccessTest><junit.framework.TestResult><fFailures></fFailures><fErrors></fErrors><fListeners></fListeners><fRunTests>353</fRunTests><fStop>false</fStop></junit.framework.TestResult></functionCall>
<functionCall><junit.tests.extensions.ActiveTestTest_-SuccessTest></junit.tests.extensions.ActiveTestTest_-SuccessTest><junit.framework.TestResult><fFailures></fFailures><fErrors></fErrors><fListeners></fListeners><fRunTests>354</fRunTests><fStop>false</fStop></junit.framework.TestResult></functionCall>
<functionCall><junit.tests.extensions.ActiveTestTest_-SuccessTest></junit.tests.extensions.ActiveTestTest_-SuccessTest><junit.framework.TestResult><fFailures></fFailures><fErrors></fErrors><fListeners></fListeners><fRunTests>355</fRunTests><fStop>false</fStop></junit.framework.TestResult></functionCall>
<functionCall><junit.tests.extensions.ActiveTestTest_-SuccessTest></junit.tests.extensions.ActiveTestTest_-SuccessTest><junit.framework.TestResult><fFailures></fFailures><fErrors></fErrors><fListeners></fListeners><fRunTests>356</fRunTests><fStop>false</fStop></junit.framework.TestResult></functionCall>
<functionCall><junit.tests.extensions.ActiveTestTest_-SuccessTest></junit.tests.extensions.ActiveTestTest_-SuccessTest><junit.framework.TestResult><fFailures></fFailures><fErrors></fErrors><fListeners></fListeners><fRunTests>357</fRunTests><fStop>false</fStop></junit.framework.TestResult></functionCall>
<functionCall><junit.tests.extensions.ActiveTestTest_-SuccessTest></junit.tests.extensions.ActiveTestTest_-SuccessTest><junit.framework.TestResult><fFailures></fFailures><fErrors></fErrors><fListeners></fListeners><fRunTests>358</fRunTests><fStop>false</fStop></junit.framework.TestResult></functionCall>
<functionCall><junit.tests.extensions.ActiveTestTest_-SuccessTest></junit.tests.extensions.ActiveTestTest_-SuccessTest><junit.framework.TestResult><fFailures></fFailures><fErrors></fErrors><fListeners></fListeners><fRunTests>359</fRunTests><fStop>false</fStop></junit.framework.TestResult></functionCall>
<functionCall><junit.tests.extensions.ActiveTestTest_-SuccessTest></junit.tests.extensions.ActiveTestTest_-SuccessTest><junit.framework.TestResult><fFailures></fFailures><fErrors></fErrors><fListeners></fListeners><fRunTests>360</fRunTests><fStop>false</fStop></junit.framework.TestResult></functionCall>
<functionCall><junit.tests.extensions.ActiveTestTest_-SuccessTest></junit.tests.extensions.ActiveTestTest_-SuccessTest><junit.framework.TestResult><fFailures></fFailures><fErrors></fErrors><fListeners></fListeners><fRunTests>361</fRunTests><fStop>false</fStop></junit.framework.TestResult></functionCall>
<functionCall><junit.tests.extensions.ActiveTestTest_-SuccessTest></junit.tests.extensions.ActiveTestTest_-SuccessTest><junit.framework.TestResult><fFailures></fFailures><fErrors></fErrors><fListeners></fListeners><fRunTests>362</fRunTests><fStop>false</fStop></junit.framework.TestResult></functionCall>
<functionCall><junit.tests.extensions.ActiveTestTest_-SuccessTest></junit.tests.extensions.ActiveTestTest_-SuccessTest><junit.framework.TestResult><fFailures></fFailures><fErrors></fErrors><fListeners></fListeners><fRunTests>363</fRunTests><fStop>false</fStop></junit.framework.TestResult></functionCall>
<functionCall><junit.tests.extensions.ActiveTestTest_-SuccessTest></junit.tests.extensions.ActiveTestTest_-SuccessTest><junit.framework.TestResult><fFailures></fFailures><fErrors></fErrors><fListeners></fListeners><fRunTests>364</fRunTests><fStop>false</fStop></junit.framework.TestResult></functionCall>
<functionCall><junit.tests.extensions.ActiveTestTest_-SuccessTest></junit.tests.extensions.ActiveTestTest_-SuccessTest><junit.framework.TestResult><fFailures></fFailures><fErrors></fErrors><fListeners></fListeners><fRunTests>365</fRunTests><fStop>false</fStop></junit.framework.TestResult></functionCall>
<functionCall><junit.tests.extensions.ActiveTestTest_-SuccessTest></junit.tests.extensions.ActiveTestTest_-SuccessTest><junit.framework.TestResult><fFailures></fFailures><fErrors></fErrors><fListeners></fListeners><fRunTests>366</fRunTests><fStop>false</fStop></junit.framework.TestResult></functionCall>
<functionCall><junit.tests.extensions.ActiveTestTest_-SuccessTest></junit.tests.extensions.ActiveTestTest_-SuccessTest><junit.framework.TestResult><fFailures></fFailures><fErrors></fErrors><fListeners></fListeners><fRunTests>367</fRunTests><fStop>false</fStop></junit.framework.TestResult></functionCall>
<functionCall><junit.tests.extensions.ActiveTestTest_-SuccessTest></junit.tests.extensions.ActiveTestTest_-SuccessTest><junit.framework.TestResult><fFailures></fFailures><fErrors></fErrors><fListeners></fListeners><fRunTests>368</fRunTests><fStop>false</fStop></junit.framework.TestResult></functionCall>
<functionCall><junit.tests.extensions.ActiveTestTest_-SuccessTest></junit.tests.extensions.ActiveTestTest_-SuccessTest><junit.framework.TestResult><fFailures></fFailures><fErrors></fErrors><fListeners></fListeners><fRunTests>369</fRunTests><fStop>false</fStop></junit.framework.TestResult></functionCall>
<functionCall><junit.tests.extensions.ActiveTestTest_-SuccessTest></junit.tests.extensions.ActiveTestTest_-SuccessTest><junit.framework.TestResult><fFailures></fFailures><fErrors></fErrors><fListeners></fListeners><fRunTests>370</fRunTests><fStop>false</fStop></junit.framework.TestResult></functionCall>
<functionCall><junit.tests.extensions.ActiveTestTest_-SuccessTest></junit.tests.extensions.ActiveTestTest_-SuccessTest><junit.framework.TestResult><fFailures></fFailures><fErrors></fErrors><fListeners></fListeners><fRunTests>371</fRunTests><fStop>false</fStop></junit.framework.TestResult></functionCall>
<functionCall><junit.tests.extensions.ActiveTestTest_-SuccessTest></junit.tests.extensions.ActiveTestTest_-SuccessTest><junit.framework.TestResult><fFailures></fFailures><fErrors></fErrors><fListeners></fListeners><fRunTests>372</fRunTests><fStop>false</fStop></junit.framework.TestResult></functionCall>
<functionCall><junit.tests.extensions.ActiveTestTest_-SuccessTest></junit.tests.extensions.ActiveTestTest_-SuccessTest><junit.framework.TestResult><fFailures></fFailures><fErrors></fErrors><fListeners></fListeners><fRunTests>373</fRunTests><fStop>false</fStop></junit.framework.TestResult></functionCall>
<functionCall><junit.tests.extensions.ActiveTestTest_-SuccessTest></junit.tests.extensions.ActiveTestTest_-SuccessTest><junit.framework.TestResult><fFailures></fFailures><fErrors></fErrors><fListeners></fListeners><fRunTests>374</fRunTests><fStop>false</fStop></junit.framework.TestResult></functionCall>
<functionCall><junit.tests.extensions.ActiveTestTest_-SuccessTest></junit.tests.extensions.ActiveTestTest_-SuccessTest><junit.framework.TestResult><fFailures></fFailures><fErrors></fErrors><fListeners></fListeners><fRunTests>375</fRunTests><fStop>false</fStop></junit.framework.TestResult></functionCall>
<functionCall><junit.tests.extensions.ActiveTestTest_-SuccessTest></junit.tests.extensions.ActiveTestTest_-SuccessTest><junit.framework.TestResult><fFailures></fFailures><fErrors></fErrors><fListeners></fListeners><fRunTests>376</fRunTests><fStop>false</fStop></junit.framework.TestResult></functionCall>
<functionCall><junit.tests.extensions.ActiveTestTest_-SuccessTest></junit.tests.extensions.ActiveTestTest_-SuccessTest><junit.framework.TestResult><fFailures></fFailures><fErrors></fErrors><fListeners></fListeners><fRunTests>377</fRunTests><fStop>false</fStop></junit.framework.TestResult></functionCall>
<functionCall><junit.tests.extensions.ActiveTestTest_-SuccessTest></junit.tests.extensions.ActiveTestTest_-SuccessTest><junit.framework.TestResult><fFailures></fFailures><fErrors></fErrors><fListeners></fListeners><fRunTests>378</fRunTests><fStop>false</fStop></junit.framework.TestResult></functionCall>
<functionCall><junit.tests.extensions.ActiveTestTest_-SuccessTest></junit.tests.extensions.ActiveTestTest_-SuccessTest><junit.framework.TestResult><fFailures></fFailures><fErrors></fErrors><fListeners></fListeners><fRunTests>379</fRunTests><fStop>false</fStop></junit.framework.TestResult></functionCall>
<functionCall><junit.tests.extensions.ActiveTestTest_-SuccessTest></junit.tests.extensions.ActiveTestTest_-SuccessTest><junit.framework.TestResult><fFailures></fFailures><fErrors></fErrors><fListeners></fListeners><fRunTests>380</fRunTests><fStop>false</fStop></junit.framework.TestResult></functionCall>
<functionCall><junit.tests.extensions.ActiveTestTest_-SuccessTest></junit.tests.extensions.ActiveTestTest_-SuccessTest><junit.framework.TestResult><fFailures></fFailures><fErrors></fErrors><fListeners></fListeners><fRunTests>381</fRunTests><fStop>false</fStop></junit.framework.TestResult></functionCall>
<functionCall><junit.tests.extensions.ActiveTestTest_-SuccessTest></junit.tests.extensions.ActiveTestTest_-SuccessTest><junit.framework.TestResult><fFailures></fFailures><fErrors></fErrors><fListeners></fListeners><fRunTests>382</fRunTests><fStop>false</fStop></junit.framework.TestResult></functionCall>
<functionCall><junit.tests.extensions.ActiveTestTest_-SuccessTest></junit.tests.extensions.ActiveTestTest_-SuccessTest><junit.framework.TestResult><fFailures></fFailures><fErrors></fErrors><fListeners></fListeners><fRunTests>383</fRunTests><fStop>false</fStop></junit.framework.TestResult></functionCall>
<functionCall><junit.tests.extensions.ActiveTestTest_-SuccessTest></junit.tests.extensions.ActiveTestTest_-SuccessTest><junit.framework.TestResult><fFailures></fFailures><fErrors></fErrors><fListeners></fListeners><fRunTests>384</fRunTests><fStop>false</fStop></junit.framework.TestResult></functionCall>
<functionCall><junit.tests.extensions.ActiveTestTest_-SuccessTest></junit.tests.extensions.ActiveTestTest_-SuccessTest><junit.framework.TestResult><fFailures></fFailures><fErrors></fErrors><fListeners></fListeners><fRunTests>385</fRunTests><fStop>false</fStop></junit.framework.TestResult></functionCall>
<functionCall><junit.tests.extensions.ActiveTestTest_-SuccessTest></junit.tests.extensions.ActiveTestTest_-SuccessTest><junit.framework.TestResult><fFailures></fFailures><fErrors></fErrors><fListeners></fListeners><fRunTests>386</fRunTests><fStop>false</fStop></junit.framework.TestResult></functionCall>
<functionCall><junit.tests.extensions.ActiveTestTest_-SuccessTest></junit.tests.extensions.ActiveTestTest_-SuccessTest><junit.framework.TestResult><fFailures></fFailures><fErrors></fErrors><fListeners></fListeners><fRunTests>387</fRunTests><fStop>false</fStop></junit.framework.TestResult></functionCall>
<functionCall><junit.tests.extensions.ActiveTestTest_-SuccessTest></junit.tests.extensions.ActiveTestTest_-SuccessTest><junit.framework.TestResult><fFailures></fFailures><fErrors></fErrors><fListeners></fListeners><fRunTests>388</fRunTests><fStop>false</fStop></junit.framework.TestResult></functionCall>
<functionCall><junit.tests.extensions.ActiveTestTest_-SuccessTest></junit.tests.extensions.ActiveTestTest_-SuccessTest><junit.framework.TestResult><fFailures></fFailures><fErrors></fErrors><fListeners></fListeners><fRunTests>389</fRunTests><fStop>false</fStop></junit.framework.TestResult></functionCall>
<functionCall><junit.tests.extensions.ActiveTestTest_-SuccessTest></junit.tests.extensions.ActiveTestTest_-SuccessTest><junit.framework.TestResult><fFailures></fFailures><fErrors></fErrors><fListeners></fListeners><fRunTests>390</fRunTests><fStop>false</fStop></junit.framework.TestResult></functionCall>
<functionCall><junit.tests.extensions.ActiveTestTest_-SuccessTest></junit.tests.extensions.ActiveTestTest_-SuccessTest><junit.framework.TestResult><fFailures></fFailures><fErrors></fErrors><fListeners></fListeners><fRunTests>391</fRunTests><fStop>false</fStop></junit.framework.TestResult></functionCall>
<functionCall><junit.tests.extensions.ActiveTestTest_-SuccessTest></junit.tests.extensions.ActiveTestTest_-SuccessTest><junit.framework.TestResult><fFailures></fFailures><fErrors></fErrors><fListeners></fListeners><fRunTests>392</fRunTests><fStop>false</fStop></junit.framework.TestResult></functionCall>
<functionCall><junit.tests.extensions.ActiveTestTest_-SuccessTest></junit.tests.extensions.ActiveTestTest_-SuccessTest><junit.framework.TestResult><fFailures></fFailures><fErrors></fErrors><fListeners></fListeners><fRunTests>393</fRunTests><fStop>false</fStop></junit.framework.TestResult></functionCall>
<functionCall><junit.tests.extensions.ActiveTestTest_-SuccessTest></junit.tests.extensions.ActiveTestTest_-SuccessTest><junit.framework.TestResult><fFailures></fFailures><fErrors></fErrors><fListeners></fListeners><fRunTests>394</fRunTests><fStop>false</fStop></junit.framework.TestResult></functionCall>
<functionCall><junit.tests.extensions.ActiveTestTest_-SuccessTest></junit.tests.extensions.ActiveTestTest_-SuccessTest><junit.framework.TestResult><fFailures></fFailures><fErrors></fErrors><fListeners></fListeners><fRunTests>395</fRunTests><fStop>false</fStop></junit.framework.TestResult></functionCall>
<functionCall><junit.tests.extensions.ActiveTestTest_-SuccessTest></junit.tests.extensions.ActiveTestTest_-SuccessTest><junit.framework.TestResult><fFailures></fFailures><fErrors></fErrors><fListeners></fListeners><fRunTests>396</fRunTests><fStop>false</fStop></junit.framework.TestResult></functionCall>
<functionCall><junit.tests.extensions.ActiveTestTest_-SuccessTest></junit.tests.extensions.ActiveTestTest_-SuccessTest><junit.framework.TestResult><fFailures></fFailures><fErrors></fErrors><fListeners></fListeners><fRunTests>397</fRunTests><fStop>false</fStop></junit.framework.TestResult></functionCall>
<functionCall><junit.tests.extensions.ActiveTestTest_-SuccessTest></junit.tests.extensions.ActiveTestTest_-SuccessTest><junit.framework.TestResult><fFailures></fFailures><fErrors></fErrors><fListeners></fListeners><fRunTests>398</fRunTests><fStop>false</fStop></junit.framework.TestResult></functionCall>
<functionCall><junit.tests.extensions.ActiveTestTest_-SuccessTest></junit.tests.extensions.ActiveTestTest_-SuccessTest><junit.framework.TestResult><fFailures></fFailures><fErrors></fErrors><fListeners></fListeners><fRunTests>399</fRunTests><fStop>false</fStop></junit.framework.TestResult></functionCall>
<functionCall><junit.tests.extensions.ActiveTestTest_-SuccessTest></junit.tests.extensions.ActiveTestTest_-SuccessTest><junit.framework.TestResult><fFailures></fFailures><fErrors></fErrors><fListeners></fListeners><fRunTests>400</fRunTests><fStop>false</fStop></junit.framework.TestResult></functionCall>
<functionCall><junit.tests.extensions.ActiveTestTest_-SuccessTest></junit.tests.extensions.ActiveTestTest_-SuccessTest><junit.framework.TestResult><fFailures></fFailures><fErrors></fErrors><fListeners></fListeners><fRunTests>401</fRunTests><fStop>false</fStop></junit.framework.TestResult></functionCall>
<functionCall><junit.tests.extensions.ActiveTestTest_-SuccessTest></junit.tests.extensions.ActiveTestTest_-SuccessTest><junit.framework.TestResult><fFailures></fFailures><fErrors></fErrors><fListeners></fListeners><fRunTests>402</fRunTests><fStop>false</fStop></junit.framework.TestResult></functionCall>
<functionCall><junit.tests.extensions.ActiveTestTest_-SuccessTest></junit.tests.extensions.ActiveTestTest_-SuccessTest><junit.framework.TestResult><fFailures></fFailures><fErrors></fErrors><fListeners></fListeners><fRunTests>403</fRunTests><fStop>false</fStop></junit.framework.TestResult></functionCall>
<functionCall><junit.tests.extensions.ActiveTestTest_-SuccessTest></junit.tests.extensions.ActiveTestTest_-SuccessTest><junit.framework.TestResult><fFailures></fFailures><fErrors></fErrors><fListeners></fListeners><fRunTests>404</fRunTests><fStop>false</fStop></junit.framework.TestResult></functionCall>
<functionCall><junit.tests.extensions.ActiveTestTest_-SuccessTest></junit.tests.extensions.ActiveTestTest_-SuccessTest><junit.framework.TestResult><fFailures></fFailures><fErrors></fErrors><fListeners></fListeners><fRunTests>405</fRunTests><fStop>false</fStop></junit.framework.TestResult></functionCall>
<functionCall><junit.tests.extensions.ActiveTestTest_-SuccessTest></junit.tests.extensions.ActiveTestTest_-SuccessTest><junit.framework.TestResult><fFailures></fFailures><fErrors></fErrors><fListeners></fListeners><fRunTests>406</fRunTests><fStop>false</fStop></junit.framework.TestResult></functionCall>
<functionCall><junit.tests.extensions.ActiveTestTest_-SuccessTest></junit.tests.extensions.ActiveTestTest_-SuccessTest><junit.framework.TestResult><fFailures></fFailures><fErrors></fErrors><fListeners></fListeners><fRunTests>407</fRunTests><fStop>false</fStop></junit.framework.TestResult></functionCall>
<functionCall><junit.tests.extensions.ActiveTestTest_-SuccessTest></junit.tests.extensions.ActiveTestTest_-SuccessTest><junit.framework.TestResult><fFailures></fFailures><fErrors></fErrors><fListeners></fListeners><fRunTests>408</fRunTests><fStop>false</fStop></junit.framework.TestResult></functionCall>
<functionCall><junit.tests.extensions.ActiveTestTest_-SuccessTest></junit.tests.extensions.ActiveTestTest_-SuccessTest><junit.framework.TestResult><fFailures></fFailures><fErrors></fErrors><fListeners></fListeners><fRunTests>409</fRunTests><fStop>false</fStop></junit.framework.TestResult></functionCall>
<functionCall><junit.tests.extensions.ActiveTestTest_-SuccessTest></junit.tests.extensions.ActiveTestTest_-SuccessTest><junit.framework.TestResult><fFailures></fFailures><fErrors></fErrors><fListeners></fListeners><fRunTests>410</fRunTests><fStop>false</fStop></junit.framework.TestResult></functionCall>
<functionCall><junit.tests.extensions.ActiveTestTest_-SuccessTest></junit.tests.extensions.ActiveTestTest_-SuccessTest><junit.framework.TestResult><fFailures></fFailures><fErrors></fErrors><fListeners></fListeners><fRunTests>411</fRunTests><fStop>false</fStop></junit.framework.TestResult></functionCall>
<functionCall><junit.tests.extensions.ActiveTestTest_-SuccessTest></junit.tests.extensions.ActiveTestTest_-SuccessTest><junit.framework.TestResult><fFailures></fFailures><fErrors></fErrors><fListeners></fListeners><fRunTests>412</fRunTests><fStop>false</fStop></junit.framework.TestResult></functionCall>
<functionCall><junit.tests.extensions.ActiveTestTest_-SuccessTest></junit.tests.extensions.ActiveTestTest_-SuccessTest><junit.framework.TestResult><fFailures></fFailures><fErrors></fErrors><fListeners></fListeners><fRunTests>413</fRunTests><fStop>false</fStop></junit.framework.TestResult></functionCall>
<functionCall><junit.tests.extensions.ActiveTestTest_-SuccessTest></junit.tests.extensions.ActiveTestTest_-SuccessTest><junit.framework.TestResult><fFailures></fFailures><fErrors></fErrors><fListeners></fListeners><fRunTests>414</fRunTests><fStop>false</fStop></junit.framework.TestResult></functionCall>
<functionCall><junit.tests.extensions.ActiveTestTest_-SuccessTest></junit.tests.extensions.ActiveTestTest_-SuccessTest><junit.framework.TestResult><fFailures></fFailures><fErrors></fErrors><fListeners></fListeners><fRunTests>415</fRunTests><fStop>false</fStop></junit.framework.TestResult></functionCall>
<functionCall><junit.tests.extensions.ActiveTestTest_-SuccessTest></junit.tests.extensions.ActiveTestTest_-SuccessTest><junit.framework.TestResult><fFailures></fFailures><fErrors></fErrors><fListeners></fListeners><fRunTests>416</fRunTests><fStop>false</fStop></junit.framework.TestResult></functionCall>
<functionCall><junit.tests.extensions.ActiveTestTest_-SuccessTest></junit.tests.extensions.ActiveTestTest_-SuccessTest><junit.framework.TestResult><fFailures></fFailures><fErrors></fErrors><fListeners></fListeners><fRunTests>417</fRunTests><fStop>false</fStop></junit.framework.TestResult></functionCall>
<functionCall><junit.tests.extensions.ActiveTestTest_-SuccessTest></junit.tests.extensions.ActiveTestTest_-SuccessTest><junit.framework.TestResult><fFailures></fFailures><fErrors></fErrors><fListeners></fListeners><fRunTests>418</fRunTests><fStop>false</fStop></junit.framework.TestResult></functionCall>
<functionCall><junit.tests.extensions.ActiveTestTest_-SuccessTest></junit.tests.extensions.ActiveTestTest_-SuccessTest><junit.framework.TestResult><fFailures></fFailures><fErrors></fErrors><fListeners></fListeners><fRunTests>419</fRunTests><fStop>false</fStop></junit.framework.TestResult></functionCall>
<functionCall><junit.tests.extensions.ActiveTestTest_-SuccessTest></junit.tests.extensions.ActiveTestTest_-SuccessTest><junit.framework.TestResult><fFailures></fFailures><fErrors></fErrors><fListeners></fListeners><fRunTests>420</fRunTests><fStop>false</fStop></junit.framework.TestResult></functionCall>
<functionCall><junit.tests.extensions.ActiveTestTest_-SuccessTest></junit.tests.extensions.ActiveTestTest_-SuccessTest><junit.framework.TestResult><fFailures></fFailures><fErrors></fErrors><fListeners></fListeners><fRunTests>421</fRunTests><fStop>false</fStop></junit.framework.TestResult></functionCall>
<functionCall><junit.tests.extensions.ActiveTestTest_-SuccessTest></junit.tests.extensions.ActiveTestTest_-SuccessTest><junit.framework.TestResult><fFailures></fFailures><fErrors></fErrors><fListeners></fListeners><fRunTests>422</fRunTests><fStop>false</fStop></junit.framework.TestResult></functionCall>
<functionCall><junit.tests.extensions.ActiveTestTest_-SuccessTest></junit.tests.extensions.ActiveTestTest_-SuccessTest><junit.framework.TestResult><fFailures></fFailures><fErrors></fErrors><fListeners></fListeners><fRunTests>423</fRunTests><fStop>false</fStop></junit.framework.TestResult></functionCall>
<functionCall><junit.tests.extensions.ActiveTestTest_-SuccessTest></junit.tests.extensions.ActiveTestTest_-SuccessTest><junit.framework.TestResult><fFailures></fFailures><fErrors></fErrors><fListeners></fListeners><fRunTests>424</fRunTests><fStop>false</fStop></junit.framework.TestResult></functionCall>
<functionCall><junit.tests.extensions.ActiveTestTest_-SuccessTest></junit.tests.extensions.ActiveTestTest_-SuccessTest><junit.framework.TestResult><fFailures></fFailures><fErrors></fErrors><fListeners></fListeners><fRunTests>425</fRunTests><fStop>false</fStop></junit.framework.TestResult></functionCall>
<functionCall><junit.tests.extensions.ActiveTestTest_-SuccessTest></junit.tests.extensions.ActiveTestTest_-SuccessTest><junit.framework.TestResult><fFailures></fFailures><fErrors></fErrors><fListeners></fListeners><fRunTests>426</fRunTests><fStop>false</fStop></junit.framework.TestResult></functionCall>
<functionCall><junit.tests.extensions.ActiveTestTest_-SuccessTest></junit.tests.extensions.ActiveTestTest_-SuccessTest><junit.framework.TestResult><fFailures></fFailures><fErrors></fErrors><fListeners></fListeners><fRunTests>427</fRunTests><fStop>false</fStop></junit.framework.TestResult></functionCall>
<functionCall><junit.tests.extensions.ActiveTestTest_-SuccessTest></junit.tests.extensions.ActiveTestTest_-SuccessTest><junit.framework.TestResult><fFailures></fFailures><fErrors></fErrors><fListeners></fListeners><fRunTests>428</fRunTests><fStop>false</fStop></junit.framework.TestResult></functionCall>
<functionCall><junit.tests.extensions.ActiveTestTest_-SuccessTest></junit.tests.extensions.ActiveTestTest_-SuccessTest><junit.framework.TestResult><fFailures></fFailures><fErrors></fErrors><fListeners></fListeners><fRunTests>429</fRunTests><fStop>false</fStop></junit.framework.TestResult></functionCall>
<functionCall><junit.tests.extensions.ActiveTestTest_-SuccessTest></junit.tests.extensions.ActiveTestTest_-SuccessTest><junit.framework.TestResult><fFailures></fFailures><fErrors></fErrors><fListeners></fListeners><fRunTests>430</fRunTests><fStop>false</fStop></junit.framework.TestResult></functionCall>
<functionCall><junit.tests.extensions.ActiveTestTest_-SuccessTest></junit.tests.extensions.ActiveTestTest_-SuccessTest><junit.framework.TestResult><fFailures></fFailures><fErrors></fErrors><fListeners></fListeners><fRunTests>431</fRunTests><fStop>false</fStop></junit.framework.TestResult></functionCall>
<functionCall><junit.tests.extensions.ActiveTestTest_-SuccessTest></junit.tests.extensions.ActiveTestTest_-SuccessTest><junit.framework.TestResult><fFailures></fFailures><fErrors></fErrors><fListeners></fListeners><fRunTests>432</fRunTests><fStop>false</fStop></junit.framework.TestResult></functionCall>
<functionCall><junit.tests.extensions.ActiveTestTest_-SuccessTest></junit.tests.extensions.ActiveTestTest_-SuccessTest><junit.framework.TestResult><fFailures></fFailures><fErrors></fErrors><fListeners></fListeners><fRunTests>433</fRunTests><fStop>false</fStop></junit.framework.TestResult></functionCall>
<functionCall><junit.tests.extensions.ActiveTestTest_-SuccessTest></junit.tests.extensions.ActiveTestTest_-SuccessTest><junit.framework.TestResult><fFailures></fFailures><fErrors></fErrors><fListeners></fListeners><fRunTests>434</fRunTests><fStop>false</fStop></junit.framework.TestResult></functionCall>
<functionCall><junit.tests.extensions.ActiveTestTest_-SuccessTest></junit.tests.extensions.ActiveTestTest_-SuccessTest><junit.framework.TestResult><fFailures></fFailures><fErrors></fErrors><fListeners></fListeners><fRunTests>435</fRunTests><fStop>false</fStop></junit.framework.TestResult></functionCall>
<functionCall><junit.tests.extensions.ActiveTestTest_-SuccessTest></junit.tests.extensions.ActiveTestTest_-SuccessTest><junit.framework.TestResult><fFailures></fFailures><fErrors></fErrors><fListeners></fListeners><fRunTests>436</fRunTests><fStop>false</fStop></junit.framework.TestResult></functionCall>
<functionCall><junit.tests.extensions.ActiveTestTest_-SuccessTest></junit.tests.extensions.ActiveTestTest_-SuccessTest><junit.framework.TestResult><fFailures></fFailures><fErrors></fErrors><fListeners></fListeners><fRunTests>437</fRunTests><fStop>false</fStop></junit.framework.TestResult></functionCall>
<functionCall><junit.tests.extensions.ActiveTestTest_-SuccessTest></junit.tests.extensions.ActiveTestTest_-SuccessTest><junit.framework.TestResult><fFailures></fFailures><fErrors></fErrors><fListeners></fListeners><fRunTests>438</fRunTests><fStop>false</fStop></junit.framework.TestResult></functionCall>
<functionCall><junit.tests.extensions.ActiveTestTest_-SuccessTest></junit.tests.extensions.ActiveTestTest_-SuccessTest><junit.framework.TestResult><fFailures></fFailures><fErrors></fErrors><fListeners></fListeners><fRunTests>439</fRunTests><fStop>false</fStop></junit.framework.TestResult></functionCall>
<functionCall><junit.tests.extensions.ActiveTestTest_-SuccessTest></junit.tests.extensions.ActiveTestTest_-SuccessTest><junit.framework.TestResult><fFailures></fFailures><fErrors></fErrors><fListeners></fListeners><fRunTests>440</fRunTests><fStop>false</fStop></junit.framework.TestResult></functionCall>
<functionCall><junit.tests.extensions.ActiveTestTest_-SuccessTest></junit.tests.extensions.ActiveTestTest_-SuccessTest><junit.framework.TestResult><fFailures></fFailures><fErrors></fErrors><fListeners></fListeners><fRunTests>441</fRunTests><fStop>false</fStop></junit.framework.TestResult></functionCall>
<functionCall><junit.tests.extensions.ActiveTestTest_-SuccessTest></junit.tests.extensions.ActiveTestTest_-SuccessTest><junit.framework.TestResult><fFailures></fFailures><fErrors></fErrors><fListeners></fListeners><fRunTests>442</fRunTests><fStop>false</fStop></junit.framework.TestResult></functionCall>
<functionCall><junit.tests.extensions.ActiveTestTest_-SuccessTest></junit.tests.extensions.ActiveTestTest_-SuccessTest><junit.framework.TestResult><fFailures></fFailures><fErrors></fErrors><fListeners></fListeners><fRunTests>443</fRunTests><fStop>false</fStop></junit.framework.TestResult></functionCall>
<functionCall><junit.tests.extensions.ActiveTestTest_-SuccessTest></junit.tests.extensions.ActiveTestTest_-SuccessTest><junit.framework.TestResult><fFailures></fFailures><fErrors></fErrors><fListeners></fListeners><fRunTests>444</fRunTests><fStop>false</fStop></junit.framework.TestResult></functionCall>
<functionCall><junit.tests.extensions.ActiveTestTest_-SuccessTest></junit.tests.extensions.ActiveTestTest_-SuccessTest><junit.framework.TestResult><fFailures></fFailures><fErrors></fErrors><fListeners></fListeners><fRunTests>445</fRunTests><fStop>false</fStop></junit.framework.TestResult></functionCall>
<functionCall><junit.tests.extensions.ActiveTestTest_-SuccessTest></junit.tests.extensions.ActiveTestTest_-SuccessTest><junit.framework.TestResult><fFailures></fFailures><fErrors></fErrors><fListeners></fListeners><fRunTests>446</fRunTests><fStop>false</fStop></junit.framework.TestResult></functionCall>
<functionCall><junit.tests.extensions.ActiveTestTest_-SuccessTest></junit.tests.extensions.ActiveTestTest_-SuccessTest><junit.framework.TestResult><fFailures></fFailures><fErrors></fErrors><fListeners></fListeners><fRunTests>447</fRunTests><fStop>false</fStop></junit.framework.TestResult></functionCall>
<functionCall><junit.tests.extensions.ActiveTestTest_-SuccessTest></junit.tests.extensions.ActiveTestTest_-SuccessTest><junit.framework.TestResult><fFailures></fFailures><fErrors></fErrors><fListeners></fListeners><fRunTests>448</fRunTests><fStop>false</fStop></junit.framework.TestResult></functionCall>
<functionCall><junit.tests.extensions.ActiveTestTest_-SuccessTest></junit.tests.extensions.ActiveTestTest_-SuccessTest><junit.framework.TestResult><fFailures></fFailures><fErrors></fErrors><fListeners></fListeners><fRunTests>449</fRunTests><fStop>false</fStop></junit.framework.TestResult></functionCall>
<functionCall><junit.tests.extensions.ActiveTestTest_-SuccessTest></junit.tests.extensions.ActiveTestTest_-SuccessTest><junit.framework.TestResult><fFailures></fFailures><fErrors></fErrors><fListeners></fListeners><fRunTests>450</fRunTests><fStop>false</fStop></junit.framework.TestResult></functionCall>
<functionCall><junit.tests.extensions.ActiveTestTest_-SuccessTest></junit.tests.extensions.ActiveTestTest_-SuccessTest><junit.framework.TestResult><fFailures></fFailures><fErrors></fErrors><fListeners></fListeners><fRunTests>451</fRunTests><fStop>false</fStop></junit.framework.TestResult></functionCall>
<functionCall><junit.tests.extensions.ActiveTestTest_-SuccessTest></junit.tests.extensions.ActiveTestTest_-SuccessTest><junit.framework.TestResult><fFailures></fFailures><fErrors></fErrors><fListeners></fListeners><fRunTests>452</fRunTests><fStop>false</fStop></junit.framework.TestResult></functionCall>
<functionCall><junit.tests.extensions.ActiveTestTest_-SuccessTest></junit.tests.extensions.ActiveTestTest_-SuccessTest><junit.framework.TestResult><fFailures></fFailures><fErrors></fErrors><fListeners></fListeners><fRunTests>453</fRunTests><fStop>false</fStop></junit.framework.TestResult></functionCall>
<functionCall><junit.tests.extensions.ActiveTestTest_-SuccessTest></junit.tests.extensions.ActiveTestTest_-SuccessTest><junit.framework.TestResult><fFailures></fFailures><fErrors></fErrors><fListeners></fListeners><fRunTests>454</fRunTests><fStop>false</fStop></junit.framework.TestResult></functionCall>
<functionCall><junit.tests.extensions.ActiveTestTest_-SuccessTest></junit.tests.extensions.ActiveTestTest_-SuccessTest><junit.framework.TestResult><fFailures></fFailures><fErrors></fErrors><fListeners></fListeners><fRunTests>455</fRunTests><fStop>false</fStop></junit.framework.TestResult></functionCall>
<functionCall><junit.tests.extensions.ActiveTestTest_-SuccessTest></junit.tests.extensions.ActiveTestTest_-SuccessTest><junit.framework.TestResult><fFailures></fFailures><fErrors></fErrors><fListeners></fListeners><fRunTests>456</fRunTests><fStop>false</fStop></junit.framework.TestResult></functionCall>
<functionCall><junit.tests.extensions.ActiveTestTest_-SuccessTest></junit.tests.extensions.ActiveTestTest_-SuccessTest><junit.framework.TestResult><fFailures></fFailures><fErrors></fErrors><fListeners></fListeners><fRunTests>457</fRunTests><fStop>false</fStop></junit.framework.TestResult></functionCall>
<functionCall><junit.tests.extensions.ActiveTestTest_-SuccessTest></junit.tests.extensions.ActiveTestTest_-SuccessTest><junit.framework.TestResult><fFailures></fFailures><fErrors></fErrors><fListeners></fListeners><fRunTests>458</fRunTests><fStop>false</fStop></junit.framework.TestResult></functionCall>
<functionCall><junit.tests.extensions.ActiveTestTest_-SuccessTest></junit.tests.extensions.ActiveTestTest_-SuccessTest><junit.framework.TestResult><fFailures></fFailures><fErrors></fErrors><fListeners></fListeners><fRunTests>459</fRunTests><fStop>false</fStop></junit.framework.TestResult></functionCall>
<functionCall><junit.tests.extensions.ActiveTestTest_-SuccessTest></junit.tests.extensions.ActiveTestTest_-SuccessTest><junit.framework.TestResult><fFailures></fFailures><fErrors></fErrors><fListeners></fListeners><fRunTests>460</fRunTests><fStop>false</fStop></junit.framework.TestResult></functionCall>
<functionCall><junit.tests.extensions.ActiveTestTest_-SuccessTest></junit.tests.extensions.ActiveTestTest_-SuccessTest><junit.framework.TestResult><fFailures></fFailures><fErrors></fErrors><fListeners></fListeners><fRunTests>461</fRunTests><fStop>false</fStop></junit.framework.TestResult></functionCall>
<functionCall><junit.tests.extensions.ActiveTestTest_-SuccessTest></junit.tests.extensions.ActiveTestTest_-SuccessTest><junit.framework.TestResult><fFailures></fFailures><fErrors></fErrors><fListeners></fListeners><fRunTests>462</fRunTests><fStop>false</fStop></junit.framework.TestResult></functionCall>
<functionCall><junit.tests.extensions.ActiveTestTest_-SuccessTest></junit.tests.extensions.ActiveTestTest_-SuccessTest><junit.framework.TestResult><fFailures></fFailures><fErrors></fErrors><fListeners></fListeners><fRunTests>463</fRunTests><fStop>false</fStop></junit.framework.TestResult></functionCall>
<functionCall><junit.tests.extensions.ActiveTestTest_-SuccessTest></junit.tests.extensions.ActiveTestTest_-SuccessTest><junit.framework.TestResult><fFailures></fFailures><fErrors></fErrors><fListeners></fListeners><fRunTests>464</fRunTests><fStop>false</fStop></junit.framework.TestResult></functionCall>
<functionCall><junit.tests.extensions.ActiveTestTest_-SuccessTest></junit.tests.extensions.ActiveTestTest_-SuccessTest><junit.framework.TestResult><fFailures></fFailures><fErrors></fErrors><fListeners></fListeners><fRunTests>465</fRunTests><fStop>false</fStop></junit.framework.TestResult></functionCall>
<functionCall><junit.tests.extensions.ActiveTestTest_-SuccessTest></junit.tests.extensions.ActiveTestTest_-SuccessTest><junit.framework.TestResult><fFailures></fFailures><fErrors></fErrors><fListeners></fListeners><fRunTests>466</fRunTests><fStop>false</fStop></junit.framework.TestResult></functionCall>
<functionCall><junit.tests.extensions.ActiveTestTest_-SuccessTest></junit.tests.extensions.ActiveTestTest_-SuccessTest><junit.framework.TestResult><fFailures></fFailures><fErrors></fErrors><fListeners></fListeners><fRunTests>467</fRunTests><fStop>false</fStop></junit.framework.TestResult></functionCall>
<functionCall><junit.tests.extensions.ActiveTestTest_-SuccessTest></junit.tests.extensions.ActiveTestTest_-SuccessTest><junit.framework.TestResult><fFailures></fFailures><fErrors></fErrors><fListeners></fListeners><fRunTests>468</fRunTests><fStop>false</fStop></junit.framework.TestResult></functionCall>
<functionCall><junit.tests.extensions.ActiveTestTest_-SuccessTest></junit.tests.extensions.ActiveTestTest_-SuccessTest><junit.framework.TestResult><fFailures></fFailures><fErrors></fErrors><fListeners></fListeners><fRunTests>469</fRunTests><fStop>false</fStop></junit.framework.TestResult></functionCall>
<functionCall><junit.tests.extensions.ActiveTestTest_-SuccessTest></junit.tests.extensions.ActiveTestTest_-SuccessTest><junit.framework.TestResult><fFailures></fFailures><fErrors></fErrors><fListeners></fListeners><fRunTests>470</fRunTests><fStop>false</fStop></junit.framework.TestResult></functionCall>
<functionCall><junit.tests.extensions.ActiveTestTest_-SuccessTest></junit.tests.extensions.ActiveTestTest_-SuccessTest><junit.framework.TestResult><fFailures></fFailures><fErrors></fErrors><fListeners></fListeners><fRunTests>471</fRunTests><fStop>false</fStop></junit.framework.TestResult></functionCall>
<functionCall><junit.tests.extensions.ActiveTestTest_-SuccessTest></junit.tests.extensions.ActiveTestTest_-SuccessTest><junit.framework.TestResult><fFailures></fFailures><fErrors></fErrors><fListeners></fListeners><fRunTests>472</fRunTests><fStop>false</fStop></junit.framework.TestResult></functionCall>
<functionCall><junit.tests.extensions.ActiveTestTest_-SuccessTest></junit.tests.extensions.ActiveTestTest_-SuccessTest><junit.framework.TestResult><fFailures></fFailures><fErrors></fErrors><fListeners></fListeners><fRunTests>473</fRunTests><fStop>false</fStop></junit.framework.TestResult></functionCall>
<functionCall><junit.tests.extensions.ActiveTestTest_-SuccessTest></junit.tests.extensions.ActiveTestTest_-SuccessTest><junit.framework.TestResult><fFailures></fFailures><fErrors></fErrors><fListeners></fListeners><fRunTests>474</fRunTests><fStop>false</fStop></junit.framework.TestResult></functionCall>
<functionCall><junit.tests.extensions.ActiveTestTest_-SuccessTest></junit.tests.extensions.ActiveTestTest_-SuccessTest><junit.framework.TestResult><fFailures></fFailures><fErrors></fErrors><fListeners></fListeners><fRunTests>475</fRunTests><fStop>false</fStop></junit.framework.TestResult></functionCall>
<functionCall><junit.tests.extensions.ActiveTestTest_-SuccessTest></junit.tests.extensions.ActiveTestTest_-SuccessTest><junit.framework.TestResult><fFailures></fFailures><fErrors></fErrors><fListeners></fListeners><fRunTests>476</fRunTests><fStop>false</fStop></junit.framework.TestResult></functionCall>
<functionCall><junit.tests.extensions.ActiveTestTest_-SuccessTest></junit.tests.extensions.ActiveTestTest_-SuccessTest><junit.framework.TestResult><fFailures></fFailures><fErrors></fErrors><fListeners></fListeners><fRunTests>477</fRunTests><fStop>false</fStop></junit.framework.TestResult></functionCall>
<functionCall><junit.tests.extensions.ActiveTestTest_-SuccessTest></junit.tests.extensions.ActiveTestTest_-SuccessTest><junit.framework.TestResult><fFailures></fFailures><fErrors></fErrors><fListeners></fListeners><fRunTests>478</fRunTests><fStop>false</fStop></junit.framework.TestResult></functionCall>
<functionCall><junit.tests.extensions.ActiveTestTest_-SuccessTest></junit.tests.extensions.ActiveTestTest_-SuccessTest><junit.framework.TestResult><fFailures></fFailures><fErrors></fErrors><fListeners></fListeners><fRunTests>479</fRunTests><fStop>false</fStop></junit.framework.TestResult></functionCall>
<functionCall><junit.tests.extensions.ActiveTestTest_-SuccessTest></junit.tests.extensions.ActiveTestTest_-SuccessTest><junit.framework.TestResult><fFailures></fFailures><fErrors></fErrors><fListeners></fListeners><fRunTests>480</fRunTests><fStop>false</fStop></junit.framework.TestResult></functionCall>
<functionCall><junit.tests.extensions.ActiveTestTest_-SuccessTest></junit.tests.extensions.ActiveTestTest_-SuccessTest><junit.framework.TestResult><fFailures></fFailures><fErrors></fErrors><fListeners></fListeners><fRunTests>481</fRunTests><fStop>false</fStop></junit.framework.TestResult></functionCall>
<functionCall><junit.tests.extensions.ActiveTestTest_-SuccessTest></junit.tests.extensions.ActiveTestTest_-SuccessTest><junit.framework.TestResult><fFailures></fFailures><fErrors></fErrors><fListeners></fListeners><fRunTests>482</fRunTests><fStop>false</fStop></junit.framework.TestResult></functionCall>
<functionCall><junit.tests.extensions.ActiveTestTest_-SuccessTest></junit.tests.extensions.ActiveTestTest_-SuccessTest><junit.framework.TestResult><fFailures></fFailures><fErrors></fErrors><fListeners></fListeners><fRunTests>483</fRunTests><fStop>false</fStop></junit.framework.TestResult></functionCall>
<functionCall><junit.tests.extensions.ActiveTestTest_-SuccessTest></junit.tests.extensions.ActiveTestTest_-SuccessTest><junit.framework.TestResult><fFailures></fFailures><fErrors></fErrors><fListeners></fListeners><fRunTests>484</fRunTests><fStop>false</fStop></junit.framework.TestResult></functionCall>
<functionCall><junit.tests.extensions.ActiveTestTest_-SuccessTest></junit.tests.extensions.ActiveTestTest_-SuccessTest><junit.framework.TestResult><fFailures></fFailures><fErrors></fErrors><fListeners></fListeners><fRunTests>485</fRunTests><fStop>false</fStop></junit.framework.TestResult></functionCall>
<functionCall><junit.tests.extensions.ActiveTestTest_-SuccessTest></junit.tests.extensions.ActiveTestTest_-SuccessTest><junit.framework.TestResult><fFailures></fFailures><fErrors></fErrors><fListeners></fListeners><fRunTests>486</fRunTests><fStop>false</fStop></junit.framework.TestResult></functionCall>
<functionCall><junit.tests.extensions.ActiveTestTest_-SuccessTest></junit.tests.extensions.ActiveTestTest_-SuccessTest><junit.framework.TestResult><fFailures></fFailures><fErrors></fErrors><fListeners></fListeners><fRunTests>487</fRunTests><fStop>false</fStop></junit.framework.TestResult></functionCall>
<functionCall><junit.tests.extensions.ActiveTestTest_-SuccessTest></junit.tests.extensions.ActiveTestTest_-SuccessTest><junit.framework.TestResult><fFailures></fFailures><fErrors></fErrors><fListeners></fListeners><fRunTests>488</fRunTests><fStop>false</fStop></junit.framework.TestResult></functionCall>
<functionCall><junit.tests.extensions.ActiveTestTest_-SuccessTest></junit.tests.extensions.ActiveTestTest_-SuccessTest><junit.framework.TestResult><fFailures></fFailures><fErrors></fErrors><fListeners></fListeners><fRunTests>489</fRunTests><fStop>false</fStop></junit.framework.TestResult></functionCall>
<functionCall><junit.tests.extensions.ActiveTestTest_-SuccessTest></junit.tests.extensions.ActiveTestTest_-SuccessTest><junit.framework.TestResult><fFailures></fFailures><fErrors></fErrors><fListeners></fListeners><fRunTests>490</fRunTests><fStop>false</fStop></junit.framework.TestResult></functionCall>
<functionCall><junit.tests.extensions.ActiveTestTest_-SuccessTest></junit.tests.extensions.ActiveTestTest_-SuccessTest><junit.framework.TestResult><fFailures></fFailures><fErrors></fErrors><fListeners></fListeners><fRunTests>491</fRunTests><fStop>false</fStop></junit.framework.TestResult></functionCall>
<functionCall><junit.tests.extensions.ActiveTestTest_-SuccessTest></junit.tests.extensions.ActiveTestTest_-SuccessTest><junit.framework.TestResult><fFailures></fFailures><fErrors></fErrors><fListeners></fListeners><fRunTests>492</fRunTests><fStop>false</fStop></junit.framework.TestResult></functionCall>
<functionCall><junit.tests.extensions.ActiveTestTest_-SuccessTest></junit.tests.extensions.ActiveTestTest_-SuccessTest><junit.framework.TestResult><fFailures></fFailures><fErrors></fErrors><fListeners></fListeners><fRunTests>493</fRunTests><fStop>false</fStop></junit.framework.TestResult></functionCall>
<functionCall><junit.tests.extensions.ActiveTestTest_-SuccessTest></junit.tests.extensions.ActiveTestTest_-SuccessTest><junit.framework.TestResult><fFailures></fFailures><fErrors></fErrors><fListeners></fListeners><fRunTests>494</fRunTests><fStop>false</fStop></junit.framework.TestResult></functionCall>
<functionCall><junit.tests.extensions.ActiveTestTest_-SuccessTest></junit.tests.extensions.ActiveTestTest_-SuccessTest><junit.framework.TestResult><fFailures></fFailures><fErrors></fErrors><fListeners></fListeners><fRunTests>495</fRunTests><fStop>false</fStop></junit.framework.TestResult></functionCall>
<functionCall><junit.tests.extensions.ActiveTestTest_-SuccessTest></junit.tests.extensions.ActiveTestTest_-SuccessTest><junit.framework.TestResult><fFailures></fFailures><fErrors></fErrors><fListeners></fListeners><fRunTests>496</fRunTests><fStop>false</fStop></junit.framework.TestResult></functionCall>
<functionCall><junit.tests.extensions.ActiveTestTest_-SuccessTest></junit.tests.extensions.ActiveTestTest_-SuccessTest><junit.framework.TestResult><fFailures></fFailures><fErrors></fErrors><fListeners></fListeners><fRunTests>497</fRunTests><fStop>false</fStop></junit.framework.TestResult></functionCall>
<functionCall><junit.tests.extensions.ActiveTestTest_-SuccessTest></junit.tests.extensions.ActiveTestTest_-SuccessTest><junit.framework.TestResult><fFailures></fFailures><fErrors></fErrors><fListeners></fListeners><fRunTests>498</fRunTests><fStop>false</fStop></junit.framework.TestResult></functionCall>
<functionCall><junit.tests.extensions.ActiveTestTest_-SuccessTest></junit.tests.extensions.ActiveTestTest_-SuccessTest><junit.framework.TestResult><fFailures></fFailures><fErrors></fErrors><fListeners></fListeners><fRunTests>499</fRunTests><fStop>false</fStop></junit.framework.TestResult></functionCall>
<functionCall><junit.tests.extensions.ActiveTestTest_-SuccessTest></junit.tests.extensions.ActiveTestTest_-SuccessTest><junit.framework.TestResult><fFailures></fFailures><fErrors></fErrors><fListeners></fListeners><fRunTests>0</fRunTests><fStop>false</fStop></junit.framework.TestResult></functionCall>
<functionCall><junit.tests.extensions.ActiveTestTest_-SuccessTest></junit.tests.extensions.ActiveTestTest_-SuccessTest><junit.framework.TestResult><fFailures></fFailures><fErrors></fErrors><fListeners></fListeners><fRunTests>1</fRunTests><fStop>false</fStop></junit.framework.TestResult></functionCall>
<functionCall><junit.tests.extensions.ActiveTestTest_-SuccessTest></junit.tests.extensions.ActiveTestTest_-SuccessTest><junit.framework.TestResult><fFailures></fFailures><fErrors></fErrors><fListeners></fListeners><fRunTests>2</fRunTests><fStop>false</fStop></junit.framework.TestResult></functionCall>
<functionCall><junit.tests.extensions.ActiveTestTest_-SuccessTest></junit.tests.extensions.ActiveTestTest_-SuccessTest><junit.framework.TestResult><fFailures></fFailures><fErrors></fErrors><fListeners></fListeners><fRunTests>3</fRunTests><fStop>false</fStop></junit.framework.TestResult></functionCall>
<functionCall><junit.tests.extensions.ActiveTestTest_-SuccessTest></junit.tests.extensions.ActiveTestTest_-SuccessTest><junit.framework.TestResult><fFailures></fFailures><fErrors></fErrors><fListeners></fListeners><fRunTests>4</fRunTests><fStop>false</fStop></junit.framework.TestResult></functionCall>
<functionCall><junit.tests.extensions.ActiveTestTest_-SuccessTest></junit.tests.extensions.ActiveTestTest_-SuccessTest><junit.framework.TestResult><fFailures></fFailures><fErrors></fErrors><fListeners></fListeners><fRunTests>5</fRunTests><fStop>false</fStop></junit.framework.TestResult></functionCall>
<functionCall><junit.tests.extensions.ActiveTestTest_-SuccessTest></junit.tests.extensions.ActiveTestTest_-SuccessTest><junit.framework.TestResult><fFailures></fFailures><fErrors></fErrors><fListeners></fListeners><fRunTests>6</fRunTests><fStop>false</fStop></junit.framework.TestResult></functionCall>
<functionCall><junit.tests.extensions.ActiveTestTest_-SuccessTest></junit.tests.extensions.ActiveTestTest_-SuccessTest><junit.framework.TestResult><fFailures></fFailures><fErrors></fErrors><fListeners></fListeners><fRunTests>7</fRunTests><fStop>false</fStop></junit.framework.TestResult></functionCall>
<functionCall><junit.tests.extensions.ActiveTestTest_-SuccessTest></junit.tests.extensions.ActiveTestTest_-SuccessTest><junit.framework.TestResult><fFailures></fFailures><fErrors></fErrors><fListeners></fListeners><fRunTests>8</fRunTests><fStop>false</fStop></junit.framework.TestResult></functionCall>
<functionCall><junit.tests.extensions.ActiveTestTest_-SuccessTest></junit.tests.extensions.ActiveTestTest_-SuccessTest><junit.framework.TestResult><fFailures></fFailures><fErrors></fErrors><fListeners></fListeners><fRunTests>9</fRunTests><fStop>false</fStop></junit.framework.TestResult></functionCall>
<functionCall><junit.tests.extensions.ActiveTestTest_-SuccessTest></junit.tests.extensions.ActiveTestTest_-SuccessTest><junit.framework.TestResult><fFailures></fFailures><fErrors></fErrors><fListeners></fListeners><fRunTests>10</fRunTests><fStop>false</fStop></junit.framework.TestResult></functionCall>
<functionCall><junit.tests.extensions.ActiveTestTest_-SuccessTest></junit.tests.extensions.ActiveTestTest_-SuccessTest><junit.framework.TestResult><fFailures></fFailures><fErrors></fErrors><fListeners></fListeners><fRunTests>11</fRunTests><fStop>false</fStop></junit.framework.TestResult></functionCall>
<functionCall><junit.tests.extensions.ActiveTestTest_-SuccessTest></junit.tests.extensions.ActiveTestTest_-SuccessTest><junit.framework.TestResult><fFailures></fFailures><fErrors></fErrors><fListeners></fListeners><fRunTests>12</fRunTests><fStop>false</fStop></junit.framework.TestResult></functionCall>
<functionCall><junit.tests.extensions.ActiveTestTest_-SuccessTest></junit.tests.extensions.ActiveTestTest_-SuccessTest><junit.framework.TestResult><fFailures></fFailures><fErrors></fErrors><fListeners></fListeners><fRunTests>13</fRunTests><fStop>false</fStop></junit.framework.TestResult></functionCall>
<functionCall><junit.tests.extensions.ActiveTestTest_-SuccessTest></junit.tests.extensions.ActiveTestTest_-SuccessTest><junit.framework.TestResult><fFailures></fFailures><fErrors></fErrors><fListeners></fListeners><fRunTests>14</fRunTests><fStop>false</fStop></junit.framework.TestResult></functionCall>
<functionCall><junit.tests.extensions.ActiveTestTest_-SuccessTest></junit.tests.extensions.ActiveTestTest_-SuccessTest><junit.framework.TestResult><fFailures></fFailures><fErrors></fErrors><fListeners></fListeners><fRunTests>15</fRunTests><fStop>false</fStop></junit.framework.TestResult></functionCall>
<functionCall><junit.tests.extensions.ActiveTestTest_-SuccessTest></junit.tests.extensions.ActiveTestTest_-SuccessTest><junit.framework.TestResult><fFailures></fFailures><fErrors></fErrors><fListeners></fListeners><fRunTests>16</fRunTests><fStop>false</fStop></junit.framework.TestResult></functionCall>
<functionCall><junit.tests.extensions.ActiveTestTest_-SuccessTest></junit.tests.extensions.ActiveTestTest_-SuccessTest><junit.framework.TestResult><fFailures></fFailures><fErrors></fErrors><fListeners></fListeners><fRunTests>17</fRunTests><fStop>false</fStop></junit.framework.TestResult></functionCall>
<functionCall><junit.tests.extensions.ActiveTestTest_-SuccessTest></junit.tests.extensions.ActiveTestTest_-SuccessTest><junit.framework.TestResult><fFailures></fFailures><fErrors></fErrors><fListeners></fListeners><fRunTests>18</fRunTests><fStop>false</fStop></junit.framework.TestResult></functionCall>
<functionCall><junit.tests.extensions.ActiveTestTest_-SuccessTest></junit.tests.extensions.ActiveTestTest_-SuccessTest><junit.framework.TestResult><fFailures></fFailures><fErrors></fErrors><fListeners></fListeners><fRunTests>19</fRunTests><fStop>false</fStop></junit.framework.TestResult></functionCall>
<functionCall><junit.tests.extensions.ActiveTestTest_-SuccessTest></junit.tests.extensions.ActiveTestTest_-SuccessTest><junit.framework.TestResult><fFailures></fFailures><fErrors></fErrors><fListeners></fListeners><fRunTests>20</fRunTests><fStop>false</fStop></junit.framework.TestResult></functionCall>
<functionCall><junit.tests.extensions.ActiveTestTest_-SuccessTest></junit.tests.extensions.ActiveTestTest_-SuccessTest><junit.framework.TestResult><fFailures></fFailures><fErrors></fErrors><fListeners></fListeners><fRunTests>21</fRunTests><fStop>false</fStop></junit.framework.TestResult></functionCall>
<functionCall><junit.tests.extensions.ActiveTestTest_-SuccessTest></junit.tests.extensions.ActiveTestTest_-SuccessTest><junit.framework.TestResult><fFailures></fFailures><fErrors></fErrors><fListeners></fListeners><fRunTests>22</fRunTests><fStop>false</fStop></junit.framework.TestResult></functionCall>
<functionCall><junit.tests.extensions.ActiveTestTest_-SuccessTest></junit.tests.extensions.ActiveTestTest_-SuccessTest><junit.framework.TestResult><fFailures></fFailures><fErrors></fErrors><fListeners></fListeners><fRunTests>23</fRunTests><fStop>false</fStop></junit.framework.TestResult></functionCall>
<functionCall><junit.tests.extensions.ActiveTestTest_-SuccessTest></junit.tests.extensions.ActiveTestTest_-SuccessTest><junit.framework.TestResult><fFailures></fFailures><fErrors></fErrors><fListeners></fListeners><fRunTests>24</fRunTests><fStop>false</fStop></junit.framework.TestResult></functionCall>
<functionCall><junit.tests.extensions.ActiveTestTest_-SuccessTest></junit.tests.extensions.ActiveTestTest_-SuccessTest><junit.framework.TestResult><fFailures></fFailures><fErrors></fErrors><fListeners></fListeners><fRunTests>25</fRunTests><fStop>false</fStop></junit.framework.TestResult></functionCall>
<functionCall><junit.tests.extensions.ActiveTestTest_-SuccessTest></junit.tests.extensions.ActiveTestTest_-SuccessTest><junit.framework.TestResult><fFailures></fFailures><fErrors></fErrors><fListeners></fListeners><fRunTests>26</fRunTests><fStop>false</fStop></junit.framework.TestResult></functionCall>
<functionCall><junit.tests.extensions.ActiveTestTest_-SuccessTest></junit.tests.extensions.ActiveTestTest_-SuccessTest><junit.framework.TestResult><fFailures></fFailures><fErrors></fErrors><fListeners></fListeners><fRunTests>27</fRunTests><fStop>false</fStop></junit.framework.TestResult></functionCall>
<functionCall><junit.tests.extensions.ActiveTestTest_-SuccessTest></junit.tests.extensions.ActiveTestTest_-SuccessTest><junit.framework.TestResult><fFailures></fFailures><fErrors></fErrors><fListeners></fListeners><fRunTests>28</fRunTests><fStop>false</fStop></junit.framework.TestResult></functionCall>
<functionCall><junit.tests.extensions.ActiveTestTest_-SuccessTest></junit.tests.extensions.ActiveTestTest_-SuccessTest><junit.framework.TestResult><fFailures></fFailures><fErrors></fErrors><fListeners></fListeners><fRunTests>29</fRunTests><fStop>false</fStop></junit.framework.TestResult></functionCall>
<functionCall><junit.tests.extensions.ActiveTestTest_-SuccessTest></junit.tests.extensions.ActiveTestTest_-SuccessTest><junit.framework.TestResult><fFailures></fFailures><fErrors></fErrors><fListeners></fListeners><fRunTests>30</fRunTests><fStop>false</fStop></junit.framework.TestResult></functionCall>
<functionCall><junit.tests.extensions.ActiveTestTest_-SuccessTest></junit.tests.extensions.ActiveTestTest_-SuccessTest><junit.framework.TestResult><fFailures></fFailures><fErrors></fErrors><fListeners></fListeners><fRunTests>31</fRunTests><fStop>false</fStop></junit.framework.TestResult></functionCall>
<functionCall><junit.tests.extensions.ActiveTestTest_-SuccessTest></junit.tests.extensions.ActiveTestTest_-SuccessTest><junit.framework.TestResult><fFailures></fFailures><fErrors></fErrors><fListeners></fListeners><fRunTests>32</fRunTests><fStop>false</fStop></junit.framework.TestResult></functionCall>
<functionCall><junit.tests.extensions.ActiveTestTest_-SuccessTest></junit.tests.extensions.ActiveTestTest_-SuccessTest><junit.framework.TestResult><fFailures></fFailures><fErrors></fErrors><fListeners></fListeners><fRunTests>33</fRunTests><fStop>false</fStop></junit.framework.TestResult></functionCall>
<functionCall><junit.tests.extensions.ActiveTestTest_-SuccessTest></junit.tests.extensions.ActiveTestTest_-SuccessTest><junit.framework.TestResult><fFailures></fFailures><fErrors></fErrors><fListeners></fListeners><fRunTests>34</fRunTests><fStop>false</fStop></junit.framework.TestResult></functionCall>
<functionCall><junit.tests.extensions.ActiveTestTest_-SuccessTest></junit.tests.extensions.ActiveTestTest_-SuccessTest><junit.framework.TestResult><fFailures></fFailures><fErrors></fErrors><fListeners></fListeners><fRunTests>35</fRunTests><fStop>false</fStop></junit.framework.TestResult></functionCall>
<functionCall><junit.tests.extensions.ActiveTestTest_-SuccessTest></junit.tests.extensions.ActiveTestTest_-SuccessTest><junit.framework.TestResult><fFailures></fFailures><fErrors></fErrors><fListeners></fListeners><fRunTests>36</fRunTests><fStop>false</fStop></junit.framework.TestResult></functionCall>
<functionCall><junit.tests.extensions.ActiveTestTest_-SuccessTest></junit.tests.extensions.ActiveTestTest_-SuccessTest><junit.framework.TestResult><fFailures></fFailures><fErrors></fErrors><fListeners></fListeners><fRunTests>37</fRunTests><fStop>false</fStop></junit.framework.TestResult></functionCall>
<functionCall><junit.tests.extensions.ActiveTestTest_-SuccessTest></junit.tests.extensions.ActiveTestTest_-SuccessTest><junit.framework.TestResult><fFailures></fFailures><fErrors></fErrors><fListeners></fListeners><fRunTests>38</fRunTests><fStop>false</fStop></junit.framework.TestResult></functionCall>
<functionCall><junit.tests.extensions.ActiveTestTest_-SuccessTest></junit.tests.extensions.ActiveTestTest_-SuccessTest><junit.framework.TestResult><fFailures></fFailures><fErrors></fErrors><fListeners></fListeners><fRunTests>39</fRunTests><fStop>false</fStop></junit.framework.TestResult></functionCall>
<functionCall><junit.tests.extensions.ActiveTestTest_-SuccessTest></junit.tests.extensions.ActiveTestTest_-SuccessTest><junit.framework.TestResult><fFailures></fFailures><fErrors></fErrors><fListeners></fListeners><fRunTests>40</fRunTests><fStop>false</fStop></junit.framework.TestResult></functionCall>
<functionCall><junit.tests.extensions.ActiveTestTest_-SuccessTest></junit.tests.extensions.ActiveTestTest_-SuccessTest><junit.framework.TestResult><fFailures></fFailures><fErrors></fErrors><fListeners></fListeners><fRunTests>41</fRunTests><fStop>false</fStop></junit.framework.TestResult></functionCall>
<functionCall><junit.tests.extensions.ActiveTestTest_-SuccessTest></junit.tests.extensions.ActiveTestTest_-SuccessTest><junit.framework.TestResult><fFailures></fFailures><fErrors></fErrors><fListeners></fListeners><fRunTests>42</fRunTests><fStop>false</fStop></junit.framework.TestResult></functionCall>
<functionCall><junit.tests.extensions.ActiveTestTest_-SuccessTest></junit.tests.extensions.ActiveTestTest_-SuccessTest><junit.framework.TestResult><fFailures></fFailures><fErrors></fErrors><fListeners></fListeners><fRunTests>43</fRunTests><fStop>false</fStop></junit.framework.TestResult></functionCall>
<functionCall><junit.tests.extensions.ActiveTestTest_-SuccessTest></junit.tests.extensions.ActiveTestTest_-SuccessTest><junit.framework.TestResult><fFailures></fFailures><fErrors></fErrors><fListeners></fListeners><fRunTests>44</fRunTests><fStop>false</fStop></junit.framework.TestResult></functionCall>
<functionCall><junit.tests.extensions.ActiveTestTest_-SuccessTest></junit.tests.extensions.ActiveTestTest_-SuccessTest><junit.framework.TestResult><fFailures></fFailures><fErrors></fErrors><fListeners></fListeners><fRunTests>45</fRunTests><fStop>false</fStop></junit.framework.TestResult></functionCall>
<functionCall><junit.tests.extensions.ActiveTestTest_-SuccessTest></junit.tests.extensions.ActiveTestTest_-SuccessTest><junit.framework.TestResult><fFailures></fFailures><fErrors></fErrors><fListeners></fListeners><fRunTests>46</fRunTests><fStop>false</fStop></junit.framework.TestResult></functionCall>
<functionCall><junit.tests.extensions.ActiveTestTest_-SuccessTest></junit.tests.extensions.ActiveTestTest_-SuccessTest><junit.framework.TestResult><fFailures></fFailures><fErrors></fErrors><fListeners></fListeners><fRunTests>47</fRunTests><fStop>false</fStop></junit.framework.TestResult></functionCall>
<functionCall><junit.tests.extensions.ActiveTestTest_-SuccessTest></junit.tests.extensions.ActiveTestTest_-SuccessTest><junit.framework.TestResult><fFailures></fFailures><fErrors></fErrors><fListeners></fListeners><fRunTests>48</fRunTests><fStop>false</fStop></junit.framework.TestResult></functionCall>
<functionCall><junit.tests.extensions.ActiveTestTest_-SuccessTest></junit.tests.extensions.ActiveTestTest_-SuccessTest><junit.framework.TestResult><fFailures></fFailures><fErrors></fErrors><fListeners></fListeners><fRunTests>49</fRunTests><fStop>false</fStop></junit.framework.TestResult></functionCall>
<functionCall><junit.tests.extensions.ActiveTestTest_-SuccessTest></junit.tests.extensions.ActiveTestTest_-SuccessTest><junit.framework.TestResult><fFailures></fFailures><fErrors></fErrors><fListeners></fListeners><fRunTests>50</fRunTests><fStop>false</fStop></junit.framework.TestResult></functionCall>
<functionCall><junit.tests.extensions.ActiveTestTest_-SuccessTest></junit.tests.extensions.ActiveTestTest_-SuccessTest><junit.framework.TestResult><fFailures></fFailures><fErrors></fErrors><fListeners></fListeners><fRunTests>51</fRunTests><fStop>false</fStop></junit.framework.TestResult></functionCall>
<functionCall><junit.tests.extensions.ActiveTestTest_-SuccessTest></junit.tests.extensions.ActiveTestTest_-SuccessTest><junit.framework.TestResult><fFailures></fFailures><fErrors></fErrors><fListeners></fListeners><fRunTests>52</fRunTests><fStop>false</fStop></junit.framework.TestResult></functionCall>
<functionCall><junit.tests.extensions.ActiveTestTest_-SuccessTest></junit.tests.extensions.ActiveTestTest_-SuccessTest><junit.framework.TestResult><fFailures></fFailures><fErrors></fErrors><fListeners></fListeners><fRunTests>53</fRunTests><fStop>false</fStop></junit.framework.TestResult></functionCall>
<functionCall><junit.tests.extensions.ActiveTestTest_-SuccessTest></junit.tests.extensions.ActiveTestTest_-SuccessTest><junit.framework.TestResult><fFailures></fFailures><fErrors></fErrors><fListeners></fListeners><fRunTests>54</fRunTests><fStop>false</fStop></junit.framework.TestResult></functionCall>
<functionCall><junit.tests.extensions.ActiveTestTest_-SuccessTest></junit.tests.extensions.ActiveTestTest_-SuccessTest><junit.framework.TestResult><fFailures></fFailures><fErrors></fErrors><fListeners></fListeners><fRunTests>55</fRunTests><fStop>false</fStop></junit.framework.TestResult></functionCall>
<functionCall><junit.tests.extensions.ActiveTestTest_-SuccessTest></junit.tests.extensions.ActiveTestTest_-SuccessTest><junit.framework.TestResult><fFailures></fFailures><fErrors></fErrors><fListeners></fListeners><fRunTests>56</fRunTests><fStop>false</fStop></junit.framework.TestResult></functionCall>
<functionCall><junit.tests.extensions.ActiveTestTest_-SuccessTest></junit.tests.extensions.ActiveTestTest_-SuccessTest><junit.framework.TestResult><fFailures></fFailures><fErrors></fErrors><fListeners></fListeners><fRunTests>57</fRunTests><fStop>false</fStop></junit.framework.TestResult></functionCall>
<functionCall><junit.tests.extensions.ActiveTestTest_-SuccessTest></junit.tests.extensions.ActiveTestTest_-SuccessTest><junit.framework.TestResult><fFailures></fFailures><fErrors></fErrors><fListeners></fListeners><fRunTests>58</fRunTests><fStop>false</fStop></junit.framework.TestResult></functionCall>
<functionCall><junit.tests.extensions.ActiveTestTest_-SuccessTest></junit.tests.extensions.ActiveTestTest_-SuccessTest><junit.framework.TestResult><fFailures></fFailures><fErrors></fErrors><fListeners></fListeners><fRunTests>59</fRunTests><fStop>false</fStop></junit.framework.TestResult></functionCall>
<functionCall><junit.tests.extensions.ActiveTestTest_-SuccessTest></junit.tests.extensions.ActiveTestTest_-SuccessTest><junit.framework.TestResult><fFailures></fFailures><fErrors></fErrors><fListeners></fListeners><fRunTests>60</fRunTests><fStop>false</fStop></junit.framework.TestResult></functionCall>
<functionCall><junit.tests.extensions.ActiveTestTest_-SuccessTest></junit.tests.extensions.ActiveTestTest_-SuccessTest><junit.framework.TestResult><fFailures></fFailures><fErrors></fErrors><fListeners></fListeners><fRunTests>61</fRunTests><fStop>false</fStop></junit.framework.TestResult></functionCall>
<functionCall><junit.tests.extensions.ActiveTestTest_-SuccessTest></junit.tests.extensions.ActiveTestTest_-SuccessTest><junit.framework.TestResult><fFailures></fFailures><fErrors></fErrors><fListeners></fListeners><fRunTests>62</fRunTests><fStop>false</fStop></junit.framework.TestResult></functionCall>
<functionCall><junit.tests.extensions.ActiveTestTest_-SuccessTest></junit.tests.extensions.ActiveTestTest_-SuccessTest><junit.framework.TestResult><fFailures></fFailures><fErrors></fErrors><fListeners></fListeners><fRunTests>63</fRunTests><fStop>false</fStop></junit.framework.TestResult></functionCall>
<functionCall><junit.tests.extensions.ActiveTestTest_-SuccessTest></junit.tests.extensions.ActiveTestTest_-SuccessTest><junit.framework.TestResult><fFailures></fFailures><fErrors></fErrors><fListeners></fListeners><fRunTests>64</fRunTests><fStop>false</fStop></junit.framework.TestResult></functionCall>
<functionCall><junit.tests.extensions.ActiveTestTest_-SuccessTest></junit.tests.extensions.ActiveTestTest_-SuccessTest><junit.framework.TestResult><fFailures></fFailures><fErrors></fErrors><fListeners></fListeners><fRunTests>65</fRunTests><fStop>false</fStop></junit.framework.TestResult></functionCall>
<functionCall><junit.tests.extensions.ActiveTestTest_-SuccessTest></junit.tests.extensions.ActiveTestTest_-SuccessTest><junit.framework.TestResult><fFailures></fFailures><fErrors></fErrors><fListeners></fListeners><fRunTests>66</fRunTests><fStop>false</fStop></junit.framework.TestResult></functionCall>
<functionCall><junit.tests.extensions.ActiveTestTest_-SuccessTest></junit.tests.extensions.ActiveTestTest_-SuccessTest><junit.framework.TestResult><fFailures></fFailures><fErrors></fErrors><fListeners></fListeners><fRunTests>67</fRunTests><fStop>false</fStop></junit.framework.TestResult></functionCall>
<functionCall><junit.tests.extensions.ActiveTestTest_-SuccessTest></junit.tests.extensions.ActiveTestTest_-SuccessTest><junit.framework.TestResult><fFailures></fFailures><fErrors></fErrors><fListeners></fListeners><fRunTests>68</fRunTests><fStop>false</fStop></junit.framework.TestResult></functionCall>
<functionCall><junit.tests.extensions.ActiveTestTest_-SuccessTest></junit.tests.extensions.ActiveTestTest_-SuccessTest><junit.framework.TestResult><fFailures></fFailures><fErrors></fErrors><fListeners></fListeners><fRunTests>69</fRunTests><fStop>false</fStop></junit.framework.TestResult></functionCall>
<functionCall><junit.tests.extensions.ActiveTestTest_-SuccessTest></junit.tests.extensions.ActiveTestTest_-SuccessTest><junit.framework.TestResult><fFailures></fFailures><fErrors></fErrors><fListeners></fListeners><fRunTests>70</fRunTests><fStop>false</fStop></junit.framework.TestResult></functionCall>
<functionCall><junit.tests.extensions.ActiveTestTest_-SuccessTest></junit.tests.extensions.ActiveTestTest_-SuccessTest><junit.framework.TestResult><fFailures></fFailures><fErrors></fErrors><fListeners></fListeners><fRunTests>71</fRunTests><fStop>false</fStop></junit.framework.TestResult></functionCall>
<functionCall><junit.tests.extensions.ActiveTestTest_-SuccessTest></junit.tests.extensions.ActiveTestTest_-SuccessTest><junit.framework.TestResult><fFailures></fFailures><fErrors></fErrors><fListeners></fListeners><fRunTests>72</fRunTests><fStop>false</fStop></junit.framework.TestResult></functionCall>
<functionCall><junit.tests.extensions.ActiveTestTest_-SuccessTest></junit.tests.extensions.ActiveTestTest_-SuccessTest><junit.framework.TestResult><fFailures></fFailures><fErrors></fErrors><fListeners></fListeners><fRunTests>73</fRunTests><fStop>false</fStop></junit.framework.TestResult></functionCall>
<functionCall><junit.tests.extensions.ActiveTestTest_-SuccessTest></junit.tests.extensions.ActiveTestTest_-SuccessTest><junit.framework.TestResult><fFailures></fFailures><fErrors></fErrors><fListeners></fListeners><fRunTests>74</fRunTests><fStop>false</fStop></junit.framework.TestResult></functionCall>
<functionCall><junit.tests.extensions.ActiveTestTest_-SuccessTest></junit.tests.extensions.ActiveTestTest_-SuccessTest><junit.framework.TestResult><fFailures></fFailures><fErrors></fErrors><fListeners></fListeners><fRunTests>75</fRunTests><fStop>false</fStop></junit.framework.TestResult></functionCall>
<functionCall><junit.tests.extensions.ActiveTestTest_-SuccessTest></junit.tests.extensions.ActiveTestTest_-SuccessTest><junit.framework.TestResult><fFailures></fFailures><fErrors></fErrors><fListeners></fListeners><fRunTests>76</fRunTests><fStop>false</fStop></junit.framework.TestResult></functionCall>
<functionCall><junit.tests.extensions.ActiveTestTest_-SuccessTest></junit.tests.extensions.ActiveTestTest_-SuccessTest><junit.framework.TestResult><fFailures></fFailures><fErrors></fErrors><fListeners></fListeners><fRunTests>77</fRunTests><fStop>false</fStop></junit.framework.TestResult></functionCall>
<functionCall><junit.tests.extensions.ActiveTestTest_-SuccessTest></junit.tests.extensions.ActiveTestTest_-SuccessTest><junit.framework.TestResult><fFailures></fFailures><fErrors></fErrors><fListeners></fListeners><fRunTests>78</fRunTests><fStop>false</fStop></junit.framework.TestResult></functionCall>
<functionCall><junit.tests.extensions.ActiveTestTest_-SuccessTest></junit.tests.extensions.ActiveTestTest_-SuccessTest><junit.framework.TestResult><fFailures></fFailures><fErrors></fErrors><fListeners></fListeners><fRunTests>79</fRunTests><fStop>false</fStop></junit.framework.TestResult></functionCall>
<functionCall><junit.tests.extensions.ActiveTestTest_-SuccessTest></junit.tests.extensions.ActiveTestTest_-SuccessTest><junit.framework.TestResult><fFailures></fFailures><fErrors></fErrors><fListeners></fListeners><fRunTests>80</fRunTests><fStop>false</fStop></junit.framework.TestResult></functionCall>
<functionCall><junit.tests.extensions.ActiveTestTest_-SuccessTest></junit.tests.extensions.ActiveTestTest_-SuccessTest><junit.framework.TestResult><fFailures></fFailures><fErrors></fErrors><fListeners></fListeners><fRunTests>81</fRunTests><fStop>false</fStop></junit.framework.TestResult></functionCall>
<functionCall><junit.tests.extensions.ActiveTestTest_-SuccessTest></junit.tests.extensions.ActiveTestTest_-SuccessTest><junit.framework.TestResult><fFailures></fFailures><fErrors></fErrors><fListeners></fListeners><fRunTests>82</fRunTests><fStop>false</fStop></junit.framework.TestResult></functionCall>
<functionCall><junit.tests.extensions.ActiveTestTest_-SuccessTest></junit.tests.extensions.ActiveTestTest_-SuccessTest><junit.framework.TestResult><fFailures></fFailures><fErrors></fErrors><fListeners></fListeners><fRunTests>83</fRunTests><fStop>false</fStop></junit.framework.TestResult></functionCall>
<functionCall><junit.tests.extensions.ActiveTestTest_-SuccessTest></junit.tests.extensions.ActiveTestTest_-SuccessTest><junit.framework.TestResult><fFailures></fFailures><fErrors></fErrors><fListeners></fListeners><fRunTests>84</fRunTests><fStop>false</fStop></junit.framework.TestResult></functionCall>
<functionCall><junit.tests.extensions.ActiveTestTest_-SuccessTest></junit.tests.extensions.ActiveTestTest_-SuccessTest><junit.framework.TestResult><fFailures></fFailures><fErrors></fErrors><fListeners></fListeners><fRunTests>85</fRunTests><fStop>false</fStop></junit.framework.TestResult></functionCall>
<functionCall><junit.tests.extensions.ActiveTestTest_-SuccessTest></junit.tests.extensions.ActiveTestTest_-SuccessTest><junit.framework.TestResult><fFailures></fFailures><fErrors></fErrors><fListeners></fListeners><fRunTests>86</fRunTests><fStop>false</fStop></junit.framework.TestResult></functionCall>
<functionCall><junit.tests.extensions.ActiveTestTest_-SuccessTest></junit.tests.extensions.ActiveTestTest_-SuccessTest><junit.framework.TestResult><fFailures></fFailures><fErrors></fErrors><fListeners></fListeners><fRunTests>87</fRunTests><fStop>false</fStop></junit.framework.TestResult></functionCall>
<functionCall><junit.tests.extensions.ActiveTestTest_-SuccessTest></junit.tests.extensions.ActiveTestTest_-SuccessTest><junit.framework.TestResult><fFailures></fFailures><fErrors></fErrors><fListeners></fListeners><fRunTests>88</fRunTests><fStop>false</fStop></junit.framework.TestResult></functionCall>
<functionCall><junit.tests.extensions.ActiveTestTest_-SuccessTest></junit.tests.extensions.ActiveTestTest_-SuccessTest><junit.framework.TestResult><fFailures></fFailures><fErrors></fErrors><fListeners></fListeners><fRunTests>89</fRunTests><fStop>false</fStop></junit.framework.TestResult></functionCall>
<functionCall><junit.tests.extensions.ActiveTestTest_-SuccessTest></junit.tests.extensions.ActiveTestTest_-SuccessTest><junit.framework.TestResult><fFailures></fFailures><fErrors></fErrors><fListeners></fListeners><fRunTests>90</fRunTests><fStop>false</fStop></junit.framework.TestResult></functionCall>
<functionCall><junit.tests.extensions.ActiveTestTest_-SuccessTest></junit.tests.extensions.ActiveTestTest_-SuccessTest><junit.framework.TestResult><fFailures></fFailures><fErrors></fErrors><fListeners></fListeners><fRunTests>91</fRunTests><fStop>false</fStop></junit.framework.TestResult></functionCall>
<functionCall><junit.tests.extensions.ActiveTestTest_-SuccessTest></junit.tests.extensions.ActiveTestTest_-SuccessTest><junit.framework.TestResult><fFailures></fFailures><fErrors></fErrors><fListeners></fListeners><fRunTests>92</fRunTests><fStop>false</fStop></junit.framework.TestResult></functionCall>
<functionCall><junit.tests.extensions.ActiveTestTest_-SuccessTest></junit.tests.extensions.ActiveTestTest_-SuccessTest><junit.framework.TestResult><fFailures></fFailures><fErrors></fErrors><fListeners></fListeners><fRunTests>93</fRunTests><fStop>false</fStop></junit.framework.TestResult></functionCall>
<functionCall><junit.tests.extensions.ActiveTestTest_-SuccessTest></junit.tests.extensions.ActiveTestTest_-SuccessTest><junit.framework.TestResult><fFailures></fFailures><fErrors></fErrors><fListeners></fListeners><fRunTests>94</fRunTests><fStop>false</fStop></junit.framework.TestResult></functionCall>
<functionCall><junit.tests.extensions.ActiveTestTest_-SuccessTest></junit.tests.extensions.ActiveTestTest_-SuccessTest><junit.framework.TestResult><fFailures></fFailures><fErrors></fErrors><fListeners></fListeners><fRunTests>95</fRunTests><fStop>false</fStop></junit.framework.TestResult></functionCall>
<functionCall><junit.tests.extensions.ActiveTestTest_-SuccessTest></junit.tests.extensions.ActiveTestTest_-SuccessTest><junit.framework.TestResult><fFailures></fFailures><fErrors></fErrors><fListeners></fListeners><fRunTests>96</fRunTests><fStop>false</fStop></junit.framework.TestResult></functionCall>
<functionCall><junit.tests.extensions.ActiveTestTest_-SuccessTest></junit.tests.extensions.ActiveTestTest_-SuccessTest><junit.framework.TestResult><fFailures></fFailures><fErrors></fErrors><fListeners></fListeners><fRunTests>97</fRunTests><fStop>false</fStop></junit.framework.TestResult></functionCall>
<functionCall><junit.tests.extensions.ActiveTestTest_-SuccessTest></junit.tests.extensions.ActiveTestTest_-SuccessTest><junit.framework.TestResult><fFailures></fFailures><fErrors></fErrors><fListeners></fListeners><fRunTests>98</fRunTests><fStop>false</fStop></junit.framework.TestResult></functionCall>
<functionCall><junit.tests.extensions.ActiveTestTest_-SuccessTest></junit.tests.extensions.ActiveTestTest_-SuccessTest><junit.framework.TestResult><fFailures></fFailures><fErrors></fErrors><fListeners></fListeners><fRunTests>99</fRunTests><fStop>false</fStop></junit.framework.TestResult></functionCall>
</start>